#
# There is insufficient memory for the Java Runtime Environment to continue.
# Native memory allocation (malloc) failed to allocate 1849296 bytes for Chunk::new
# Possible reasons:
#   The system is out of physical RAM or swap space
#   The process is running with CompressedOops enabled, and the Java Heap may be blocking the growth of the native heap
# Possible solutions:
#   Reduce memory load on the system
#   Increase physical memory or swap space
#   Check if swap backing store is full
#   Decrease Java heap size (-Xmx/-Xms)
#   Decrease number of Java threads
#   Decrease Java thread stack sizes (-Xss)
#   Set larger code cache with -XX:ReservedCodeCacheSize=
#   JVM is running with Unscaled Compressed Oops mode in which the Java heap is
#     placed in the first 4GB address space. The Java Heap base address is the
#     maximum limit for the native heap growth. Please use -XX:HeapBaseMinAddress
#     to set the Java Heap base and to place the Java Heap above 4GB virtual address.
# This output file may be truncated or incomplete.
#
#  Out of Memory Error (./src/hotspot/share/memory/arena.cpp:197), pid=16132, tid=16192
#
# JRE version: OpenJDK Runtime Environment (11.0.11+9) (build 11.0.11+9-b60-7590822)
# Java VM: OpenJDK 64-Bit Server VM (11.0.11+9-b60-7590822, mixed mode, tiered, compressed oops, g1 gc, windows-amd64)
# No core dump will be written. Minidumps are not enabled by default on client versions of Windows
#

---------------  S U M M A R Y ------------

Command Line: --add-opens=java.base/java.util=ALL-UNNAMED --add-opens=java.base/java.lang=ALL-UNNAMED --add-opens=java.base/java.lang.invoke=ALL-UNNAMED --add-opens=java.base/java.util=ALL-UNNAMED --add-opens=java.prefs/java.util.prefs=ALL-UNNAMED --add-opens=java.prefs/java.util.prefs=ALL-UNNAMED --add-opens=java.base/java.nio.charset=ALL-UNNAMED --add-opens=java.base/java.net=ALL-UNNAMED --add-opens=java.base/java.util.concurrent.atomic=ALL-UNNAMED -Xmx2048m -Dfile.encoding=UTF-8 -Duser.country=US -Duser.language=en -Duser.variant org.gradle.launcher.daemon.bootstrap.GradleDaemon 7.2

Host: Intel(R) Core(TM) i5-8250U CPU @ 1.60GHz, 8 cores, 7G,  Windows 10 , 64 bit Build 22000 (10.0.22000.434)
Time: Tue Feb 15 14:51:36 2022 Sri Lanka Standard Time elapsed time: 4.685896 seconds (0d 0h 0m 4s)

---------------  T H R E A D  ---------------

Current thread (0x0000012195435800):  JavaThread "C2 CompilerThread1" daemon [_thread_in_native, id=16192, stack(0x0000001821f00000,0x0000001822000000)]


Current CompileTask:
C2:   4685 3216   !   4       java.net.URLClassLoader$1::run (63 bytes)

Stack: [0x0000001821f00000,0x0000001822000000]
Native frames: (J=compiled Java code, j=interpreted, Vv=VM code, C=native code)
V  [jvm.dll+0x5f214a]
V  [jvm.dll+0x726fb5]
V  [jvm.dll+0x7285cd]
V  [jvm.dll+0x728c83]
V  [jvm.dll+0x243278]
V  [jvm.dll+0xbc53c]
V  [jvm.dll+0xbca3c]
V  [jvm.dll+0x353e7d]
V  [jvm.dll+0x321893]
V  [jvm.dll+0x320d8a]
V  [jvm.dll+0x1fc1e2]
V  [jvm.dll+0x1fb3d4]
V  [jvm.dll+0x183d6c]
V  [jvm.dll+0x209a57]
V  [jvm.dll+0x2082a1]
V  [jvm.dll+0x6ef58f]
V  [jvm.dll+0x6e80b5]
V  [jvm.dll+0x5f1036]
C  [ucrtbase.dll+0x26c0c]
C  [KERNEL32.DLL+0x154e0]
C  [ntdll.dll+0x485b]


---------------  P R O C E S S  ---------------

Threads class SMR info:
_java_thread_list=0x0000012198e314a0, length=33, elements={
0x00000121f6586000, 0x00000121ff9a1800, 0x00000121ff9ac800, 0x00000121ff9bf800,
0x00000121ff9c0800, 0x00000121ff9c3800, 0x00000121ff9c6800, 0x00000121ff9cb000,
0x00000121ff9d5800, 0x00000121ffbcb800, 0x0000012195989000, 0x00000121959aa000,
0x0000012195aca800, 0x0000012194984000, 0x00000121956eb800, 0x0000012195309800,
0x000001219533c800, 0x0000012195435800, 0x0000012195b5a800, 0x00000121963cb800,
0x00000121963c9000, 0x00000121963ce000, 0x00000121963ca000, 0x00000121963ca800,
0x00000121963c8800, 0x00000121963cc800, 0x00000121963cd000, 0x00000121963cf000,
0x0000012196f0d800, 0x0000012196f14000, 0x0000012196f12000, 0x0000012196f12800,
0x0000012196f13800
}

Java Threads: ( => current thread )
  0x00000121f6586000 JavaThread "main" [_thread_blocked, id=13508, stack(0x0000001820500000,0x0000001820600000)]
  0x00000121ff9a1800 JavaThread "Reference Handler" daemon [_thread_blocked, id=17008, stack(0x0000001820c00000,0x0000001820d00000)]
  0x00000121ff9ac800 JavaThread "Finalizer" daemon [_thread_blocked, id=5156, stack(0x0000001820d00000,0x0000001820e00000)]
  0x00000121ff9bf800 JavaThread "Signal Dispatcher" daemon [_thread_blocked, id=8064, stack(0x0000001820e00000,0x0000001820f00000)]
  0x00000121ff9c0800 JavaThread "Attach Listener" daemon [_thread_blocked, id=11904, stack(0x0000001820f00000,0x0000001821000000)]
  0x00000121ff9c3800 JavaThread "Service Thread" daemon [_thread_blocked, id=14436, stack(0x0000001821000000,0x0000001821100000)]
  0x00000121ff9c6800 JavaThread "C2 CompilerThread0" daemon [_thread_in_native, id=5880, stack(0x0000001821100000,0x0000001821200000)]
  0x00000121ff9cb000 JavaThread "C1 CompilerThread0" daemon [_thread_blocked, id=15892, stack(0x0000001821200000,0x0000001821300000)]
  0x00000121ff9d5800 JavaThread "Sweeper thread" daemon [_thread_blocked, id=1440, stack(0x0000001821300000,0x0000001821400000)]
  0x00000121ffbcb800 JavaThread "Common-Cleaner" daemon [_thread_blocked, id=16128, stack(0x0000001821400000,0x0000001821500000)]
  0x0000012195989000 JavaThread "Daemon health stats" [_thread_blocked, id=16172, stack(0x0000001821900000,0x0000001821a00000)]
  0x00000121959aa000 JavaThread "Incoming local TCP Connector on port 59565" [_thread_in_native, id=12308, stack(0x0000001821600000,0x0000001821700000)]
  0x0000012195aca800 JavaThread "Daemon periodic checks" [_thread_blocked, id=17416, stack(0x0000001821a00000,0x0000001821b00000)]
  0x0000012194984000 JavaThread "Daemon" [_thread_blocked, id=18096, stack(0x0000001821b00000,0x0000001821c00000)]
  0x00000121956eb800 JavaThread "Handler for socket connection from /127.0.0.1:59565 to /127.0.0.1:59566" [_thread_in_native, id=14568, stack(0x0000001821c00000,0x0000001821d00000)]
  0x0000012195309800 JavaThread "Cancel handler" [_thread_blocked, id=11428, stack(0x0000001821d00000,0x0000001821e00000)]
  0x000001219533c800 JavaThread "Daemon worker" [_thread_in_Java, id=9156, stack(0x0000001821e00000,0x0000001821f00000)]
=>0x0000012195435800 JavaThread "C2 CompilerThread1" daemon [_thread_in_native, id=16192, stack(0x0000001821f00000,0x0000001822000000)]
  0x0000012195b5a800 JavaThread "Asynchronous log dispatcher for DefaultDaemonConnection: socket connection from /127.0.0.1:59565 to /127.0.0.1:59566" [_thread_blocked, id=1916, stack(0x0000001822000000,0x0000001822100000)]
  0x00000121963cb800 JavaThread "Stdin handler" [_thread_blocked, id=17600, stack(0x0000001822100000,0x0000001822200000)]
  0x00000121963c9000 JavaThread "Daemon client event forwarder" [_thread_blocked, id=6628, stack(0x0000001822200000,0x0000001822300000)]
  0x00000121963ce000 JavaThread "Cache worker for journal cache (C:\Users\ASUS\.gradle\caches\journal-1)" [_thread_blocked, id=1892, stack(0x0000001822800000,0x0000001822900000)]
  0x00000121963ca000 JavaThread "File lock request listener" [_thread_in_native, id=18344, stack(0x0000001822900000,0x0000001822a00000)]
  0x00000121963ca800 JavaThread "Cache worker for file hash cache (C:\Users\ASUS\.gradle\caches\7.2\fileHashes)" [_thread_blocked, id=6644, stack(0x0000001822a00000,0x0000001822b00000)]
  0x00000121963c8800 JavaThread "Cache worker for file hash cache (D:\AndroifCreations\RegForm\.gradle\7.2\fileHashes)" [_thread_blocked, id=7608, stack(0x0000001822c00000,0x0000001822d00000)]
  0x00000121963cc800 JavaThread "File watcher server" daemon [_thread_in_native, id=8956, stack(0x0000001822d00000,0x0000001822e00000)]
  0x00000121963cd000 JavaThread "File watcher consumer" daemon [_thread_blocked, id=16252, stack(0x0000001822e00000,0x0000001822f00000)]
  0x00000121963cf000 JavaThread "Cache worker for checksums cache (D:\AndroifCreations\RegForm\.gradle\checksums)" [_thread_blocked, id=9628, stack(0x0000001822f00000,0x0000001823000000)]
  0x0000012196f0d800 JavaThread "Cache worker for cache directory md-supplier (C:\Users\ASUS\.gradle\caches\7.2\md-supplier)" [_thread_blocked, id=18256, stack(0x0000001823000000,0x0000001823100000)]
  0x0000012196f14000 JavaThread "Cache worker for cache directory md-rule (C:\Users\ASUS\.gradle\caches\7.2\md-rule)" [_thread_blocked, id=10300, stack(0x0000001823100000,0x0000001823200000)]
  0x0000012196f12000 JavaThread "Cache worker for execution history cache (C:\Users\ASUS\.gradle\caches\7.2\executionHistory)" [_thread_blocked, id=14424, stack(0x0000001823200000,0x0000001823300000)]
  0x0000012196f12800 JavaThread "jar transforms" [_thread_blocked, id=7776, stack(0x0000001823300000,0x0000001823400000)]
  0x0000012196f13800 JavaThread "Cache worker for file content cache (C:\Users\ASUS\.gradle\caches\7.2\fileContent)" [_thread_blocked, id=13696, stack(0x0000001823400000,0x0000001823500000)]

Other Threads:
  0x00000121ff9a0000 VMThread "VM Thread" [stack: 0x0000001820b00000,0x0000001820c00000] [id=1788]
  0x00000121ffc00800 WatcherThread [stack: 0x0000001821500000,0x0000001821600000] [id=4028]
  0x00000121f659f000 GCTaskThread "GC Thread#0" [stack: 0x0000001820600000,0x0000001820700000] [id=12796]
  0x0000012193f6b800 GCTaskThread "GC Thread#1" [stack: 0x0000001821700000,0x0000001821800000] [id=12204]
  0x000001219460b800 GCTaskThread "GC Thread#2" [stack: 0x0000001821800000,0x0000001821900000] [id=1660]
  0x0000012195d33800 GCTaskThread "GC Thread#3" [stack: 0x0000001822300000,0x0000001822400000] [id=5748]
  0x00000121952fc800 GCTaskThread "GC Thread#4" [stack: 0x0000001822400000,0x0000001822500000] [id=14816]
  0x0000012195be9000 GCTaskThread "GC Thread#5" [stack: 0x0000001822500000,0x0000001822600000] [id=17616]
  0x0000012193de5800 GCTaskThread "GC Thread#6" [stack: 0x0000001822600000,0x0000001822700000] [id=1972]
  0x000001219449a000 GCTaskThread "GC Thread#7" [stack: 0x0000001822700000,0x0000001822800000] [id=7396]
  0x00000121f65cf800 ConcurrentGCThread "G1 Main Marker" [stack: 0x0000001820700000,0x0000001820800000] [id=10112]
  0x00000121f65d1000 ConcurrentGCThread "G1 Conc#0" [stack: 0x0000001820800000,0x0000001820900000] [id=14396]
  0x0000012194eee000 ConcurrentGCThread "G1 Conc#1" [stack: 0x0000001822b00000,0x0000001822c00000] [id=15536]
  0x00000121f665d800 ConcurrentGCThread "G1 Refine#0" [stack: 0x0000001820900000,0x0000001820a00000] [id=8896]
  0x00000121f665e800 ConcurrentGCThread "G1 Young RemSet Sampling" [stack: 0x0000001820a00000,0x0000001820b00000] [id=12540]

Threads with active compile tasks:
C2 CompilerThread0   4726 3372       4       org.objectweb.asm.SymbolTable::addConstantUtf8 (98 bytes)
C1 CompilerThread0   4726 3417       3       java.lang.reflect.Modifier::isSynthetic (14 bytes)
C2 CompilerThread1   4726 3216   !   4       java.net.URLClassLoader$1::run (63 bytes)

VM state:not at safepoint (normal execution)

VM Mutex/Monitor currently owned by a thread: None

Heap address: 0x0000000080000000, size: 2048 MB, Compressed Oops mode: 32-bit
Narrow klass base: 0x0000000000000000, Narrow klass shift: 3
Compressed class space size: 1073741824 Address: 0x0000000100000000

Heap:
 garbage-first heap   total 131072K, used 74976K [0x0000000080000000, 0x0000000100000000)
  region size 1024K, 54 young (55296K), 4 survivors (4096K)
 Metaspace       used 38715K, capacity 39616K, committed 39884K, reserved 1083392K
  class space    used 4946K, capacity 5281K, committed 5324K, reserved 1048576K
Heap Regions: E=young(eden), S=young(survivor), O=old, HS=humongous(starts), HC=humongous(continues), CS=collection set, F=free, A=archive, TAMS=top-at-mark-start (previous, next)
|   0|0x0000000080000000, 0x0000000080100000, 0x0000000080100000|100%| O|  |TAMS 0x0000000080100000, 0x0000000080000000| Untracked 
|   1|0x0000000080100000, 0x0000000080200000, 0x0000000080200000|100%| O|  |TAMS 0x0000000080200000, 0x0000000080100000| Untracked 
|   2|0x0000000080200000, 0x0000000080300000, 0x0000000080300000|100%| O|  |TAMS 0x0000000080300000, 0x0000000080200000| Untracked 
|   3|0x0000000080300000, 0x0000000080400000, 0x0000000080400000|100%|HS|  |TAMS 0x0000000080400000, 0x0000000080300000| Complete 
|   4|0x0000000080400000, 0x0000000080500000, 0x0000000080500000|100%|HC|  |TAMS 0x0000000080500000, 0x0000000080400000| Complete 
|   5|0x0000000080500000, 0x0000000080600000, 0x0000000080600000|100%|HC|  |TAMS 0x0000000080600000, 0x0000000080500000| Complete 
|   6|0x0000000080600000, 0x0000000080700000, 0x0000000080700000|100%| O|  |TAMS 0x0000000080700000, 0x0000000080600000| Untracked 
|   7|0x0000000080700000, 0x0000000080800000, 0x0000000080800000|100%| O|  |TAMS 0x0000000080800000, 0x0000000080700000| Untracked 
|   8|0x0000000080800000, 0x0000000080900000, 0x0000000080900000|100%| O|  |TAMS 0x0000000080900000, 0x0000000080800000| Untracked 
|   9|0x0000000080900000, 0x0000000080a00000, 0x0000000080a00000|100%| O|  |TAMS 0x0000000080a00000, 0x0000000080900000| Untracked 
|  10|0x0000000080a00000, 0x0000000080b00000, 0x0000000080b00000|100%| O|  |TAMS 0x0000000080b00000, 0x0000000080a00000| Untracked 
|  11|0x0000000080b00000, 0x0000000080c00000, 0x0000000080c00000|100%| O|  |TAMS 0x0000000080c00000, 0x0000000080b00000| Untracked 
|  12|0x0000000080c00000, 0x0000000080d00000, 0x0000000080d00000|100%| O|  |TAMS 0x0000000080d00000, 0x0000000080c00000| Untracked 
|  13|0x0000000080d00000, 0x0000000080e00000, 0x0000000080e00000|100%| O|  |TAMS 0x0000000080e00000, 0x0000000080d00000| Untracked 
|  14|0x0000000080e00000, 0x0000000080f00000, 0x0000000080f00000|100%| O|  |TAMS 0x0000000080f00000, 0x0000000080e00000| Untracked 
|  15|0x0000000080f00000, 0x0000000081000000, 0x0000000081000000|100%| O|  |TAMS 0x0000000081000000, 0x0000000080f00000| Untracked 
|  16|0x0000000081000000, 0x0000000081100000, 0x0000000081100000|100%| O|  |TAMS 0x0000000081100000, 0x0000000081000000| Untracked 
|  17|0x0000000081100000, 0x0000000081200000, 0x0000000081200000|100%| O|  |TAMS 0x0000000081200000, 0x0000000081100000| Untracked 
|  18|0x0000000081200000, 0x0000000081242600, 0x0000000081300000| 25%| O|  |TAMS 0x0000000081242600, 0x0000000081200000| Untracked 
|  19|0x0000000081300000, 0x0000000081400000, 0x0000000081400000|100%|HS|  |TAMS 0x0000000081300000, 0x0000000081300000| Complete 
|  20|0x0000000081400000, 0x0000000081500000, 0x0000000081500000|100%|HS|  |TAMS 0x0000000081400000, 0x0000000081400000| Complete 
|  21|0x0000000081500000, 0x0000000081600000, 0x0000000081600000|100%|HC|  |TAMS 0x0000000081500000, 0x0000000081500000| Complete 
|  22|0x0000000081600000, 0x0000000081600000, 0x0000000081700000|  0%| F|  |TAMS 0x0000000081600000, 0x0000000081600000| Untracked 
|  23|0x0000000081700000, 0x0000000081700000, 0x0000000081800000|  0%| F|  |TAMS 0x0000000081700000, 0x0000000081700000| Untracked 
|  24|0x0000000081800000, 0x0000000081800000, 0x0000000081900000|  0%| F|  |TAMS 0x0000000081800000, 0x0000000081800000| Untracked 
|  25|0x0000000081900000, 0x0000000081900000, 0x0000000081a00000|  0%| F|  |TAMS 0x0000000081900000, 0x0000000081900000| Untracked 
|  26|0x0000000081a00000, 0x0000000081a00000, 0x0000000081b00000|  0%| F|  |TAMS 0x0000000081a00000, 0x0000000081a00000| Untracked 
|  27|0x0000000081b00000, 0x0000000081b00000, 0x0000000081c00000|  0%| F|  |TAMS 0x0000000081b00000, 0x0000000081b00000| Untracked 
|  28|0x0000000081c00000, 0x0000000081c00000, 0x0000000081d00000|  0%| F|  |TAMS 0x0000000081c00000, 0x0000000081c00000| Untracked 
|  29|0x0000000081d00000, 0x0000000081d00000, 0x0000000081e00000|  0%| F|  |TAMS 0x0000000081d00000, 0x0000000081d00000| Untracked 
|  30|0x0000000081e00000, 0x0000000081e00000, 0x0000000081f00000|  0%| F|  |TAMS 0x0000000081e00000, 0x0000000081e00000| Untracked 
|  31|0x0000000081f00000, 0x0000000081f00000, 0x0000000082000000|  0%| F|  |TAMS 0x0000000081f00000, 0x0000000081f00000| Untracked 
|  32|0x0000000082000000, 0x0000000082000000, 0x0000000082100000|  0%| F|  |TAMS 0x0000000082000000, 0x0000000082000000| Untracked 
|  33|0x0000000082100000, 0x0000000082100000, 0x0000000082200000|  0%| F|  |TAMS 0x0000000082100000, 0x0000000082100000| Untracked 
|  34|0x0000000082200000, 0x0000000082200000, 0x0000000082300000|  0%| F|  |TAMS 0x0000000082200000, 0x0000000082200000| Untracked 
|  35|0x0000000082300000, 0x0000000082300000, 0x0000000082400000|  0%| F|  |TAMS 0x0000000082300000, 0x0000000082300000| Untracked 
|  36|0x0000000082400000, 0x0000000082400000, 0x0000000082500000|  0%| F|  |TAMS 0x0000000082400000, 0x0000000082400000| Untracked 
|  37|0x0000000082500000, 0x0000000082500000, 0x0000000082600000|  0%| F|  |TAMS 0x0000000082500000, 0x0000000082500000| Untracked 
|  38|0x0000000082600000, 0x0000000082600000, 0x0000000082700000|  0%| F|  |TAMS 0x0000000082600000, 0x0000000082600000| Untracked 
|  39|0x0000000082700000, 0x0000000082700000, 0x0000000082800000|  0%| F|  |TAMS 0x0000000082700000, 0x0000000082700000| Untracked 
|  40|0x0000000082800000, 0x0000000082800000, 0x0000000082900000|  0%| F|  |TAMS 0x0000000082800000, 0x0000000082800000| Untracked 
|  41|0x0000000082900000, 0x0000000082900000, 0x0000000082a00000|  0%| F|  |TAMS 0x0000000082900000, 0x0000000082900000| Untracked 
|  42|0x0000000082a00000, 0x0000000082a00000, 0x0000000082b00000|  0%| F|  |TAMS 0x0000000082a00000, 0x0000000082a00000| Untracked 
|  43|0x0000000082b00000, 0x0000000082b00000, 0x0000000082c00000|  0%| F|  |TAMS 0x0000000082b00000, 0x0000000082b00000| Untracked 
|  44|0x0000000082c00000, 0x0000000082c00000, 0x0000000082d00000|  0%| F|  |TAMS 0x0000000082c00000, 0x0000000082c00000| Untracked 
|  45|0x0000000082d00000, 0x0000000082d00000, 0x0000000082e00000|  0%| F|  |TAMS 0x0000000082d00000, 0x0000000082d00000| Untracked 
|  46|0x0000000082e00000, 0x0000000082e00000, 0x0000000082f00000|  0%| F|  |TAMS 0x0000000082e00000, 0x0000000082e00000| Untracked 
|  47|0x0000000082f00000, 0x0000000082f00000, 0x0000000083000000|  0%| F|  |TAMS 0x0000000082f00000, 0x0000000082f00000| Untracked 
|  48|0x0000000083000000, 0x0000000083000000, 0x0000000083100000|  0%| F|  |TAMS 0x0000000083000000, 0x0000000083000000| Untracked 
|  49|0x0000000083100000, 0x0000000083100000, 0x0000000083200000|  0%| F|  |TAMS 0x0000000083100000, 0x0000000083100000| Untracked 
|  50|0x0000000083200000, 0x0000000083200000, 0x0000000083300000|  0%| F|  |TAMS 0x0000000083200000, 0x0000000083200000| Untracked 
|  51|0x0000000083300000, 0x0000000083300000, 0x0000000083400000|  0%| F|  |TAMS 0x0000000083300000, 0x0000000083300000| Untracked 
|  52|0x0000000083400000, 0x0000000083400000, 0x0000000083500000|  0%| F|  |TAMS 0x0000000083400000, 0x0000000083400000| Untracked 
|  53|0x0000000083500000, 0x0000000083500000, 0x0000000083600000|  0%| F|  |TAMS 0x0000000083500000, 0x0000000083500000| Untracked 
|  54|0x0000000083600000, 0x0000000083600000, 0x0000000083700000|  0%| F|  |TAMS 0x0000000083600000, 0x0000000083600000| Untracked 
|  55|0x0000000083700000, 0x0000000083700000, 0x0000000083800000|  0%| F|  |TAMS 0x0000000083700000, 0x0000000083700000| Untracked 
|  56|0x0000000083800000, 0x0000000083800000, 0x0000000083900000|  0%| F|  |TAMS 0x0000000083800000, 0x0000000083800000| Untracked 
|  57|0x0000000083900000, 0x0000000083900000, 0x0000000083a00000|  0%| F|  |TAMS 0x0000000083900000, 0x0000000083900000| Untracked 
|  58|0x0000000083a00000, 0x0000000083a00000, 0x0000000083b00000|  0%| F|  |TAMS 0x0000000083a00000, 0x0000000083a00000| Untracked 
|  59|0x0000000083b00000, 0x0000000083b00000, 0x0000000083c00000|  0%| F|  |TAMS 0x0000000083b00000, 0x0000000083b00000| Untracked 
|  60|0x0000000083c00000, 0x0000000083c00000, 0x0000000083d00000|  0%| F|  |TAMS 0x0000000083c00000, 0x0000000083c00000| Untracked 
|  61|0x0000000083d00000, 0x0000000083d00000, 0x0000000083e00000|  0%| F|  |TAMS 0x0000000083d00000, 0x0000000083d00000| Untracked 
|  62|0x0000000083e00000, 0x0000000083e00000, 0x0000000083f00000|  0%| F|  |TAMS 0x0000000083e00000, 0x0000000083e00000| Untracked 
|  63|0x0000000083f00000, 0x0000000083f00000, 0x0000000084000000|  0%| F|  |TAMS 0x0000000083f00000, 0x0000000083f00000| Untracked 
|  64|0x0000000084000000, 0x0000000084000000, 0x0000000084100000|  0%| F|  |TAMS 0x0000000084000000, 0x0000000084000000| Untracked 
|  65|0x0000000084100000, 0x0000000084100000, 0x0000000084200000|  0%| F|  |TAMS 0x0000000084100000, 0x0000000084100000| Untracked 
|  66|0x0000000084200000, 0x0000000084200000, 0x0000000084300000|  0%| F|  |TAMS 0x0000000084200000, 0x0000000084200000| Untracked 
|  67|0x0000000084300000, 0x0000000084300000, 0x0000000084400000|  0%| F|  |TAMS 0x0000000084300000, 0x0000000084300000| Untracked 
|  68|0x0000000084400000, 0x0000000084400000, 0x0000000084500000|  0%| F|  |TAMS 0x0000000084400000, 0x0000000084400000| Untracked 
|  69|0x0000000084500000, 0x0000000084500000, 0x0000000084600000|  0%| F|  |TAMS 0x0000000084500000, 0x0000000084500000| Untracked 
|  70|0x0000000084600000, 0x0000000084600000, 0x0000000084700000|  0%| F|  |TAMS 0x0000000084600000, 0x0000000084600000| Untracked 
|  71|0x0000000084700000, 0x0000000084700000, 0x0000000084800000|  0%| F|  |TAMS 0x0000000084700000, 0x0000000084700000| Untracked 
|  72|0x0000000084800000, 0x0000000084800000, 0x0000000084900000|  0%| F|  |TAMS 0x0000000084800000, 0x0000000084800000| Untracked 
|  73|0x0000000084900000, 0x0000000084900000, 0x0000000084a00000|  0%| F|  |TAMS 0x0000000084900000, 0x0000000084900000| Untracked 
|  74|0x0000000084a00000, 0x0000000084a80800, 0x0000000084b00000| 50%| E|  |TAMS 0x0000000084a00000, 0x0000000084a00000| Complete 
|  75|0x0000000084b00000, 0x0000000084c00000, 0x0000000084c00000|100%| E|CS|TAMS 0x0000000084b00000, 0x0000000084b00000| Complete 
|  76|0x0000000084c00000, 0x0000000084d00000, 0x0000000084d00000|100%| E|CS|TAMS 0x0000000084c00000, 0x0000000084c00000| Complete 
|  77|0x0000000084d00000, 0x0000000084e00000, 0x0000000084e00000|100%| E|CS|TAMS 0x0000000084d00000, 0x0000000084d00000| Complete 
|  78|0x0000000084e00000, 0x0000000084f00000, 0x0000000084f00000|100%| E|CS|TAMS 0x0000000084e00000, 0x0000000084e00000| Complete 
|  79|0x0000000084f00000, 0x0000000085000000, 0x0000000085000000|100%| E|CS|TAMS 0x0000000084f00000, 0x0000000084f00000| Complete 
|  80|0x0000000085000000, 0x0000000085100000, 0x0000000085100000|100%| E|CS|TAMS 0x0000000085000000, 0x0000000085000000| Complete 
|  81|0x0000000085100000, 0x0000000085200000, 0x0000000085200000|100%| E|CS|TAMS 0x0000000085100000, 0x0000000085100000| Complete 
|  82|0x0000000085200000, 0x0000000085300000, 0x0000000085300000|100%| E|CS|TAMS 0x0000000085200000, 0x0000000085200000| Complete 
|  83|0x0000000085300000, 0x0000000085400000, 0x0000000085400000|100%| E|CS|TAMS 0x0000000085300000, 0x0000000085300000| Complete 
|  84|0x0000000085400000, 0x0000000085500000, 0x0000000085500000|100%| E|CS|TAMS 0x0000000085400000, 0x0000000085400000| Complete 
|  85|0x0000000085500000, 0x0000000085600000, 0x0000000085600000|100%| E|CS|TAMS 0x0000000085500000, 0x0000000085500000| Complete 
|  86|0x0000000085600000, 0x0000000085700000, 0x0000000085700000|100%| E|CS|TAMS 0x0000000085600000, 0x0000000085600000| Complete 
|  87|0x0000000085700000, 0x0000000085800000, 0x0000000085800000|100%| E|  |TAMS 0x0000000085700000, 0x0000000085700000| Complete 
|  88|0x0000000085800000, 0x0000000085900000, 0x0000000085900000|100%| E|CS|TAMS 0x0000000085800000, 0x0000000085800000| Complete 
|  89|0x0000000085900000, 0x0000000085a00000, 0x0000000085a00000|100%| E|CS|TAMS 0x0000000085900000, 0x0000000085900000| Complete 
|  90|0x0000000085a00000, 0x0000000085b00000, 0x0000000085b00000|100%| E|CS|TAMS 0x0000000085a00000, 0x0000000085a00000| Complete 
|  91|0x0000000085b00000, 0x0000000085c00000, 0x0000000085c00000|100%| E|CS|TAMS 0x0000000085b00000, 0x0000000085b00000| Complete 
|  92|0x0000000085c00000, 0x0000000085d00000, 0x0000000085d00000|100%| E|CS|TAMS 0x0000000085c00000, 0x0000000085c00000| Complete 
|  93|0x0000000085d00000, 0x0000000085e00000, 0x0000000085e00000|100%| E|CS|TAMS 0x0000000085d00000, 0x0000000085d00000| Complete 
|  94|0x0000000085e00000, 0x0000000085f00000, 0x0000000085f00000|100%| E|CS|TAMS 0x0000000085e00000, 0x0000000085e00000| Complete 
|  95|0x0000000085f00000, 0x0000000086000000, 0x0000000086000000|100%| E|CS|TAMS 0x0000000085f00000, 0x0000000085f00000| Complete 
|  96|0x0000000086000000, 0x0000000086100000, 0x0000000086100000|100%| E|CS|TAMS 0x0000000086000000, 0x0000000086000000| Complete 
|  97|0x0000000086100000, 0x0000000086200000, 0x0000000086200000|100%| E|CS|TAMS 0x0000000086100000, 0x0000000086100000| Complete 
|  98|0x0000000086200000, 0x0000000086300000, 0x0000000086300000|100%| E|CS|TAMS 0x0000000086200000, 0x0000000086200000| Complete 
|  99|0x0000000086300000, 0x0000000086400000, 0x0000000086400000|100%| E|CS|TAMS 0x0000000086300000, 0x0000000086300000| Complete 
| 100|0x0000000086400000, 0x0000000086500000, 0x0000000086500000|100%| E|CS|TAMS 0x0000000086400000, 0x0000000086400000| Complete 
| 101|0x0000000086500000, 0x0000000086600000, 0x0000000086600000|100%| E|CS|TAMS 0x0000000086500000, 0x0000000086500000| Complete 
| 102|0x0000000086600000, 0x0000000086700000, 0x0000000086700000|100%| E|CS|TAMS 0x0000000086600000, 0x0000000086600000| Complete 
| 103|0x0000000086700000, 0x0000000086800000, 0x0000000086800000|100%| E|CS|TAMS 0x0000000086700000, 0x0000000086700000| Complete 
| 104|0x0000000086800000, 0x0000000086900000, 0x0000000086900000|100%| E|CS|TAMS 0x0000000086800000, 0x0000000086800000| Complete 
| 105|0x0000000086900000, 0x0000000086a00000, 0x0000000086a00000|100%| E|CS|TAMS 0x0000000086900000, 0x0000000086900000| Complete 
| 106|0x0000000086a00000, 0x0000000086b00000, 0x0000000086b00000|100%| E|CS|TAMS 0x0000000086a00000, 0x0000000086a00000| Complete 
| 107|0x0000000086b00000, 0x0000000086c00000, 0x0000000086c00000|100%| E|CS|TAMS 0x0000000086b00000, 0x0000000086b00000| Complete 
| 108|0x0000000086c00000, 0x0000000086d00000, 0x0000000086d00000|100%| E|CS|TAMS 0x0000000086c00000, 0x0000000086c00000| Complete 
| 109|0x0000000086d00000, 0x0000000086e00000, 0x0000000086e00000|100%| E|CS|TAMS 0x0000000086d00000, 0x0000000086d00000| Complete 
| 110|0x0000000086e00000, 0x0000000086f00000, 0x0000000086f00000|100%| E|CS|TAMS 0x0000000086e00000, 0x0000000086e00000| Complete 
| 111|0x0000000086f00000, 0x0000000087000000, 0x0000000087000000|100%| E|CS|TAMS 0x0000000086f00000, 0x0000000086f00000| Complete 
| 112|0x0000000087000000, 0x0000000087100000, 0x0000000087100000|100%| E|CS|TAMS 0x0000000087000000, 0x0000000087000000| Complete 
| 113|0x0000000087100000, 0x0000000087200000, 0x0000000087200000|100%| E|CS|TAMS 0x0000000087100000, 0x0000000087100000| Complete 
| 114|0x0000000087200000, 0x0000000087300000, 0x0000000087300000|100%| E|CS|TAMS 0x0000000087200000, 0x0000000087200000| Complete 
| 115|0x0000000087300000, 0x0000000087400000, 0x0000000087400000|100%| E|CS|TAMS 0x0000000087300000, 0x0000000087300000| Complete 
| 116|0x0000000087400000, 0x0000000087500000, 0x0000000087500000|100%| E|CS|TAMS 0x0000000087400000, 0x0000000087400000| Complete 
| 117|0x0000000087500000, 0x0000000087600000, 0x0000000087600000|100%| E|CS|TAMS 0x0000000087500000, 0x0000000087500000| Complete 
| 118|0x0000000087600000, 0x00000000876f5a30, 0x0000000087700000| 95%| S|CS|TAMS 0x0000000087600000, 0x0000000087600000| Complete 
| 119|0x0000000087700000, 0x0000000087800000, 0x0000000087800000|100%| S|CS|TAMS 0x0000000087700000, 0x0000000087700000| Complete 
| 120|0x0000000087800000, 0x0000000087900000, 0x0000000087900000|100%| S|CS|TAMS 0x0000000087800000, 0x0000000087800000| Complete 
| 121|0x0000000087900000, 0x0000000087a00000, 0x0000000087a00000|100%| S|CS|TAMS 0x0000000087900000, 0x0000000087900000| Complete 
| 122|0x0000000087a00000, 0x0000000087b00000, 0x0000000087b00000|100%| E|CS|TAMS 0x0000000087a00000, 0x0000000087a00000| Complete 
| 123|0x0000000087b00000, 0x0000000087c00000, 0x0000000087c00000|100%| E|CS|TAMS 0x0000000087b00000, 0x0000000087b00000| Complete 
| 124|0x0000000087c00000, 0x0000000087d00000, 0x0000000087d00000|100%| E|CS|TAMS 0x0000000087c00000, 0x0000000087c00000| Complete 
| 125|0x0000000087d00000, 0x0000000087e00000, 0x0000000087e00000|100%| E|CS|TAMS 0x0000000087d00000, 0x0000000087d00000| Complete 
| 126|0x0000000087e00000, 0x0000000087f00000, 0x0000000087f00000|100%| E|CS|TAMS 0x0000000087e00000, 0x0000000087e00000| Complete 
| 127|0x0000000087f00000, 0x0000000088000000, 0x0000000088000000|100%| E|CS|TAMS 0x0000000087f00000, 0x0000000087f00000| Complete 

Card table byte_map: [0x00000121fc6d0000,0x00000121fcad0000] _byte_map_base: 0x00000121fc2d0000

Marking Bits (Prev, Next): (CMBitMap*) 0x00000121f65c6e68, (CMBitMap*) 0x00000121f65c6ea0
 Prev Bits: [0x00000121fced0000, 0x00000121feed0000)
 Next Bits: [0x000001218f000000, 0x0000012191000000)

Polling page: 0x00000121f6660000

Metaspace:

Usage:
  Non-class:     33.53 MB capacity,    32.98 MB ( 98%) used,   470.38 KB (  1%) free+waste,    89.06 KB ( <1%) overhead. 
      Class:      5.16 MB capacity,     4.83 MB ( 94%) used,   291.12 KB (  6%) free+waste,    42.88 KB ( <1%) overhead. 
       Both:     38.69 MB capacity,    37.82 MB ( 98%) used,   761.50 KB (  2%) free+waste,   131.94 KB ( <1%) overhead. 

Virtual space:
  Non-class space:       34.00 MB reserved,      33.75 MB (>99%) committed 
      Class space:        1.00 GB reserved,       5.20 MB ( <1%) committed 
             Both:        1.03 GB reserved,      38.95 MB (  4%) committed 

Chunk freelists:
   Non-Class:  33.00 KB
       Class:  0 bytes
        Both:  33.00 KB

MaxMetaspaceSize: 17179869184.00 GB
CompressedClassSpaceSize: 1.00 GB

CodeHeap 'non-profiled nmethods': size=120000Kb used=1667Kb max_used=1667Kb free=118332Kb
 bounds [0x0000012187ad0000, 0x0000012187d40000, 0x000001218f000000]
CodeHeap 'profiled nmethods': size=120000Kb used=7144Kb max_used=7144Kb free=112856Kb
 bounds [0x00000121805a0000, 0x0000012180ca0000, 0x0000012187ad0000]
CodeHeap 'non-nmethods': size=5760Kb used=2200Kb max_used=2219Kb free=3559Kb
 bounds [0x0000012180000000, 0x0000012180270000, 0x00000121805a0000]
 total_blobs=4174 nmethods=3414 adapters=671
 compilation: enabled
              stopped_count=0, restarted_count=0
 full_count=0

Compilation events (20 events):
Event: 4.674 Thread 0x00000121ff9cb000 nmethod 3370 0x0000012180c7ad90 code [0x0000012180c7afc0, 0x0000012180c7b398]
Event: 4.674 Thread 0x00000121ff9cb000 3371       3       org.objectweb.asm.Label::addForwardReference (102 bytes)
Event: 4.674 Thread 0x00000121ff9cb000 nmethod 3371 0x0000012180c7b590 code [0x0000012180c7b780, 0x0000012180c7bc68]
Event: 4.677 Thread 0x00000121ff9cb000 3373       1       java.util.TreeMap::size (5 bytes)
Event: 4.677 Thread 0x00000121ff9cb000 nmethod 3373 0x0000012187c6a990 code [0x0000012187c6ab40, 0x0000012187c6abf8]
Event: 4.677 Thread 0x00000121ff9cb000 3374       3       org.codehaus.groovy.util.ComplexKeyHashMap$1::next (5 bytes)
Event: 4.677 Thread 0x00000121ff9cb000 nmethod 3374 0x0000012180c7be90 code [0x0000012180c7c040, 0x0000012180c7c188]
Event: 4.679 Thread 0x00000121ff9cb000 3375       3       java.lang.reflect.Constructor::copy (72 bytes)
Event: 4.679 Thread 0x00000121ff9cb000 nmethod 3375 0x0000012180c7c210 code [0x0000012180c7c3e0, 0x0000012180c7c778]
Event: 4.679 Thread 0x00000121ff9cb000 3376       3       org.codehaus.groovy.reflection.ClassInfo::isSAM (13 bytes)
Event: 4.679 Thread 0x00000121ff9cb000 nmethod 3376 0x0000012180c7c890 code [0x0000012180c7ca60, 0x0000012180c7cc48]
Event: 4.680 Thread 0x00000121ff9cb000 3377       3       java.util.Spliterators$ArraySpliterator::forEachRemaining (68 bytes)
Event: 4.680 Thread 0x00000121ff9cb000 nmethod 3377 0x0000012180c7cd10 code [0x0000012180c7cf00, 0x0000012180c7d378]
Event: 4.680 Thread 0x00000121ff9cb000 3378       3       org.codehaus.groovy.reflection.CachedClass::getMethods (11 bytes)
Event: 4.680 Thread 0x00000121ff9cb000 nmethod 3378 0x0000012180c7d510 code [0x0000012180c7d6e0, 0x0000012180c7d988]
Event: 4.680 Thread 0x00000121ff9cb000 3379       3       java.lang.invoke.StringConcatFactory$MethodHandleInlineCopyStrategy::newArray (16 bytes)
Event: 4.680 Thread 0x00000121ff9cb000 nmethod 3379 0x0000012180c7da90 code [0x0000012180c7dc60, 0x0000012180c7de68]
Event: 4.680 Thread 0x00000121ff9cb000 3380       3       jdk.internal.misc.Unsafe::allocateUninitializedArray (52 bytes)
Event: 4.681 Thread 0x00000121ff9cb000 nmethod 3380 0x0000012180c7df10 code [0x0000012180c7e120, 0x0000012180c7e578]
Event: 4.684 Thread 0x00000121ff9cb000 3384  s    3       java.beans.MethodDescriptor::setParams (74 bytes)

GC Heap History (12 events):
Event: 0.915 GC heap before
{Heap before GC invocations=0 (full 0):
 garbage-first heap   total 131072K, used 29696K [0x0000000080000000, 0x0000000100000000)
  region size 1024K, 24 young (24576K), 0 survivors (0K)
 Metaspace       used 9855K, capacity 10054K, committed 10112K, reserved 1058816K
  class space    used 1028K, capacity 1102K, committed 1152K, reserved 1048576K
}
Event: 0.923 GC heap after
{Heap after GC invocations=1 (full 0):
 garbage-first heap   total 131072K, used 9069K [0x0000000080000000, 0x0000000100000000)
  region size 1024K, 3 young (3072K), 3 survivors (3072K)
 Metaspace       used 9855K, capacity 10054K, committed 10112K, reserved 1058816K
  class space    used 1028K, capacity 1102K, committed 1152K, reserved 1048576K
}
Event: 2.662 GC heap before
{Heap before GC invocations=1 (full 0):
 garbage-first heap   total 131072K, used 83821K [0x0000000080000000, 0x0000000100000000)
  region size 1024K, 76 young (77824K), 3 survivors (3072K)
 Metaspace       used 17678K, capacity 18059K, committed 18176K, reserved 1064960K
  class space    used 2093K, capacity 2219K, committed 2304K, reserved 1048576K
}
Event: 2.674 GC heap after
{Heap after GC invocations=2 (full 0):
 garbage-first heap   total 131072K, used 16304K [0x0000000080000000, 0x0000000100000000)
  region size 1024K, 10 young (10240K), 10 survivors (10240K)
 Metaspace       used 17678K, capacity 18059K, committed 18176K, reserved 1064960K
  class space    used 2093K, capacity 2219K, committed 2304K, reserved 1048576K
}
Event: 2.896 GC heap before
{Heap before GC invocations=2 (full 0):
 garbage-first heap   total 131072K, used 40880K [0x0000000080000000, 0x0000000100000000)
  region size 1024K, 35 young (35840K), 10 survivors (10240K)
 Metaspace       used 20679K, capacity 21079K, committed 21248K, reserved 1067008K
  class space    used 2537K, capacity 2693K, committed 2816K, reserved 1048576K
}
Event: 2.904 GC heap after
{Heap after GC invocations=3 (full 0):
 garbage-first heap   total 131072K, used 17084K [0x0000000080000000, 0x0000000100000000)
  region size 1024K, 2 young (2048K), 2 survivors (2048K)
 Metaspace       used 20679K, capacity 21079K, committed 21248K, reserved 1067008K
  class space    used 2537K, capacity 2693K, committed 2816K, reserved 1048576K
}
Event: 3.372 GC heap before
{Heap before GC invocations=4 (full 0):
 garbage-first heap   total 131072K, used 67260K [0x0000000080000000, 0x0000000100000000)
  region size 1024K, 51 young (52224K), 2 survivors (2048K)
 Metaspace       used 25870K, capacity 26442K, committed 26752K, reserved 1073152K
  class space    used 3379K, capacity 3615K, committed 3712K, reserved 1048576K
}
Event: 3.376 GC heap after
{Heap after GC invocations=5 (full 0):
 garbage-first heap   total 131072K, used 18836K [0x0000000080000000, 0x0000000100000000)
  region size 1024K, 3 young (3072K), 3 survivors (3072K)
 Metaspace       used 25870K, capacity 26442K, committed 26752K, reserved 1073152K
  class space    used 3379K, capacity 3615K, committed 3712K, reserved 1048576K
}
Event: 3.946 GC heap before
{Heap before GC invocations=5 (full 0):
 garbage-first heap   total 131072K, used 76180K [0x0000000080000000, 0x0000000100000000)
  region size 1024K, 59 young (60416K), 3 survivors (3072K)
 Metaspace       used 32742K, capacity 33504K, committed 33792K, reserved 1079296K
  class space    used 4279K, capacity 4568K, committed 4608K, reserved 1048576K
}
Event: 3.951 GC heap after
{Heap after GC invocations=6 (full 0):
 garbage-first heap   total 131072K, used 21498K [0x0000000080000000, 0x0000000100000000)
  region size 1024K, 6 young (6144K), 6 survivors (6144K)
 Metaspace       used 32742K, capacity 33504K, committed 33792K, reserved 1079296K
  class space    used 4279K, capacity 4568K, committed 4608K, reserved 1048576K
}
Event: 4.179 GC heap before
{Heap before GC invocations=6 (full 0):
 garbage-first heap   total 131072K, used 26618K [0x0000000080000000, 0x0000000100000000)
  region size 1024K, 12 young (12288K), 6 survivors (6144K)
 Metaspace       used 35012K, capacity 35789K, committed 35840K, reserved 1081344K
  class space    used 4548K, capacity 4863K, committed 4864K, reserved 1048576K
}
Event: 4.187 GC heap after
{Heap after GC invocations=7 (full 0):
 garbage-first heap   total 131072K, used 22752K [0x0000000080000000, 0x0000000100000000)
  region size 1024K, 4 young (4096K), 4 survivors (4096K)
 Metaspace       used 35012K, capacity 35789K, committed 35840K, reserved 1081344K
  class space    used 4548K, capacity 4863K, committed 4864K, reserved 1048576K
}

Deoptimization events (20 events):
Event: 4.560 Thread 0x000001219533c800 Uncommon trap: trap_request=0xffffffde fr.pc=0x0000012187c4f090 relative=0x0000000000000470
Event: 4.560 Thread 0x000001219533c800 Uncommon trap: reason=class_check action=maybe_recompile pc=0x0000012187c4f090 method=java.util.regex.Pattern$Start.match(Ljava/util/regex/Matcher;ILjava/lang/CharSequence;)Z @ 44 c2
Event: 4.560 Thread 0x000001219533c800 DEOPT PACKING pc=0x0000012187c4f090 sp=0x0000001821ef7320
Event: 4.560 Thread 0x000001219533c800 DEOPT UNPACKING pc=0x000001218002662f sp=0x0000001821ef71e8 mode 2
Event: 4.587 Thread 0x000001219533c800 Uncommon trap: trap_request=0xffffffde fr.pc=0x0000012187c4f090 relative=0x0000000000000470
Event: 4.587 Thread 0x000001219533c800 Uncommon trap: reason=class_check action=maybe_recompile pc=0x0000012187c4f090 method=java.util.regex.Pattern$Start.match(Ljava/util/regex/Matcher;ILjava/lang/CharSequence;)Z @ 44 c2
Event: 4.587 Thread 0x000001219533c800 DEOPT PACKING pc=0x0000012187c4f090 sp=0x0000001821ef7a60
Event: 4.587 Thread 0x000001219533c800 DEOPT UNPACKING pc=0x000001218002662f sp=0x0000001821ef7928 mode 2
Event: 4.587 Thread 0x000001219533c800 Uncommon trap: trap_request=0xffffffde fr.pc=0x0000012187c4f090 relative=0x0000000000000470
Event: 4.587 Thread 0x000001219533c800 Uncommon trap: reason=class_check action=maybe_recompile pc=0x0000012187c4f090 method=java.util.regex.Pattern$Start.match(Ljava/util/regex/Matcher;ILjava/lang/CharSequence;)Z @ 44 c2
Event: 4.587 Thread 0x000001219533c800 DEOPT PACKING pc=0x0000012187c4f090 sp=0x0000001821ef7a60
Event: 4.587 Thread 0x000001219533c800 DEOPT UNPACKING pc=0x000001218002662f sp=0x0000001821ef7928 mode 2
Event: 4.588 Thread 0x000001219533c800 Uncommon trap: trap_request=0xffffffde fr.pc=0x0000012187c3c3cc relative=0x000000000000044c
Event: 4.588 Thread 0x000001219533c800 Uncommon trap: reason=class_check action=maybe_recompile pc=0x0000012187c3c3cc method=java.util.regex.Pattern$Start.match(Ljava/util/regex/Matcher;ILjava/lang/CharSequence;)Z @ 44 c2
Event: 4.588 Thread 0x000001219533c800 DEOPT PACKING pc=0x0000012187c3c3cc sp=0x0000001821ef79e0
Event: 4.588 Thread 0x000001219533c800 DEOPT UNPACKING pc=0x000001218002662f sp=0x0000001821ef7920 mode 2
Event: 4.672 Thread 0x000001219533c800 Uncommon trap: trap_request=0xffffff6e fr.pc=0x0000012187c0d3cc relative=0x000000000000078c
Event: 4.672 Thread 0x000001219533c800 Uncommon trap: reason=speculate_class_check action=maybe_recompile pc=0x0000012187c0d3cc method=java.lang.reflect.Executable.declaredAnnotations()Ljava/util/Map; @ 23 c2
Event: 4.672 Thread 0x000001219533c800 DEOPT PACKING pc=0x0000012187c0d3cc sp=0x0000001821ef83d0
Event: 4.672 Thread 0x000001219533c800 DEOPT UNPACKING pc=0x000001218002662f sp=0x0000001821ef8310 mode 2

Classes redefined (0 events):
No events

Internal exceptions (20 events):
Event: 4.558 Thread 0x000001219533c800 Exception <a 'java/lang/ClassNotFoundException'{0x0000000085a33630}: org/gradle/groovy/scripts/DefaultScriptCustomizer> (0x0000000085a33630) thrown at [./src/hotspot/share/classfile/systemDictionary.cpp, line 231]
Event: 4.562 Thread 0x000001219533c800 Exception <a 'java/lang/ClassNotFoundException'{0x0000000085a81ee0}: org/gradle/plugin/use/internal/PluginsAwareScriptCustomizer> (0x0000000085a81ee0) thrown at [./src/hotspot/share/classfile/systemDictionary.cpp, line 231]
Event: 4.562 Thread 0x000001219533c800 Exception <a 'java/lang/ClassNotFoundException'{0x0000000085a9f670}: org/gradle/initialization/SettingsScriptCustomizer> (0x0000000085a9f670) thrown at [./src/hotspot/share/classfile/systemDictionary.cpp, line 231]
Event: 4.563 Thread 0x000001219533c800 Exception <a 'java/lang/ClassNotFoundException'{0x0000000085ab2500}: settings_apcay9x90vtag80eiqoo4c234Customizer> (0x0000000085ab2500) thrown at [./src/hotspot/share/classfile/systemDictionary.cpp, line 231]
Event: 4.584 Thread 0x000001219533c800 Exception <a 'java/lang/ClassNotFoundException'{0x00000000859ec428}: groovy/lang/Closure$1BeanInfo> (0x00000000859ec428) thrown at [./src/hotspot/share/classfile/systemDictionary.cpp, line 231]
Event: 4.585 Thread 0x000001219533c800 Exception <a 'java/lang/ClassNotFoundException'{0x000000008581eef0}: groovy/lang/ClosureBeanInfo> (0x000000008581eef0) thrown at [./src/hotspot/share/classfile/systemDictionary.cpp, line 231]
Event: 4.586 Thread 0x000001219533c800 Exception <a 'java/lang/ClassNotFoundException'{0x0000000085851540}: groovy/lang/ClosureCustomizer> (0x0000000085851540) thrown at [./src/hotspot/share/classfile/systemDictionary.cpp, line 231]
Event: 4.591 Thread 0x000001219533c800 Exception <a 'java/lang/ClassNotFoundException'{0x00000000858a6d18}: groovy/lang/Closure$1Customizer> (0x00000000858a6d18) thrown at [./src/hotspot/share/classfile/systemDictionary.cpp, line 231]
Event: 4.640 Thread 0x000001219533c800 Exception <a 'java/lang/ClassNotFoundException'{0x00000000856facb0}: org/gradle/initialization/DefaultSettings_DecoratedBeanInfo> (0x00000000856facb0) thrown at [./src/hotspot/share/classfile/systemDictionary.cpp, line 231]
Event: 4.640 Thread 0x000001219533c800 Exception <a 'java/lang/ClassNotFoundException'{0x000000008551dab8}: org/gradle/initialization/DefaultSettingsBeanInfo> (0x000000008551dab8) thrown at [./src/hotspot/share/classfile/systemDictionary.cpp, line 231]
Event: 4.641 Thread 0x000001219533c800 Exception <a 'java/lang/ClassNotFoundException'{0x0000000085543980}: org/gradle/api/internal/project/AbstractPluginAwareBeanInfo> (0x0000000085543980) thrown at [./src/hotspot/share/classfile/systemDictionary.cpp, line 231]
Event: 4.641 Thread 0x000001219533c800 Exception <a 'java/lang/ClassNotFoundException'{0x00000000855699f0}: org/gradle/api/internal/project/AbstractPluginAwareCustomizer> (0x00000000855699f0) thrown at [./src/hotspot/share/classfile/systemDictionary.cpp, line 231]
Event: 4.642 Thread 0x000001219533c800 Exception <a 'java/lang/ClassNotFoundException'{0x0000000085593d08}: org/gradle/initialization/DefaultSettingsCustomizer> (0x0000000085593d08) thrown at [./src/hotspot/share/classfile/systemDictionary.cpp, line 231]
Event: 4.646 Thread 0x000001219533c800 Exception <a 'java/lang/ClassNotFoundException'{0x00000000855e7a90}: org/gradle/initialization/DefaultSettings_DecoratedCustomizer> (0x00000000855e7a90) thrown at [./src/hotspot/share/classfile/systemDictionary.cpp, line 231]
Event: 4.676 Thread 0x000001219533c800 Exception <a 'java/lang/ClassNotFoundException'{0x00000000853c3d70}: org/gradle/internal/metaobject/ConfigureDelegateBeanInfo> (0x00000000853c3d70) thrown at [./src/hotspot/share/classfile/systemDictionary.cpp, line 231]
Event: 4.677 Thread 0x000001219533c800 Exception <a 'java/lang/ClassNotFoundException'{0x00000000853ef870}: org/gradle/internal/metaobject/ConfigureDelegateCustomizer> (0x00000000853ef870) thrown at [./src/hotspot/share/classfile/systemDictionary.cpp, line 231]
Event: 4.681 Thread 0x000001219533c800 Exception <a 'java/lang/ClassNotFoundException'{0x000000008527d520}: org/gradle/plugin/management/internal/DefaultPluginManagementSpec_DecoratedBeanInfo> (0x000000008527d520) thrown at [./src/hotspot/share/classfile/systemDictionary.cpp, line 231]
Event: 4.682 Thread 0x000001219533c800 Exception <a 'java/lang/ClassNotFoundException'{0x00000000852b4a88}: org/gradle/plugin/management/internal/DefaultPluginManagementSpecBeanInfo> (0x00000000852b4a88) thrown at [./src/hotspot/share/classfile/systemDictionary.cpp, line 231]
Event: 4.682 Thread 0x000001219533c800 Exception <a 'java/lang/ClassNotFoundException'{0x00000000852ede90}: org/gradle/plugin/management/internal/DefaultPluginManagementSpecCustomizer> (0x00000000852ede90) thrown at [./src/hotspot/share/classfile/systemDictionary.cpp, line 231]
Event: 4.684 Thread 0x000001219533c800 Exception <a 'java/lang/ClassNotFoundException'{0x000000008513a978}: org/gradle/plugin/management/internal/DefaultPluginManagementSpec_DecoratedCustomizer> (0x000000008513a978) thrown at [./src/hotspot/share/classfile/systemDictionary.cpp, line 231]

Events (20 events):
Event: 4.682 loading class org/gradle/plugin/management/internal/DefaultPluginManagementSpecBeanInfo
Event: 4.682 loading class org/gradle/plugin/management/internal/DefaultPluginManagementSpecBeanInfo done
Event: 4.682 loading class org/gradle/plugin/management/internal/DefaultPluginManagementSpecCustomizer
Event: 4.682 loading class org/gradle/plugin/management/internal/DefaultPluginManagementSpecCustomizer done
Event: 4.682 loading class org/gradle/plugin/management/internal/DefaultPluginManagementSpecCustomizer
Event: 4.682 loading class org/gradle/plugin/management/internal/DefaultPluginManagementSpecCustomizer done
Event: 4.682 loading class org/gradle/plugin/management/internal/DefaultPluginManagementSpecCustomizer
Event: 4.682 loading class org/gradle/plugin/management/internal/DefaultPluginManagementSpecCustomizer done
Event: 4.682 loading class org/gradle/plugin/management/internal/DefaultPluginManagementSpecCustomizer
Event: 4.682 loading class org/gradle/plugin/management/internal/DefaultPluginManagementSpecCustomizer done
Event: 4.682 loading class org/gradle/api/initialization/ConfigurableIncludedPluginBuild
Event: 4.682 loading class org/gradle/api/initialization/ConfigurableIncludedPluginBuild done
Event: 4.683 loading class org/gradle/plugin/management/internal/DefaultPluginManagementSpec_DecoratedCustomizer
Event: 4.683 loading class org/gradle/plugin/management/internal/DefaultPluginManagementSpec_DecoratedCustomizer done
Event: 4.683 loading class org/gradle/plugin/management/internal/DefaultPluginManagementSpec_DecoratedCustomizer
Event: 4.683 loading class org/gradle/plugin/management/internal/DefaultPluginManagementSpec_DecoratedCustomizer done
Event: 4.683 loading class org/gradle/plugin/management/internal/DefaultPluginManagementSpec_DecoratedCustomizer
Event: 4.683 loading class org/gradle/plugin/management/internal/DefaultPluginManagementSpec_DecoratedCustomizer done
Event: 4.684 loading class org/gradle/plugin/management/internal/DefaultPluginManagementSpec_DecoratedCustomizer
Event: 4.684 loading class org/gradle/plugin/management/internal/DefaultPluginManagementSpec_DecoratedCustomizer done


Dynamic libraries:
0x00007ff7b09f0000 - 0x00007ff7b09fa000 	D:\Android\jre\bin\java.exe
0x00007ff958a40000 - 0x00007ff958c49000 	C:\WINDOWS\SYSTEM32\ntdll.dll
0x00007ff93bc60000 - 0x00007ff93bc76000 	C:\Program Files\AVAST Software\Avast\aswhook.dll
0x00007ff956b20000 - 0x00007ff956bdd000 	C:\WINDOWS\System32\KERNEL32.DLL
0x00007ff956250000 - 0x00007ff9565c4000 	C:\WINDOWS\System32\KERNELBASE.dll
0x00007ff9567c0000 - 0x00007ff9568d1000 	C:\WINDOWS\System32\ucrtbase.dll
0x00007ff9511e0000 - 0x00007ff9511f7000 	D:\Android\jre\bin\VCRUNTIME140.dll
0x00007ff93fb00000 - 0x00007ff93fb19000 	D:\Android\jre\bin\jli.dll
0x00007ff957680000 - 0x00007ff95782c000 	C:\WINDOWS\System32\USER32.dll
0x00007ff955f30000 - 0x00007ff955f56000 	C:\WINDOWS\System32\win32u.dll
0x00007ff93fd70000 - 0x00007ff940015000 	C:\WINDOWS\WinSxS\amd64_microsoft.windows.common-controls_6595b64144ccf1df_6.0.22000.120_none_9d947278b86cc467\COMCTL32.dll
0x00007ff9568e0000 - 0x00007ff956909000 	C:\WINDOWS\System32\GDI32.dll
0x00007ff957160000 - 0x00007ff957203000 	C:\WINDOWS\System32\msvcrt.dll
0x00007ff956020000 - 0x00007ff956132000 	C:\WINDOWS\System32\gdi32full.dll
0x00007ff956140000 - 0x00007ff9561dd000 	C:\WINDOWS\System32\msvcp_win.dll
0x00007ff958070000 - 0x00007ff9580a1000 	C:\WINDOWS\System32\IMM32.DLL
0x00007ff91d7b0000 - 0x00007ff91d84d000 	D:\Android\jre\bin\msvcp140.dll
0x00007ff8f2260000 - 0x00007ff8f2d35000 	D:\Android\jre\bin\server\jvm.dll
0x00007ff9570b0000 - 0x00007ff95715e000 	C:\WINDOWS\System32\ADVAPI32.dll
0x00007ff9579f0000 - 0x00007ff957a8e000 	C:\WINDOWS\System32\sechost.dll
0x00007ff956a00000 - 0x00007ff956b20000 	C:\WINDOWS\System32\RPCRT4.dll
0x00007ff956c40000 - 0x00007ff956c48000 	C:\WINDOWS\System32\PSAPI.DLL
0x00007ff93b580000 - 0x00007ff93b589000 	C:\WINDOWS\SYSTEM32\WSOCK32.dll
0x00007ff950e20000 - 0x00007ff950e53000 	C:\WINDOWS\SYSTEM32\WINMM.dll
0x00007ff956e70000 - 0x00007ff956edf000 	C:\WINDOWS\System32\WS2_32.dll
0x00007ff94f9d0000 - 0x00007ff94f9da000 	C:\WINDOWS\SYSTEM32\VERSION.dll
0x00007ff9550e0000 - 0x00007ff9550f8000 	C:\WINDOWS\SYSTEM32\kernel.appcore.dll
0x00007ff9511b0000 - 0x00007ff9511c1000 	D:\Android\jre\bin\verify.dll
0x00007ff953b20000 - 0x00007ff953d41000 	C:\WINDOWS\SYSTEM32\DBGHELP.DLL
0x00007ff94db50000 - 0x00007ff94db81000 	C:\WINDOWS\SYSTEM32\dbgcore.DLL
0x00007ff9565d0000 - 0x00007ff95664f000 	C:\WINDOWS\System32\bcryptPrimitives.dll
0x00007ff9441f0000 - 0x00007ff944219000 	D:\Android\jre\bin\java.dll
0x00007ff951b80000 - 0x00007ff951b8b000 	D:\Android\jre\bin\jimage.dll
0x00007ff94cd10000 - 0x00007ff94cd28000 	D:\Android\jre\bin\zip.dll
0x00007ff9580b0000 - 0x00007ff95885e000 	C:\WINDOWS\System32\SHELL32.dll
0x00007ff954070000 - 0x00007ff9548d7000 	C:\WINDOWS\SYSTEM32\windows.storage.dll
0x00007ff957210000 - 0x00007ff957588000 	C:\WINDOWS\System32\combase.dll
0x00007ff953f00000 - 0x00007ff954066000 	C:\WINDOWS\SYSTEM32\wintypes.dll
0x00007ff957590000 - 0x00007ff95767a000 	C:\WINDOWS\System32\SHCORE.dll
0x00007ff956de0000 - 0x00007ff956e3d000 	C:\WINDOWS\System32\shlwapi.dll
0x00007ff955e60000 - 0x00007ff955e81000 	C:\WINDOWS\SYSTEM32\profapi.dll
0x00007ff942c80000 - 0x00007ff942c9a000 	D:\Android\jre\bin\net.dll
0x00007ff950fe0000 - 0x00007ff9510ec000 	C:\WINDOWS\SYSTEM32\WINHTTP.dll
0x00007ff955510000 - 0x00007ff955577000 	C:\WINDOWS\system32\mswsock.dll
0x00007ff942610000 - 0x00007ff942624000 	D:\Android\jre\bin\nio.dll
0x00007ff935790000 - 0x00007ff9357b7000 	C:\Users\ASUS\.gradle\native\e1d6ef7f7dcc3fd88c89a11ec53ec762bb8ba0a96d01ffa2cd45eb1d1d8dd5c5\windows-amd64\native-platform.dll
0x00007ff919770000 - 0x00007ff9198b4000 	C:\Users\ASUS\.gradle\native\5664cfc778a61ccfe75a443a1ab52a65af34e5dc3c78e0209fed803814484fcb\windows-amd64\native-platform-file-events.dll
0x00007ff951b50000 - 0x00007ff951b5a000 	D:\Android\jre\bin\management.dll
0x00007ff9511a0000 - 0x00007ff9511ad000 	D:\Android\jre\bin\management_ext.dll
0x00007ff9557a0000 - 0x00007ff9557b8000 	C:\WINDOWS\SYSTEM32\CRYPTSP.dll
0x00007ff955040000 - 0x00007ff955075000 	C:\WINDOWS\system32\rsaenh.dll
0x00007ff955640000 - 0x00007ff955669000 	C:\WINDOWS\SYSTEM32\USERENV.dll
0x00007ff955910000 - 0x00007ff955937000 	C:\WINDOWS\SYSTEM32\bcrypt.dll
0x00007ff955790000 - 0x00007ff95579c000 	C:\WINDOWS\SYSTEM32\CRYPTBASE.dll
0x00007ff954c10000 - 0x00007ff954c3d000 	C:\WINDOWS\SYSTEM32\IPHLPAPI.DLL
0x00007ff956e60000 - 0x00007ff956e69000 	C:\WINDOWS\System32\NSI.dll
0x00007ff9512e0000 - 0x00007ff9512f9000 	C:\WINDOWS\SYSTEM32\dhcpcsvc6.DLL
0x00007ff9515d0000 - 0x00007ff9515ee000 	C:\WINDOWS\SYSTEM32\dhcpcsvc.DLL
0x00007ff954c40000 - 0x00007ff954d27000 	C:\WINDOWS\SYSTEM32\DNSAPI.dll

dbghelp: loaded successfully - version: 4.0.5 - missing functions: none
symbol engine: initialized successfully - sym options: 0x614 - pdb path: .;D:\Android\jre\bin;C:\WINDOWS\SYSTEM32;C:\Program Files\AVAST Software\Avast;C:\WINDOWS\WinSxS\amd64_microsoft.windows.common-controls_6595b64144ccf1df_6.0.22000.120_none_9d947278b86cc467;D:\Android\jre\bin\server;C:\Users\ASUS\.gradle\native\e1d6ef7f7dcc3fd88c89a11ec53ec762bb8ba0a96d01ffa2cd45eb1d1d8dd5c5\windows-amd64;C:\Users\ASUS\.gradle\native\5664cfc778a61ccfe75a443a1ab52a65af34e5dc3c78e0209fed803814484fcb\windows-amd64

VM Arguments:
jvm_args: --add-opens=java.base/java.util=ALL-UNNAMED --add-opens=java.base/java.lang=ALL-UNNAMED --add-opens=java.base/java.lang.invoke=ALL-UNNAMED --add-opens=java.base/java.util=ALL-UNNAMED --add-opens=java.prefs/java.util.prefs=ALL-UNNAMED --add-opens=java.prefs/java.util.prefs=ALL-UNNAMED --add-opens=java.base/java.nio.charset=ALL-UNNAMED --add-opens=java.base/java.net=ALL-UNNAMED --add-opens=java.base/java.util.concurrent.atomic=ALL-UNNAMED -Xmx2048m -Dfile.encoding=UTF-8 -Duser.country=US -Duser.language=en -Duser.variant 
java_command: org.gradle.launcher.daemon.bootstrap.GradleDaemon 7.2
java_class_path (initial): C:\Users\ASUS\.gradle\wrapper\dists\gradle-7.2-bin\2dnblmf4td7x66yl1d74lt32g\gradle-7.2\lib\gradle-launcher-7.2.jar
Launcher Type: SUN_STANDARD

[Global flags]
     intx CICompilerCount                          = 4                                         {product} {ergonomic}
     uint ConcGCThreads                            = 2                                         {product} {ergonomic}
     uint G1ConcRefinementThreads                  = 8                                         {product} {ergonomic}
   size_t G1HeapRegionSize                         = 1048576                                   {product} {ergonomic}
    uintx GCDrainStackTargetSize                   = 64                                        {product} {ergonomic}
   size_t InitialHeapSize                          = 134217728                                 {product} {ergonomic}
   size_t MarkStackSize                            = 4194304                                   {product} {ergonomic}
   size_t MaxHeapSize                              = 2147483648                                {product} {command line}
   size_t MaxNewSize                               = 1287651328                                {product} {ergonomic}
   size_t MinHeapDeltaBytes                        = 1048576                                   {product} {ergonomic}
    uintx NonNMethodCodeHeapSize                   = 5836300                                {pd product} {ergonomic}
    uintx NonProfiledCodeHeapSize                  = 122910970                              {pd product} {ergonomic}
    uintx ProfiledCodeHeapSize                     = 122910970                              {pd product} {ergonomic}
    uintx ReservedCodeCacheSize                    = 251658240                              {pd product} {ergonomic}
     bool SegmentedCodeCache                       = true                                      {product} {ergonomic}
     bool UseCompressedClassPointers               = true                                 {lp64_product} {ergonomic}
     bool UseCompressedOops                        = true                                 {lp64_product} {ergonomic}
     bool UseG1GC                                  = true                                      {product} {ergonomic}
     bool UseLargePagesIndividualAllocation        = false                                  {pd product} {ergonomic}

Logging:
Log output configuration:
 #0: stdout all=warning uptime,level,tags
 #1: stderr all=off uptime,level,tags

Environment Variables:
JAVA_HOME=C:\Program Files\Java\jdk-17.0.1
PATH=C:\Program Files\Common Files\Oracle\Java\javapath;"C:\Program Files (x86)\Common Files\Oracle\Java\javapath;C:\Program Files\Java\jdk-10.0.2\bin";C:\WINDOWS\system32;C:\WINDOWS;C:\WINDOWS\System32\Wbem;C:\WINDOWS\System32\WindowsPowerShell\v1.0\;C:\WINDOWS\System32\OpenSSH\;C:\JAVA\BIN;C:\Program Files\Intel\WiFi\bin\;C:\Program Files\Common Files\Intel\WirelessCommon\;C:\Program Files\dotnet\;C:\Program Files\Java\jdk-17.0.1\bin;D:\MATLAB2019\bin;E:\Git\cmd;C:\Program Files\MySQL\MySQL Shell 8.0\bin\;C:\Users\ASUS\AppData\Local\Programs\Python\Python39\Scripts\;C:\Users\ASUS\AppData\Local\Programs\Python\Python39\;"C:\Users\ASUS\AppData\Local\Microsoft\WindowsApps;C:\Program Files\Java\jdk-10.0.2\bin";C:\Program Files\Java\jdk-10.0.2\bin;C:\Users\ASUS\AppData\Local\Microsoft\WindowsApps;C:\Program Files\JetBrains\PyCharm Community Edition 2020.1.2\bin;C:\Users\ASUS\AppData\Local\Programs\Microsoft VS Code\bin;C:\Program Files\CodeBlocks\MinGW\bin;%USERPROFILE%\AppData\Local\Microsoft\WindowsApps;;D:\iverilog\bin;D:\iverilog\gtkwave\bin
USERNAME=JAYATHILAKE
OS=Windows_NT
PROCESSOR_IDENTIFIER=Intel64 Family 6 Model 142 Stepping 10, GenuineIntel



---------------  S Y S T E M  ---------------

OS: Windows 10 , 64 bit Build 22000 (10.0.22000.434)
OS uptime: 2 days 19:04 hours
Hyper-V role detected

CPU:total 8 (initial active 8) (4 cores per cpu, 2 threads per core) family 6 model 142 stepping 10 microcode 0xe0, cmov, cx8, fxsr, mmx, sse, sse2, sse3, ssse3, sse4.1, sse4.2, popcnt, avx, avx2, aes, clmul, erms, 3dnowpref, lzcnt, ht, tsc, tscinvbit, bmi1, bmi2, adx, fma

Memory: 4k page, system-wide physical 8073M (405M free)
TotalPageFile size 12073M (AvailPageFile size 6M)
current process WorkingSet (physical memory assigned to process): 254M, peak: 254M
current process commit charge ("private bytes"): 313M, peak: 315M

vm_info: OpenJDK 64-Bit Server VM (11.0.11+9-b60-7590822) for windows-amd64 JRE (11.0.11+9-b60-7590822), built on Jul 29 2021 21:43:44 by "builder" with MS VC++ 14.0 (VS2015)

END.
