#
# There is insufficient memory for the Java Runtime Environment to continue.
# Native memory allocation (mmap) failed to map 38797312 bytes for Failed to commit area from 0x000000008b900000 to 0x000000008de00000 of length 38797312.
# Possible reasons:
#   The system is out of physical RAM or swap space
#   The process is running with CompressedOops enabled, and the Java Heap may be blocking the growth of the native heap
# Possible solutions:
#   Reduce memory load on the system
#   Increase physical memory or swap space
#   Check if swap backing store is full
#   Decrease Java heap size (-Xmx/-Xms)
#   Decrease number of Java threads
#   Decrease Java thread stack sizes (-Xss)
#   Set larger code cache with -XX:ReservedCodeCacheSize=
#   JVM is running with Unscaled Compressed Oops mode in which the Java heap is
#     placed in the first 4GB address space. The Java Heap base address is the
#     maximum limit for the native heap growth. Please use -XX:HeapBaseMinAddress
#     to set the Java Heap base and to place the Java Heap above 4GB virtual address.
# This output file may be truncated or incomplete.
#
#  Out of Memory Error (./src/hotspot/os/windows/os_windows.cpp:3301), pid=3488, tid=13264
#
# JRE version: OpenJDK Runtime Environment (11.0.11+9) (build 11.0.11+9-b60-7590822)
# Java VM: OpenJDK 64-Bit Server VM (11.0.11+9-b60-7590822, mixed mode, tiered, compressed oops, g1 gc, windows-amd64)
# No core dump will be written. Minidumps are not enabled by default on client versions of Windows
#

---------------  S U M M A R Y ------------

Command Line: --add-opens=java.base/java.util=ALL-UNNAMED --add-opens=java.base/java.lang=ALL-UNNAMED --add-opens=java.base/java.lang.invoke=ALL-UNNAMED --add-opens=java.base/java.util=ALL-UNNAMED --add-opens=java.prefs/java.util.prefs=ALL-UNNAMED --add-opens=java.prefs/java.util.prefs=ALL-UNNAMED --add-opens=java.base/java.nio.charset=ALL-UNNAMED --add-opens=java.base/java.net=ALL-UNNAMED --add-opens=java.base/java.util.concurrent.atomic=ALL-UNNAMED -Xmx2048m -Dfile.encoding=UTF-8 -Duser.country=US -Duser.language=en -Duser.variant org.gradle.launcher.daemon.bootstrap.GradleDaemon 7.2

Host: Intel(R) Core(TM) i5-8250U CPU @ 1.60GHz, 8 cores, 7G,  Windows 10 , 64 bit Build 22000 (10.0.22000.434)
Time: Thu Feb 17 17:20:56 2022 Sri Lanka Standard Time elapsed time: 37.371094 seconds (0d 0h 0m 37s)

---------------  T H R E A D  ---------------

Current thread (0x00000289fd348800):  VMThread "VM Thread" [stack: 0x000000dbaa700000,0x000000dbaa800000] [id=13264]

Stack: [0x000000dbaa700000,0x000000dbaa800000]
[error occurred during error reporting (printing stack bounds), id 0xc0000005, EXCEPTION_ACCESS_VIOLATION (0xc0000005) at pc=0x00000289e69c0f2d]

Native frames: (J=compiled Java code, j=interpreted, Vv=VM code, C=native code)
V  [jvm.dll+0x5f214a]
V  [jvm.dll+0x726fb5]
V  [jvm.dll+0x7285cd]
V  [jvm.dll+0x728be5]
V  [jvm.dll+0x728b9b]
V  [jvm.dll+0x5f14e8]
V  [jvm.dll+0x5f1c78]
C  [ntdll.dll+0xa86ef]
C  [ntdll.dll+0x35aea]
C  [ntdll.dll+0xa76fe]
C  0x00000289e69c0f2d

VM_Operation (0x000000dbabaf5930): G1CollectForAllocation, mode: safepoint, requested by thread 0x00000289ff6af800


---------------  P R O C E S S  ---------------

Threads class SMR info:
_java_thread_list=0x0000028987178b20, length=122, elements={
0x00000289e2ec4000, 0x00000289fd34b000, 0x00000289fd356000, 0x00000289fdce3800,
0x00000289fdce4800, 0x00000289fdce5800, 0x00000289fdcf3800, 0x00000289fd36a000,
0x00000289fd36d800, 0x00000289fde51000, 0x00000289ff10f800, 0x000002898029e000,
0x00000289fefa0000, 0x00000289ff83c000, 0x0000028980058800, 0x00000289ff6ae800,
0x00000289ff6af800, 0x00000289ff753000, 0x00000289804fc800, 0x00000289feb31800,
0x00000289feb32000, 0x00000289feb2e000, 0x00000289feb2f000, 0x00000289feb30000,
0x00000289feb33000, 0x00000289feb2d800, 0x00000289feb34000, 0x00000289feb30800,
0x0000028983292000, 0x0000028983291000, 0x0000028983292800, 0x0000028983295000,
0x0000028983296000, 0x0000028983293800, 0x0000028983294800, 0x0000028983290800,
0x0000028983297000, 0x000002898329b000, 0x000002898329a000, 0x000002898329c800,
0x0000028983297800, 0x000002898329e000, 0x0000028983298800, 0x000002898329f000,
0x0000028983299800, 0x0000028984806800, 0x0000028984808000, 0x0000028984808800,
0x0000028984809800, 0x000002898480c000, 0x000002898480a800, 0x000002898480b000,
0x000002898480d000, 0x0000028984807000, 0x0000028984811000, 0x0000028984810000,
0x000002898480e800, 0x0000028984811800, 0x000002898480f800, 0x0000028984813800,
0x0000028984812800, 0x000002898480d800, 0x0000028984814000, 0x0000028984815000,
0x00000289840f3000, 0x00000289840f2000, 0x00000289840f3800, 0x00000289840f1000,
0x00000289840f5800, 0x00000289840f4800, 0x00000289840f6000, 0x00000289840f0800,
0x00000289840f9800, 0x00000289840f8800, 0x00000289840fb000, 0x00000289840fc000,
0x00000289840f7800, 0x00000289840fc800, 0x00000289840fa000, 0x00000289840f7000,
0x00000289840fe800, 0x00000289840fd800, 0x00000289840ff000, 0x000002898481a800,
0x000002898481b800, 0x0000028984819000, 0x000002898481c800, 0x000002898481a000,
0x000002898481e000, 0x000002898481d000, 0x0000028984818000, 0x000002898481f000,
0x0000028984820800, 0x0000028984825800, 0x0000028984824800, 0x0000028984823800,
0x000002898481f800, 0x0000028984823000, 0x0000028984826000, 0x0000028984822000,
0x0000028984827000, 0x0000028984821000, 0x0000028983ea3000, 0x0000028983ea5800,
0x0000028983ea4000, 0x0000028983ea6800, 0x0000028983ea7000, 0x0000028983ea1800,
0x0000028983ea8000, 0x0000028983ea2000, 0x0000028983ea9000, 0x0000028983ea9800,
0x0000028983eaa800, 0x0000028983ea4800, 0x0000028983ead000, 0x0000028983eab000,
0x0000028983ead800, 0x0000028983eae800, 0x0000028983eac000, 0x0000028983eaf800,
0x0000028983eb0000, 0x0000028984d1b800
}

Java Threads: ( => current thread )
  0x00000289e2ec4000 JavaThread "main" [_thread_blocked, id=18784, stack(0x000000dbaa100000,0x000000dbaa200000)]
  0x00000289fd34b000 JavaThread "Reference Handler" daemon [_thread_blocked, id=12492, stack(0x000000dbaa800000,0x000000dbaa900000)]
  0x00000289fd356000 JavaThread "Finalizer" daemon [_thread_blocked, id=12864, stack(0x000000dbaa900000,0x000000dbaaa00000)]
  0x00000289fdce3800 JavaThread "Signal Dispatcher" daemon [_thread_blocked, id=14936, stack(0x000000dbaaa00000,0x000000dbaab00000)]
  0x00000289fdce4800 JavaThread "Attach Listener" daemon [_thread_blocked, id=18016, stack(0x000000dbaab00000,0x000000dbaac00000)]
  0x00000289fdce5800 JavaThread "Service Thread" daemon [_thread_blocked, id=5232, stack(0x000000dbaac00000,0x000000dbaad00000)]
  0x00000289fdcf3800 JavaThread "C2 CompilerThread0" daemon [_thread_blocked, id=2708, stack(0x000000dbaad00000,0x000000dbaae00000)]
  0x00000289fd36a000 JavaThread "C1 CompilerThread0" daemon [_thread_blocked, id=19092, stack(0x000000dbaae00000,0x000000dbaaf00000)]
  0x00000289fd36d800 JavaThread "Sweeper thread" daemon [_thread_blocked, id=19160, stack(0x000000dbaaf00000,0x000000dbab000000)]
  0x00000289fde51000 JavaThread "Common-Cleaner" daemon [_thread_blocked, id=1436, stack(0x000000dbab000000,0x000000dbab100000)]
  0x00000289ff10f800 JavaThread "Daemon health stats" [_thread_blocked, id=20312, stack(0x000000dbab200000,0x000000dbab300000)]
  0x000002898029e000 JavaThread "Incoming local TCP Connector on port 53928" [_thread_in_native, id=20040, stack(0x000000dbab500000,0x000000dbab600000)]
  0x00000289fefa0000 JavaThread "Daemon periodic checks" [_thread_blocked, id=7596, stack(0x000000dbab600000,0x000000dbab700000)]
  0x00000289ff83c000 JavaThread "Daemon" [_thread_blocked, id=13000, stack(0x000000dbab700000,0x000000dbab800000)]
  0x0000028980058800 JavaThread "Handler for socket connection from /127.0.0.1:53928 to /127.0.0.1:53929" [_thread_in_native, id=12444, stack(0x000000dbab800000,0x000000dbab900000)]
  0x00000289ff6ae800 JavaThread "Cancel handler" [_thread_blocked, id=13140, stack(0x000000dbab900000,0x000000dbaba00000)]
  0x00000289ff6af800 JavaThread "Daemon worker" [_thread_blocked, id=8828, stack(0x000000dbaba00000,0x000000dbabb00000)]
  0x00000289ff753000 JavaThread "Asynchronous log dispatcher for DefaultDaemonConnection: socket connection from /127.0.0.1:53928 to /127.0.0.1:53929" [_thread_blocked, id=19776, stack(0x000000dbabc00000,0x000000dbabd00000)]
  0x00000289804fc800 JavaThread "Stdin handler" [_thread_blocked, id=15048, stack(0x000000dbabd00000,0x000000dbabe00000)]
  0x00000289feb31800 JavaThread "Daemon client event forwarder" [_thread_blocked, id=11512, stack(0x000000dbabe00000,0x000000dbabf00000)]
  0x00000289feb32000 JavaThread "Cache worker for journal cache (C:\Users\ASUS\.gradle\caches\journal-1)" [_thread_blocked, id=14644, stack(0x000000dbabb00000,0x000000dbabc00000)]
  0x00000289feb2e000 JavaThread "File lock request listener" [_thread_in_native, id=3628, stack(0x000000dbac400000,0x000000dbac500000)]
  0x00000289feb2f000 JavaThread "Cache worker for file hash cache (C:\Users\ASUS\.gradle\caches\7.2\fileHashes)" [_thread_blocked, id=17800, stack(0x000000dbac600000,0x000000dbac700000)]
  0x00000289feb30000 JavaThread "Cache worker for file hash cache (E:\ENG COM\SEM 4\CO225-  Software Construction\CO225-Group Project-20220125\clonePro\JavaProject\.gradle\7.2\fileHashes)" [_thread_blocked, id=13548, stack(0x000000dbac800000,0x000000dbac900000)]
  0x00000289feb33000 JavaThread "File watcher server" daemon [_thread_in_native, id=15264, stack(0x000000dbac900000,0x000000dbaca00000)]
  0x00000289feb2d800 JavaThread "File watcher consumer" daemon [_thread_blocked, id=20596, stack(0x000000dbaca00000,0x000000dbacb00000)]
  0x00000289feb34000 JavaThread "jar transforms" [_thread_blocked, id=12512, stack(0x000000dbacb00000,0x000000dbacc00000)]
  0x00000289feb30800 JavaThread "jar transforms Thread 2" [_thread_blocked, id=19872, stack(0x000000dbacc00000,0x000000dbacd00000)]
  0x0000028983292000 JavaThread "jar transforms Thread 3" [_thread_blocked, id=21412, stack(0x000000dbacd00000,0x000000dbace00000)]
  0x0000028983291000 JavaThread "jar transforms Thread 4" [_thread_blocked, id=12432, stack(0x000000dbace00000,0x000000dbacf00000)]
  0x0000028983292800 JavaThread "jar transforms Thread 5" [_thread_blocked, id=21160, stack(0x000000dbacf00000,0x000000dbad000000)]
  0x0000028983295000 JavaThread "jar transforms Thread 6" [_thread_blocked, id=13136, stack(0x000000dbad000000,0x000000dbad100000)]
  0x0000028983296000 JavaThread "jar transforms Thread 7" [_thread_blocked, id=9456, stack(0x000000dbad100000,0x000000dbad200000)]
  0x0000028983293800 JavaThread "jar transforms Thread 8" [_thread_blocked, id=19216, stack(0x000000dbad200000,0x000000dbad300000)]
  0x0000028983294800 JavaThread "Cache worker for checksums cache (E:\ENG COM\SEM 4\CO225-  Software Construction\CO225-Group Project-20220125\clonePro\JavaProject\.gradle\checksums)" [_thread_blocked, id=7924, stack(0x000000dbad300000,0x000000dbad400000)]
  0x0000028983290800 JavaThread "Cache worker for cache directory md-supplier (C:\Users\ASUS\.gradle\caches\7.2\md-supplier)" [_thread_blocked, id=8288, stack(0x000000dbad400000,0x000000dbad500000)]
  0x0000028983297000 JavaThread "Cache worker for cache directory md-rule (C:\Users\ASUS\.gradle\caches\7.2\md-rule)" [_thread_blocked, id=7824, stack(0x000000dbad500000,0x000000dbad600000)]
  0x000002898329b000 JavaThread "Cache worker for execution history cache (C:\Users\ASUS\.gradle\caches\7.2\executionHistory)" [_thread_blocked, id=16700, stack(0x000000dbad600000,0x000000dbad700000)]
  0x000002898329a000 JavaThread "Cache worker for file content cache (C:\Users\ASUS\.gradle\caches\7.2\fileContent)" [_thread_blocked, id=12232, stack(0x000000dbad700000,0x000000dbad800000)]
  0x000002898329c800 JavaThread "Cache worker for dependencies-accessors (E:\ENG COM\SEM 4\CO225-  Software Construction\CO225-Group Project-20220125\clonePro\JavaProject\.gradle\7.2\dependencies-accessors)" [_thread_blocked, id=4264, stack(0x000000dbad800000,0x000000dbad900000)]
  0x0000028983297800 JavaThread "Cache worker for Build Output Cleanup Cache (E:\ENG COM\SEM 4\CO225-  Software Construction\CO225-Group Project-20220125\clonePro\JavaProject\.gradle\buildOutputCleanup)" [_thread_blocked, id=21428, stack(0x000000dbad900000,0x000000dbada00000)]
  0x000002898329e000 JavaThread "Unconstrained build operations" [_thread_blocked, id=10224, stack(0x000000dbada00000,0x000000dbadb00000)]
  0x0000028983298800 JavaThread "Unconstrained build operations Thread 2" [_thread_blocked, id=19404, stack(0x000000dbadb00000,0x000000dbadc00000)]
  0x000002898329f000 JavaThread "Unconstrained build operations Thread 3" [_thread_blocked, id=3660, stack(0x000000dbadc00000,0x000000dbadd00000)]
  0x0000028983299800 JavaThread "Unconstrained build operations Thread 4" [_thread_blocked, id=18144, stack(0x000000dbadd00000,0x000000dbade00000)]
  0x0000028984806800 JavaThread "Unconstrained build operations Thread 5" [_thread_blocked, id=4760, stack(0x000000dbade00000,0x000000dbadf00000)]
  0x0000028984808000 JavaThread "Unconstrained build operations Thread 6" [_thread_blocked, id=1452, stack(0x000000dbadf00000,0x000000dbae000000)]
  0x0000028984808800 JavaThread "Unconstrained build operations Thread 7" [_thread_blocked, id=10048, stack(0x000000dbae000000,0x000000dbae100000)]
  0x0000028984809800 JavaThread "Unconstrained build operations Thread 8" [_thread_blocked, id=5080, stack(0x000000dbae100000,0x000000dbae200000)]
  0x000002898480c000 JavaThread "Unconstrained build operations Thread 9" [_thread_blocked, id=16420, stack(0x000000dbae200000,0x000000dbae300000)]
  0x000002898480a800 JavaThread "Unconstrained build operations Thread 10" [_thread_blocked, id=16896, stack(0x000000dbae300000,0x000000dbae400000)]
  0x000002898480b000 JavaThread "Unconstrained build operations Thread 11" [_thread_blocked, id=3888, stack(0x000000dbae400000,0x000000dbae500000)]
  0x000002898480d000 JavaThread "Unconstrained build operations Thread 12" [_thread_blocked, id=9220, stack(0x000000dbae500000,0x000000dbae600000)]
  0x0000028984807000 JavaThread "Unconstrained build operations Thread 13" [_thread_blocked, id=1264, stack(0x000000dbae600000,0x000000dbae700000)]
  0x0000028984811000 JavaThread "Unconstrained build operations Thread 14" [_thread_blocked, id=2736, stack(0x000000dbae700000,0x000000dbae800000)]
  0x0000028984810000 JavaThread "Unconstrained build operations Thread 15" [_thread_blocked, id=11360, stack(0x000000dbae800000,0x000000dbae900000)]
  0x000002898480e800 JavaThread "Unconstrained build operations Thread 16" [_thread_blocked, id=19180, stack(0x000000dbae900000,0x000000dbaea00000)]
  0x0000028984811800 JavaThread "Unconstrained build operations Thread 17" [_thread_blocked, id=17404, stack(0x000000dbaea00000,0x000000dbaeb00000)]
  0x000002898480f800 JavaThread "Unconstrained build operations Thread 18" [_thread_blocked, id=20292, stack(0x000000dbaeb00000,0x000000dbaec00000)]
  0x0000028984813800 JavaThread "Unconstrained build operations Thread 19" [_thread_blocked, id=5544, stack(0x000000dbaec00000,0x000000dbaed00000)]
  0x0000028984812800 JavaThread "Unconstrained build operations Thread 20" [_thread_blocked, id=16192, stack(0x000000dbaed00000,0x000000dbaee00000)]
  0x000002898480d800 JavaThread "Unconstrained build operations Thread 21" [_thread_blocked, id=5732, stack(0x000000dbaee00000,0x000000dbaef00000)]
  0x0000028984814000 JavaThread "Unconstrained build operations Thread 22" [_thread_blocked, id=10568, stack(0x000000dbaef00000,0x000000dbaf000000)]
  0x0000028984815000 JavaThread "Unconstrained build operations Thread 23" [_thread_blocked, id=18980, stack(0x000000dbaf000000,0x000000dbaf100000)]
  0x00000289840f3000 JavaThread "Unconstrained build operations Thread 24" [_thread_blocked, id=9172, stack(0x000000dbaf100000,0x000000dbaf200000)]
  0x00000289840f2000 JavaThread "Unconstrained build operations Thread 25" [_thread_blocked, id=9624, stack(0x000000dbaf200000,0x000000dbaf300000)]
  0x00000289840f3800 JavaThread "Unconstrained build operations Thread 26" [_thread_blocked, id=21332, stack(0x000000dbaf300000,0x000000dbaf400000)]
  0x00000289840f1000 JavaThread "Unconstrained build operations Thread 27" [_thread_blocked, id=2484, stack(0x000000dbaf400000,0x000000dbaf500000)]
  0x00000289840f5800 JavaThread "Unconstrained build operations Thread 28" [_thread_blocked, id=10024, stack(0x000000dbaf500000,0x000000dbaf600000)]
  0x00000289840f4800 JavaThread "Unconstrained build operations Thread 29" [_thread_blocked, id=12548, stack(0x000000dbaf600000,0x000000dbaf700000)]
  0x00000289840f6000 JavaThread "Unconstrained build operations Thread 30" [_thread_blocked, id=19876, stack(0x000000dbaf700000,0x000000dbaf800000)]
  0x00000289840f0800 JavaThread "Unconstrained build operations Thread 31" [_thread_blocked, id=15528, stack(0x000000dbaf800000,0x000000dbaf900000)]
  0x00000289840f9800 JavaThread "Unconstrained build operations Thread 32" [_thread_blocked, id=6588, stack(0x000000dbaf900000,0x000000dbafa00000)]
  0x00000289840f8800 JavaThread "Unconstrained build operations Thread 33" [_thread_blocked, id=15064, stack(0x000000dbafa00000,0x000000dbafb00000)]
  0x00000289840fb000 JavaThread "Unconstrained build operations Thread 34" [_thread_blocked, id=16064, stack(0x000000dbafb00000,0x000000dbafc00000)]
  0x00000289840fc000 JavaThread "Unconstrained build operations Thread 35" [_thread_blocked, id=9804, stack(0x000000dbafc00000,0x000000dbafd00000)]
  0x00000289840f7800 JavaThread "Unconstrained build operations Thread 36" [_thread_blocked, id=15488, stack(0x000000dbafd00000,0x000000dbafe00000)]
  0x00000289840fc800 JavaThread "Unconstrained build operations Thread 37" [_thread_blocked, id=17124, stack(0x000000dbafe00000,0x000000dbaff00000)]
  0x00000289840fa000 JavaThread "Unconstrained build operations Thread 38" [_thread_blocked, id=10932, stack(0x000000dbaff00000,0x000000dbb0000000)]
  0x00000289840f7000 JavaThread "Unconstrained build operations Thread 39" [_thread_blocked, id=20096, stack(0x000000dbb0000000,0x000000dbb0100000)]
  0x00000289840fe800 JavaThread "Unconstrained build operations Thread 40" [_thread_blocked, id=3648, stack(0x000000dbb0100000,0x000000dbb0200000)]
  0x00000289840fd800 JavaThread "Unconstrained build operations Thread 41" [_thread_blocked, id=20600, stack(0x000000dbb0200000,0x000000dbb0300000)]
  0x00000289840ff000 JavaThread "Unconstrained build operations Thread 42" [_thread_blocked, id=10480, stack(0x000000dbb0300000,0x000000dbb0400000)]
  0x000002898481a800 JavaThread "Unconstrained build operations Thread 43" [_thread_blocked, id=12616, stack(0x000000dbb0400000,0x000000dbb0500000)]
  0x000002898481b800 JavaThread "Unconstrained build operations Thread 44" [_thread_blocked, id=20776, stack(0x000000dbb0500000,0x000000dbb0600000)]
  0x0000028984819000 JavaThread "Unconstrained build operations Thread 45" [_thread_blocked, id=868, stack(0x000000dbb0600000,0x000000dbb0700000)]
  0x000002898481c800 JavaThread "Unconstrained build operations Thread 46" [_thread_blocked, id=12956, stack(0x000000dbb0700000,0x000000dbb0800000)]
  0x000002898481a000 JavaThread "Unconstrained build operations Thread 47" [_thread_blocked, id=19636, stack(0x000000dbb0800000,0x000000dbb0900000)]
  0x000002898481e000 JavaThread "Unconstrained build operations Thread 48" [_thread_blocked, id=18276, stack(0x000000dbb0900000,0x000000dbb0a00000)]
  0x000002898481d000 JavaThread "Unconstrained build operations Thread 49" [_thread_blocked, id=19116, stack(0x000000dbb0a00000,0x000000dbb0b00000)]
  0x0000028984818000 JavaThread "Unconstrained build operations Thread 50" [_thread_blocked, id=16340, stack(0x000000dbb0b00000,0x000000dbb0c00000)]
  0x000002898481f000 JavaThread "Unconstrained build operations Thread 51" [_thread_blocked, id=13228, stack(0x000000dbb0c00000,0x000000dbb0d00000)]
  0x0000028984820800 JavaThread "Unconstrained build operations Thread 52" [_thread_blocked, id=14624, stack(0x000000dbb0d00000,0x000000dbb0e00000)]
  0x0000028984825800 JavaThread "Unconstrained build operations Thread 53" [_thread_blocked, id=18524, stack(0x000000dbb0e00000,0x000000dbb0f00000)]
  0x0000028984824800 JavaThread "Unconstrained build operations Thread 54" [_thread_blocked, id=12164, stack(0x000000dbb0f00000,0x000000dbb1000000)]
  0x0000028984823800 JavaThread "Unconstrained build operations Thread 55" [_thread_blocked, id=11096, stack(0x000000dbb1000000,0x000000dbb1100000)]
  0x000002898481f800 JavaThread "Unconstrained build operations Thread 56" [_thread_blocked, id=20936, stack(0x000000dbb1100000,0x000000dbb1200000)]
  0x0000028984823000 JavaThread "Unconstrained build operations Thread 57" [_thread_blocked, id=14320, stack(0x000000dbb1200000,0x000000dbb1300000)]
  0x0000028984826000 JavaThread "Unconstrained build operations Thread 58" [_thread_blocked, id=19632, stack(0x000000dbb1300000,0x000000dbb1400000)]
  0x0000028984822000 JavaThread "Unconstrained build operations Thread 59" [_thread_blocked, id=11412, stack(0x000000dbb1400000,0x000000dbb1500000)]
  0x0000028984827000 JavaThread "Unconstrained build operations Thread 60" [_thread_blocked, id=13720, stack(0x000000dbb1500000,0x000000dbb1600000)]
  0x0000028984821000 JavaThread "Unconstrained build operations Thread 61" [_thread_blocked, id=18048, stack(0x000000dbb1600000,0x000000dbb1700000)]
  0x0000028983ea3000 JavaThread "Unconstrained build operations Thread 62" [_thread_blocked, id=6296, stack(0x000000dbb1700000,0x000000dbb1800000)]
  0x0000028983ea5800 JavaThread "Unconstrained build operations Thread 63" [_thread_blocked, id=11716, stack(0x000000dbb1800000,0x000000dbb1900000)]
  0x0000028983ea4000 JavaThread "Unconstrained build operations Thread 64" [_thread_blocked, id=8428, stack(0x000000dbb1900000,0x000000dbb1a00000)]
  0x0000028983ea6800 JavaThread "Unconstrained build operations Thread 65" [_thread_blocked, id=13244, stack(0x000000dbb1a00000,0x000000dbb1b00000)]
  0x0000028983ea7000 JavaThread "Unconstrained build operations Thread 66" [_thread_blocked, id=12852, stack(0x000000dbb1b00000,0x000000dbb1c00000)]
  0x0000028983ea1800 JavaThread "Unconstrained build operations Thread 67" [_thread_blocked, id=792, stack(0x000000dbb1c00000,0x000000dbb1d00000)]
  0x0000028983ea8000 JavaThread "Unconstrained build operations Thread 68" [_thread_blocked, id=1524, stack(0x000000dbb1d00000,0x000000dbb1e00000)]
  0x0000028983ea2000 JavaThread "Unconstrained build operations Thread 69" [_thread_blocked, id=14560, stack(0x000000dbb1e00000,0x000000dbb1f00000)]
  0x0000028983ea9000 JavaThread "Unconstrained build operations Thread 70" [_thread_blocked, id=5660, stack(0x000000dbb1f00000,0x000000dbb2000000)]
  0x0000028983ea9800 JavaThread "Unconstrained build operations Thread 71" [_thread_blocked, id=5500, stack(0x000000dbb2000000,0x000000dbb2100000)]
  0x0000028983eaa800 JavaThread "Unconstrained build operations Thread 72" [_thread_blocked, id=3288, stack(0x000000dbb2100000,0x000000dbb2200000)]
  0x0000028983ea4800 JavaThread "Unconstrained build operations Thread 73" [_thread_blocked, id=19556, stack(0x000000dbb2200000,0x000000dbb2300000)]
  0x0000028983ead000 JavaThread "Unconstrained build operations Thread 74" [_thread_blocked, id=10500, stack(0x000000dbb2300000,0x000000dbb2400000)]
  0x0000028983eab000 JavaThread "Unconstrained build operations Thread 75" [_thread_blocked, id=20924, stack(0x000000dbb2400000,0x000000dbb2500000)]
  0x0000028983ead800 JavaThread "Unconstrained build operations Thread 76" [_thread_blocked, id=13772, stack(0x000000dbb2500000,0x000000dbb2600000)]
  0x0000028983eae800 JavaThread "Unconstrained build operations Thread 77" [_thread_blocked, id=13572, stack(0x000000dbb2600000,0x000000dbb2700000)]
  0x0000028983eac000 JavaThread "Unconstrained build operations Thread 78" [_thread_blocked, id=20956, stack(0x000000dbb2700000,0x000000dbb2800000)]
  0x0000028983eaf800 JavaThread "Unconstrained build operations Thread 79" [_thread_blocked, id=7912, stack(0x000000dbb2800000,0x000000dbb2900000)]
  0x0000028983eb0000 JavaThread "Unconstrained build operations Thread 80" [_thread_blocked, id=16440, stack(0x000000dbb2900000,0x000000dbb2a00000)]
  0x0000028984d1b800 JavaThread "Memory manager" [_thread_blocked, id=5284, stack(0x000000dbb2a00000,0x000000dbb2b00000)]

Other Threads:
=>0x00000289fd348800 VMThread "VM Thread" [stack: 0x000000dbaa700000,0x000000dbaa800000] [id=13264]
  0x00000289fde61000 WatcherThread [stack: 0x000000dbab100000,0x000000dbab200000] [id=11556]
  0x00000289e2ede800 GCTaskThread "GC Thread#0" [stack: 0x000000dbaa200000,0x000000dbaa300000] [id=1688]
  0x00000289fe182800 GCTaskThread "GC Thread#1" [stack: 0x000000dbab300000,0x000000dbab400000] [id=13688]
  0x00000289fe74d000 GCTaskThread "GC Thread#2" [stack: 0x000000dbab400000,0x000000dbab500000] [id=10596]
  0x00000289ff30e000 GCTaskThread "GC Thread#3" [stack: 0x000000dbabf00000,0x000000dbac000000] [id=19580]
  0x00000289fed4f800 GCTaskThread "GC Thread#4" [stack: 0x000000dbac000000,0x000000dbac100000] [id=3872]
  0x00000289ff5e3800 GCTaskThread "GC Thread#5" [stack: 0x000000dbac100000,0x000000dbac200000] [id=18536]
  0x00000289ff431800 GCTaskThread "GC Thread#6" [stack: 0x000000dbac200000,0x000000dbac300000] [id=2096]
  0x0000028980505800 GCTaskThread "GC Thread#7" [stack: 0x000000dbac300000,0x000000dbac400000] [id=10592]
  0x00000289e2f0f800 ConcurrentGCThread "G1 Main Marker" [stack: 0x000000dbaa300000,0x000000dbaa400000] [id=18840]
  0x00000289e2f11000 ConcurrentGCThread "G1 Conc#0" [stack: 0x000000dbaa400000,0x000000dbaa500000] [id=20844]
  0x00000289800db800 ConcurrentGCThread "G1 Conc#1" [stack: 0x000000dbac500000,0x000000dbac600000] [id=16092]
  0x00000289fd196800 ConcurrentGCThread "G1 Refine#0" [stack: 0x000000dbaa500000,0x000000dbaa600000] [id=16400]
  0x00000289fd198000 ConcurrentGCThread "G1 Young RemSet Sampling" [stack: 0x000000dbaa600000,0x000000dbaa700000] [id=952]

Threads with active compile tasks:
C2 CompilerThread0  37451 10514       4       org.objectweb.asm.SymbolTable::addConstantUtf8 (98 bytes)
C1 CompilerThread0  37451 10641 %     3       org.objectweb.asm.ClassWriter::toByteArray @ 17 (1535 bytes)

VM state:at safepoint (normal execution)

VM Mutex/Monitor currently owned by a thread:  ([mutex/lock_event])
[0x00000289e2ec0a70] Threads_lock - owner thread: 0x00000289fd348800
[0x00000289e2ec1010] Heap_lock - owner thread: 0x00000289ff6af800

Heap address: 0x0000000080000000, size: 2048 MB, Compressed Oops mode: 32-bit
Narrow klass base: 0x0000000000000000, Narrow klass shift: 3
Compressed class space size: 1073741824 Address: 0x0000000100000000

Heap:
 garbage-first heap   total 227328K, used 114146K [0x0000000080000000, 0x0000000100000000)
  region size 1024K, 6 young (6144K), 6 survivors (6144K)
 Metaspace       used 91906K, capacity 94434K, committed 95348K, reserved 1132544K
  class space    used 11785K, capacity 12661K, committed 13004K, reserved 1048576K
Heap Regions: E=young(eden), S=young(survivor), O=old, HS=humongous(starts), HC=humongous(continues), CS=collection set, F=free, A=archive, TAMS=top-at-mark-start (previous, next)
|   0|0x0000000080000000, 0x0000000080100000, 0x0000000080100000|100%| O|  |TAMS 0x0000000080100000, 0x0000000080000000| Untracked 
|   1|0x0000000080100000, 0x0000000080200000, 0x0000000080200000|100%| O|  |TAMS 0x0000000080200000, 0x0000000080100000| Untracked 
|   2|0x0000000080200000, 0x0000000080300000, 0x0000000080300000|100%| O|  |TAMS 0x0000000080300000, 0x0000000080200000| Untracked 
|   3|0x0000000080300000, 0x0000000080400000, 0x0000000080400000|100%|HS|  |TAMS 0x0000000080400000, 0x0000000080300000| Complete 
|   4|0x0000000080400000, 0x0000000080500000, 0x0000000080500000|100%|HC|  |TAMS 0x0000000080500000, 0x0000000080400000| Complete 
|   5|0x0000000080500000, 0x0000000080600000, 0x0000000080600000|100%|HC|  |TAMS 0x0000000080600000, 0x0000000080500000| Complete 
|   6|0x0000000080600000, 0x0000000080700000, 0x0000000080700000|100%| O|  |TAMS 0x0000000080700000, 0x0000000080600000| Untracked 
|   7|0x0000000080700000, 0x0000000080800000, 0x0000000080800000|100%| O|  |TAMS 0x0000000080800000, 0x0000000080700000| Untracked 
|   8|0x0000000080800000, 0x0000000080900000, 0x0000000080900000|100%| O|  |TAMS 0x0000000080900000, 0x0000000080800000| Untracked 
|   9|0x0000000080900000, 0x0000000080a00000, 0x0000000080a00000|100%| O|  |TAMS 0x0000000080a00000, 0x0000000080900000| Untracked 
|  10|0x0000000080a00000, 0x0000000080b00000, 0x0000000080b00000|100%| O|  |TAMS 0x0000000080b00000, 0x0000000080a00000| Untracked 
|  11|0x0000000080b00000, 0x0000000080c00000, 0x0000000080c00000|100%| O|  |TAMS 0x0000000080c00000, 0x0000000080b00000| Untracked 
|  12|0x0000000080c00000, 0x0000000080d00000, 0x0000000080d00000|100%| O|  |TAMS 0x0000000080d00000, 0x0000000080c00000| Untracked 
|  13|0x0000000080d00000, 0x0000000080e00000, 0x0000000080e00000|100%| O|  |TAMS 0x0000000080e00000, 0x0000000080d00000| Untracked 
|  14|0x0000000080e00000, 0x0000000080f00000, 0x0000000080f00000|100%| O|  |TAMS 0x0000000080f00000, 0x0000000080e00000| Untracked 
|  15|0x0000000080f00000, 0x0000000081000000, 0x0000000081000000|100%| O|  |TAMS 0x0000000081000000, 0x0000000080f00000| Untracked 
|  16|0x0000000081000000, 0x0000000081100000, 0x0000000081100000|100%|HS|  |TAMS 0x0000000081100000, 0x0000000081000000| Complete 
|  17|0x0000000081100000, 0x0000000081200000, 0x0000000081200000|100%|HC|  |TAMS 0x0000000081200000, 0x0000000081100000| Complete 
|  18|0x0000000081200000, 0x0000000081300000, 0x0000000081300000|100%|HS|  |TAMS 0x0000000081300000, 0x0000000081200000| Complete 
|  19|0x0000000081300000, 0x0000000081400000, 0x0000000081400000|100%|HC|  |TAMS 0x0000000081400000, 0x0000000081300000| Complete 
|  20|0x0000000081400000, 0x0000000081500000, 0x0000000081500000|100%|HC|  |TAMS 0x0000000081500000, 0x0000000081400000| Complete 
|  21|0x0000000081500000, 0x0000000081600000, 0x0000000081600000|100%|HS|  |TAMS 0x0000000081600000, 0x0000000081500000| Complete 
|  22|0x0000000081600000, 0x0000000081700000, 0x0000000081700000|100%|HC|  |TAMS 0x0000000081700000, 0x0000000081600000| Complete 
|  23|0x0000000081700000, 0x0000000081800000, 0x0000000081800000|100%|HC|  |TAMS 0x0000000081800000, 0x0000000081700000| Complete 
|  24|0x0000000081800000, 0x0000000081900000, 0x0000000081900000|100%|HC|  |TAMS 0x0000000081900000, 0x0000000081800000| Complete 
|  25|0x0000000081900000, 0x0000000081a00000, 0x0000000081a00000|100%| O|  |TAMS 0x0000000081a00000, 0x0000000081900000| Untracked 
|  26|0x0000000081a00000, 0x0000000081b00000, 0x0000000081b00000|100%| O|  |TAMS 0x0000000081b00000, 0x0000000081a00000| Untracked 
|  27|0x0000000081b00000, 0x0000000081c00000, 0x0000000081c00000|100%| O|  |TAMS 0x0000000081c00000, 0x0000000081b00000| Untracked 
|  28|0x0000000081c00000, 0x0000000081d00000, 0x0000000081d00000|100%| O|  |TAMS 0x0000000081d00000, 0x0000000081c00000| Untracked 
|  29|0x0000000081d00000, 0x0000000081e00000, 0x0000000081e00000|100%| O|  |TAMS 0x0000000081e00000, 0x0000000081d00000| Untracked 
|  30|0x0000000081e00000, 0x0000000081f00000, 0x0000000081f00000|100%| O|  |TAMS 0x0000000081f00000, 0x0000000081e00000| Untracked 
|  31|0x0000000081f00000, 0x0000000082000000, 0x0000000082000000|100%| O|  |TAMS 0x0000000082000000, 0x0000000081f00000| Untracked 
|  32|0x0000000082000000, 0x0000000082100000, 0x0000000082100000|100%| O|  |TAMS 0x0000000082100000, 0x0000000082000000| Untracked 
|  33|0x0000000082100000, 0x0000000082200000, 0x0000000082200000|100%|HS|  |TAMS 0x0000000082200000, 0x0000000082100000| Complete 
|  34|0x0000000082200000, 0x0000000082300000, 0x0000000082300000|100%|HC|  |TAMS 0x0000000082300000, 0x0000000082200000| Complete 
|  35|0x0000000082300000, 0x0000000082400000, 0x0000000082400000|100%|HC|  |TAMS 0x0000000082400000, 0x0000000082300000| Complete 
|  36|0x0000000082400000, 0x0000000082500000, 0x0000000082500000|100%| O|  |TAMS 0x0000000082500000, 0x0000000082400000| Untracked 
|  37|0x0000000082500000, 0x0000000082600000, 0x0000000082600000|100%| O|  |TAMS 0x0000000082600000, 0x0000000082500000| Untracked 
|  38|0x0000000082600000, 0x0000000082700000, 0x0000000082700000|100%| O|  |TAMS 0x0000000082700000, 0x0000000082600000| Untracked 
|  39|0x0000000082700000, 0x0000000082800000, 0x0000000082800000|100%| O|  |TAMS 0x0000000082800000, 0x0000000082700000| Untracked 
|  40|0x0000000082800000, 0x0000000082900000, 0x0000000082900000|100%| O|  |TAMS 0x0000000082900000, 0x0000000082800000| Untracked 
|  41|0x0000000082900000, 0x0000000082a00000, 0x0000000082a00000|100%| O|  |TAMS 0x0000000082a00000, 0x0000000082900000| Untracked 
|  42|0x0000000082a00000, 0x0000000082b00000, 0x0000000082b00000|100%| O|  |TAMS 0x0000000082b00000, 0x0000000082a00000| Untracked 
|  43|0x0000000082b00000, 0x0000000082c00000, 0x0000000082c00000|100%| O|  |TAMS 0x0000000082c00000, 0x0000000082b00000| Untracked 
|  44|0x0000000082c00000, 0x0000000082d00000, 0x0000000082d00000|100%| O|  |TAMS 0x0000000082d00000, 0x0000000082c00000| Untracked 
|  45|0x0000000082d00000, 0x0000000082e00000, 0x0000000082e00000|100%|HS|  |TAMS 0x0000000082e00000, 0x0000000082d00000| Complete 
|  46|0x0000000082e00000, 0x0000000082f00000, 0x0000000082f00000|100%|HC|  |TAMS 0x0000000082f00000, 0x0000000082e00000| Complete 
|  47|0x0000000082f00000, 0x0000000083000000, 0x0000000083000000|100%|HC|  |TAMS 0x0000000083000000, 0x0000000082f00000| Complete 
|  48|0x0000000083000000, 0x0000000083100000, 0x0000000083100000|100%|HC|  |TAMS 0x0000000083100000, 0x0000000083000000| Complete 
|  49|0x0000000083100000, 0x0000000083200000, 0x0000000083200000|100%| O|  |TAMS 0x0000000083200000, 0x0000000083100000| Untracked 
|  50|0x0000000083200000, 0x0000000083300000, 0x0000000083300000|100%| O|  |TAMS 0x0000000083300000, 0x0000000083200000| Untracked 
|  51|0x0000000083300000, 0x0000000083400000, 0x0000000083400000|100%| O|  |TAMS 0x0000000083400000, 0x0000000083300000| Untracked 
|  52|0x0000000083400000, 0x0000000083500000, 0x0000000083500000|100%|HS|  |TAMS 0x0000000083500000, 0x0000000083400000| Complete 
|  53|0x0000000083500000, 0x0000000083600000, 0x0000000083600000|100%|HS|  |TAMS 0x0000000083600000, 0x0000000083500000| Complete 
|  54|0x0000000083600000, 0x0000000083700000, 0x0000000083700000|100%|HS|  |TAMS 0x0000000083700000, 0x0000000083600000| Complete 
|  55|0x0000000083700000, 0x0000000083800000, 0x0000000083800000|100%|HS|  |TAMS 0x0000000083800000, 0x0000000083700000| Complete 
|  56|0x0000000083800000, 0x0000000083900000, 0x0000000083900000|100%|HC|  |TAMS 0x0000000083900000, 0x0000000083800000| Complete 
|  57|0x0000000083900000, 0x0000000083a00000, 0x0000000083a00000|100%| O|  |TAMS 0x0000000083a00000, 0x0000000083900000| Untracked 
|  58|0x0000000083a00000, 0x0000000083b00000, 0x0000000083b00000|100%| O|  |TAMS 0x0000000083b00000, 0x0000000083a00000| Untracked 
|  59|0x0000000083b00000, 0x0000000083c00000, 0x0000000083c00000|100%| O|  |TAMS 0x0000000083c00000, 0x0000000083b00000| Untracked 
|  60|0x0000000083c00000, 0x0000000083d00000, 0x0000000083d00000|100%| O|  |TAMS 0x0000000083d00000, 0x0000000083c00000| Untracked 
|  61|0x0000000083d00000, 0x0000000083e00000, 0x0000000083e00000|100%| O|  |TAMS 0x0000000083e00000, 0x0000000083d00000| Untracked 
|  62|0x0000000083e00000, 0x0000000083f00000, 0x0000000083f00000|100%| O|  |TAMS 0x0000000083f00000, 0x0000000083e00000| Untracked 
|  63|0x0000000083f00000, 0x0000000084000000, 0x0000000084000000|100%| O|  |TAMS 0x0000000084000000, 0x0000000083f00000| Untracked 
|  64|0x0000000084000000, 0x0000000084100000, 0x0000000084100000|100%| O|  |TAMS 0x0000000084100000, 0x0000000084000000| Untracked 
|  65|0x0000000084100000, 0x0000000084200000, 0x0000000084200000|100%| O|  |TAMS 0x0000000084200000, 0x0000000084100000| Untracked 
|  66|0x0000000084200000, 0x0000000084300000, 0x0000000084300000|100%| O|  |TAMS 0x0000000084300000, 0x0000000084200000| Untracked 
|  67|0x0000000084300000, 0x0000000084400000, 0x0000000084400000|100%| O|  |TAMS 0x0000000084400000, 0x0000000084300000| Untracked 
|  68|0x0000000084400000, 0x0000000084500000, 0x0000000084500000|100%| O|  |TAMS 0x0000000084500000, 0x0000000084400000| Untracked 
|  69|0x0000000084500000, 0x0000000084600000, 0x0000000084600000|100%| O|  |TAMS 0x0000000084600000, 0x0000000084500000| Untracked 
|  70|0x0000000084600000, 0x0000000084700000, 0x0000000084700000|100%| O|  |TAMS 0x0000000084700000, 0x0000000084600000| Untracked 
|  71|0x0000000084700000, 0x0000000084800000, 0x0000000084800000|100%| O|  |TAMS 0x0000000084800000, 0x0000000084700000| Untracked 
|  72|0x0000000084800000, 0x0000000084900000, 0x0000000084900000|100%| O|  |TAMS 0x0000000084900000, 0x0000000084800000| Untracked 
|  73|0x0000000084900000, 0x0000000084a00000, 0x0000000084a00000|100%| O|  |TAMS 0x0000000084a00000, 0x0000000084900000| Untracked 
|  74|0x0000000084a00000, 0x0000000084b00000, 0x0000000084b00000|100%| O|  |TAMS 0x0000000084b00000, 0x0000000084a00000| Untracked 
|  75|0x0000000084b00000, 0x0000000084c00000, 0x0000000084c00000|100%| O|  |TAMS 0x0000000084c00000, 0x0000000084b00000| Untracked 
|  76|0x0000000084c00000, 0x0000000084d00000, 0x0000000084d00000|100%| O|  |TAMS 0x0000000084d00000, 0x0000000084c00000| Untracked 
|  77|0x0000000084d00000, 0x0000000084e00000, 0x0000000084e00000|100%| O|  |TAMS 0x0000000084e00000, 0x0000000084d00000| Untracked 
|  78|0x0000000084e00000, 0x0000000084f00000, 0x0000000084f00000|100%| O|  |TAMS 0x0000000084f00000, 0x0000000084e00000| Untracked 
|  79|0x0000000084f00000, 0x0000000085000000, 0x0000000085000000|100%|HS|  |TAMS 0x0000000085000000, 0x0000000084f00000| Complete 
|  80|0x0000000085000000, 0x0000000085100000, 0x0000000085100000|100%|HC|  |TAMS 0x0000000085100000, 0x0000000085000000| Complete 
|  81|0x0000000085100000, 0x0000000085200000, 0x0000000085200000|100%|HS|  |TAMS 0x0000000085200000, 0x0000000085100000| Complete 
|  82|0x0000000085200000, 0x0000000085300000, 0x0000000085300000|100%|HC|  |TAMS 0x0000000085300000, 0x0000000085200000| Complete 
|  83|0x0000000085300000, 0x0000000085400000, 0x0000000085400000|100%|HC|  |TAMS 0x0000000085400000, 0x0000000085300000| Complete 
|  84|0x0000000085400000, 0x0000000085500000, 0x0000000085500000|100%|HS|  |TAMS 0x0000000085500000, 0x0000000085400000| Complete 
|  85|0x0000000085500000, 0x0000000085600000, 0x0000000085600000|100%|HC|  |TAMS 0x0000000085600000, 0x0000000085500000| Complete 
|  86|0x0000000085600000, 0x0000000085700000, 0x0000000085700000|100%|HC|  |TAMS 0x0000000085700000, 0x0000000085600000| Complete 
|  87|0x0000000085700000, 0x0000000085800000, 0x0000000085800000|100%|HC|  |TAMS 0x0000000085800000, 0x0000000085700000| Complete 
|  88|0x0000000085800000, 0x0000000085900000, 0x0000000085900000|100%| O|  |TAMS 0x0000000085900000, 0x0000000085800000| Untracked 
|  89|0x0000000085900000, 0x0000000085a00000, 0x0000000085a00000|100%| O|  |TAMS 0x0000000085a00000, 0x0000000085900000| Untracked 
|  90|0x0000000085a00000, 0x0000000085b00000, 0x0000000085b00000|100%| O|  |TAMS 0x0000000085b00000, 0x0000000085a00000| Untracked 
|  91|0x0000000085b00000, 0x0000000085c00000, 0x0000000085c00000|100%| O|  |TAMS 0x0000000085c00000, 0x0000000085b00000| Untracked 
|  92|0x0000000085c00000, 0x0000000085d00000, 0x0000000085d00000|100%| O|  |TAMS 0x0000000085d00000, 0x0000000085c00000| Untracked 
|  93|0x0000000085d00000, 0x0000000085e00000, 0x0000000085e00000|100%| O|  |TAMS 0x0000000085e00000, 0x0000000085d00000| Untracked 
|  94|0x0000000085e00000, 0x0000000085f00000, 0x0000000085f00000|100%| O|  |TAMS 0x0000000085f00000, 0x0000000085e00000| Untracked 
|  95|0x0000000085f00000, 0x0000000086000000, 0x0000000086000000|100%| O|  |TAMS 0x0000000086000000, 0x0000000085f00000| Untracked 
|  96|0x0000000086000000, 0x0000000086100000, 0x0000000086100000|100%| O|  |TAMS 0x0000000086100000, 0x0000000086000000| Untracked 
|  97|0x0000000086100000, 0x0000000086200000, 0x0000000086200000|100%| O|  |TAMS 0x0000000086200000, 0x0000000086100000| Untracked 
|  98|0x0000000086200000, 0x0000000086300000, 0x0000000086300000|100%| O|  |TAMS 0x0000000086300000, 0x0000000086200000| Untracked 
|  99|0x0000000086300000, 0x0000000086400000, 0x0000000086400000|100%| O|  |TAMS 0x0000000086400000, 0x0000000086300000| Untracked 
| 100|0x0000000086400000, 0x0000000086500000, 0x0000000086500000|100%| O|  |TAMS 0x0000000086500000, 0x0000000086400000| Untracked 
| 101|0x0000000086500000, 0x0000000086600000, 0x0000000086600000|100%| O|  |TAMS 0x0000000086600000, 0x0000000086500000| Untracked 
| 102|0x0000000086600000, 0x0000000086700000, 0x0000000086700000|100%| O|  |TAMS 0x0000000086700000, 0x0000000086600000| Untracked 
| 103|0x0000000086700000, 0x00000000867bf200, 0x0000000086800000| 74%| O|  |TAMS 0x00000000867bf200, 0x0000000086700000| Untracked 
| 104|0x0000000086800000, 0x0000000086900000, 0x0000000086900000|100%|HS|  |TAMS 0x0000000086800000, 0x0000000086800000| Complete 
| 105|0x0000000086900000, 0x0000000086a00000, 0x0000000086a00000|100%|HC|  |TAMS 0x0000000086900000, 0x0000000086900000| Complete 
| 106|0x0000000086a00000, 0x0000000086a00000, 0x0000000086b00000|  0%| F|  |TAMS 0x0000000086a00000, 0x0000000086a00000| Untracked 
| 107|0x0000000086b00000, 0x0000000086b00000, 0x0000000086c00000|  0%| F|  |TAMS 0x0000000086b00000, 0x0000000086b00000| Untracked 
| 108|0x0000000086c00000, 0x0000000086c00000, 0x0000000086d00000|  0%| F|  |TAMS 0x0000000086c00000, 0x0000000086c00000| Untracked 
| 109|0x0000000086d00000, 0x0000000086d00000, 0x0000000086e00000|  0%| F|  |TAMS 0x0000000086d00000, 0x0000000086d00000| Untracked 
| 110|0x0000000086e00000, 0x0000000086e00000, 0x0000000086f00000|  0%| F|  |TAMS 0x0000000086e00000, 0x0000000086e00000| Untracked 
| 111|0x0000000086f00000, 0x0000000086f00000, 0x0000000087000000|  0%| F|  |TAMS 0x0000000086f00000, 0x0000000086f00000| Untracked 
| 112|0x0000000087000000, 0x0000000087000000, 0x0000000087100000|  0%| F|  |TAMS 0x0000000087000000, 0x0000000087000000| Untracked 
| 113|0x0000000087100000, 0x0000000087100000, 0x0000000087200000|  0%| F|  |TAMS 0x0000000087100000, 0x0000000087100000| Untracked 
| 114|0x0000000087200000, 0x0000000087200000, 0x0000000087300000|  0%| F|  |TAMS 0x0000000087200000, 0x0000000087200000| Untracked 
| 115|0x0000000087300000, 0x0000000087300000, 0x0000000087400000|  0%| F|  |TAMS 0x0000000087300000, 0x0000000087300000| Untracked 
| 116|0x0000000087400000, 0x0000000087400000, 0x0000000087500000|  0%| F|  |TAMS 0x0000000087400000, 0x0000000087400000| Untracked 
| 117|0x0000000087500000, 0x0000000087500000, 0x0000000087600000|  0%| F|  |TAMS 0x0000000087500000, 0x0000000087500000| Untracked 
| 118|0x0000000087600000, 0x0000000087600000, 0x0000000087700000|  0%| F|  |TAMS 0x0000000087600000, 0x0000000087600000| Untracked 
| 119|0x0000000087700000, 0x0000000087700000, 0x0000000087800000|  0%| F|  |TAMS 0x0000000087700000, 0x0000000087700000| Untracked 
| 120|0x0000000087800000, 0x0000000087800000, 0x0000000087900000|  0%| F|  |TAMS 0x0000000087800000, 0x0000000087800000| Untracked 
| 121|0x0000000087900000, 0x0000000087900000, 0x0000000087a00000|  0%| F|  |TAMS 0x0000000087900000, 0x0000000087900000| Untracked 
| 122|0x0000000087a00000, 0x0000000087a00000, 0x0000000087b00000|  0%| F|  |TAMS 0x0000000087a00000, 0x0000000087a00000| Untracked 
| 123|0x0000000087b00000, 0x0000000087b00000, 0x0000000087c00000|  0%| F|  |TAMS 0x0000000087b00000, 0x0000000087b00000| Untracked 
| 124|0x0000000087c00000, 0x0000000087c00000, 0x0000000087d00000|  0%| F|  |TAMS 0x0000000087c00000, 0x0000000087c00000| Untracked 
| 125|0x0000000087d00000, 0x0000000087d00000, 0x0000000087e00000|  0%| F|  |TAMS 0x0000000087d00000, 0x0000000087d00000| Untracked 
| 126|0x0000000087e00000, 0x0000000087e00000, 0x0000000087f00000|  0%| F|  |TAMS 0x0000000087e00000, 0x0000000087e00000| Untracked 
| 127|0x0000000087f00000, 0x0000000087f00000, 0x0000000088000000|  0%| F|  |TAMS 0x0000000087f00000, 0x0000000087f00000| Untracked 
| 128|0x0000000088000000, 0x0000000088000000, 0x0000000088100000|  0%| F|  |TAMS 0x0000000088000000, 0x0000000088000000| Untracked 
| 129|0x0000000088100000, 0x0000000088100000, 0x0000000088200000|  0%| F|  |TAMS 0x0000000088100000, 0x0000000088100000| Untracked 
| 130|0x0000000088200000, 0x0000000088200000, 0x0000000088300000|  0%| F|  |TAMS 0x0000000088200000, 0x0000000088200000| Untracked 
| 131|0x0000000088300000, 0x0000000088300000, 0x0000000088400000|  0%| F|  |TAMS 0x0000000088300000, 0x0000000088300000| Untracked 
| 132|0x0000000088400000, 0x0000000088400000, 0x0000000088500000|  0%| F|  |TAMS 0x0000000088400000, 0x0000000088400000| Untracked 
| 133|0x0000000088500000, 0x0000000088500000, 0x0000000088600000|  0%| F|  |TAMS 0x0000000088500000, 0x0000000088500000| Untracked 
| 134|0x0000000088600000, 0x0000000088600000, 0x0000000088700000|  0%| F|  |TAMS 0x0000000088600000, 0x0000000088600000| Untracked 
| 135|0x0000000088700000, 0x0000000088700000, 0x0000000088800000|  0%| F|  |TAMS 0x0000000088700000, 0x0000000088700000| Untracked 
| 136|0x0000000088800000, 0x0000000088800000, 0x0000000088900000|  0%| F|  |TAMS 0x0000000088800000, 0x0000000088800000| Untracked 
| 137|0x0000000088900000, 0x0000000088900000, 0x0000000088a00000|  0%| F|  |TAMS 0x0000000088900000, 0x0000000088900000| Untracked 
| 138|0x0000000088a00000, 0x0000000088ab96e0, 0x0000000088b00000| 72%| S|CS|TAMS 0x0000000088a00000, 0x0000000088a00000| Complete 
| 139|0x0000000088b00000, 0x0000000088c00000, 0x0000000088c00000|100%| S|CS|TAMS 0x0000000088b00000, 0x0000000088b00000| Complete 
| 140|0x0000000088c00000, 0x0000000088d00000, 0x0000000088d00000|100%| S|CS|TAMS 0x0000000088c00000, 0x0000000088c00000| Complete 
| 141|0x0000000088d00000, 0x0000000088e00000, 0x0000000088e00000|100%| S|CS|TAMS 0x0000000088d00000, 0x0000000088d00000| Complete 
| 142|0x0000000088e00000, 0x0000000088f00000, 0x0000000088f00000|100%| S|CS|TAMS 0x0000000088e00000, 0x0000000088e00000| Complete 
| 143|0x0000000088f00000, 0x0000000089000000, 0x0000000089000000|100%| S|CS|TAMS 0x0000000088f00000, 0x0000000088f00000| Complete 
| 144|0x0000000089000000, 0x0000000089000000, 0x0000000089100000|  0%| F|  |TAMS 0x0000000089000000, 0x0000000089000000| Untracked 
| 145|0x0000000089100000, 0x0000000089100000, 0x0000000089200000|  0%| F|  |TAMS 0x0000000089100000, 0x0000000089100000| Untracked 
| 146|0x0000000089200000, 0x0000000089200000, 0x0000000089300000|  0%| F|  |TAMS 0x0000000089200000, 0x0000000089200000| Untracked 
| 147|0x0000000089300000, 0x0000000089300000, 0x0000000089400000|  0%| F|  |TAMS 0x0000000089300000, 0x0000000089300000| Untracked 
| 148|0x0000000089400000, 0x0000000089400000, 0x0000000089500000|  0%| F|  |TAMS 0x0000000089400000, 0x0000000089400000| Untracked 
| 149|0x0000000089500000, 0x0000000089500000, 0x0000000089600000|  0%| F|  |TAMS 0x0000000089500000, 0x0000000089500000| Untracked 
| 150|0x0000000089600000, 0x0000000089600000, 0x0000000089700000|  0%| F|  |TAMS 0x0000000089600000, 0x0000000089600000| Untracked 
| 151|0x0000000089700000, 0x0000000089700000, 0x0000000089800000|  0%| F|  |TAMS 0x0000000089700000, 0x0000000089700000| Untracked 
| 152|0x0000000089800000, 0x0000000089800000, 0x0000000089900000|  0%| F|  |TAMS 0x0000000089800000, 0x0000000089800000| Untracked 
| 153|0x0000000089900000, 0x0000000089900000, 0x0000000089a00000|  0%| F|  |TAMS 0x0000000089900000, 0x0000000089900000| Untracked 
| 154|0x0000000089a00000, 0x0000000089a00000, 0x0000000089b00000|  0%| F|  |TAMS 0x0000000089a00000, 0x0000000089a00000| Untracked 
| 155|0x0000000089b00000, 0x0000000089b00000, 0x0000000089c00000|  0%| F|  |TAMS 0x0000000089b00000, 0x0000000089b00000| Untracked 
| 156|0x0000000089c00000, 0x0000000089c00000, 0x0000000089d00000|  0%| F|  |TAMS 0x0000000089c00000, 0x0000000089c00000| Untracked 
| 157|0x0000000089d00000, 0x0000000089d00000, 0x0000000089e00000|  0%| F|  |TAMS 0x0000000089d00000, 0x0000000089d00000| Untracked 
| 158|0x0000000089e00000, 0x0000000089e00000, 0x0000000089f00000|  0%| F|  |TAMS 0x0000000089e00000, 0x0000000089e00000| Untracked 
| 159|0x0000000089f00000, 0x0000000089f00000, 0x000000008a000000|  0%| F|  |TAMS 0x0000000089f00000, 0x0000000089f00000| Untracked 
| 160|0x000000008a000000, 0x000000008a000000, 0x000000008a100000|  0%| F|  |TAMS 0x000000008a000000, 0x000000008a000000| Untracked 
| 161|0x000000008a100000, 0x000000008a100000, 0x000000008a200000|  0%| F|  |TAMS 0x000000008a100000, 0x000000008a100000| Untracked 
| 162|0x000000008a200000, 0x000000008a200000, 0x000000008a300000|  0%| F|  |TAMS 0x000000008a200000, 0x000000008a200000| Untracked 
| 163|0x000000008a300000, 0x000000008a300000, 0x000000008a400000|  0%| F|  |TAMS 0x000000008a300000, 0x000000008a300000| Untracked 
| 164|0x000000008a400000, 0x000000008a400000, 0x000000008a500000|  0%| F|  |TAMS 0x000000008a400000, 0x000000008a400000| Untracked 
| 165|0x000000008a500000, 0x000000008a500000, 0x000000008a600000|  0%| F|  |TAMS 0x000000008a500000, 0x000000008a500000| Untracked 
| 166|0x000000008a600000, 0x000000008a600000, 0x000000008a700000|  0%| F|  |TAMS 0x000000008a600000, 0x000000008a600000| Untracked 
| 167|0x000000008a700000, 0x000000008a700000, 0x000000008a800000|  0%| F|  |TAMS 0x000000008a700000, 0x000000008a700000| Untracked 
| 168|0x000000008a800000, 0x000000008a800000, 0x000000008a900000|  0%| F|  |TAMS 0x000000008a800000, 0x000000008a800000| Untracked 
| 169|0x000000008a900000, 0x000000008a900000, 0x000000008aa00000|  0%| F|  |TAMS 0x000000008a900000, 0x000000008a900000| Untracked 
| 170|0x000000008aa00000, 0x000000008aa00000, 0x000000008ab00000|  0%| F|  |TAMS 0x000000008aa00000, 0x000000008aa00000| Untracked 
| 171|0x000000008ab00000, 0x000000008ab00000, 0x000000008ac00000|  0%| F|  |TAMS 0x000000008ab00000, 0x000000008ab00000| Untracked 
| 172|0x000000008ac00000, 0x000000008ac00000, 0x000000008ad00000|  0%| F|  |TAMS 0x000000008ac00000, 0x000000008ac00000| Untracked 
| 173|0x000000008ad00000, 0x000000008ad00000, 0x000000008ae00000|  0%| F|  |TAMS 0x000000008ad00000, 0x000000008ad00000| Untracked 
| 174|0x000000008ae00000, 0x000000008ae00000, 0x000000008af00000|  0%| F|  |TAMS 0x000000008ae00000, 0x000000008ae00000| Untracked 
| 175|0x000000008af00000, 0x000000008af00000, 0x000000008b000000|  0%| F|  |TAMS 0x000000008af00000, 0x000000008af00000| Untracked 
| 176|0x000000008b000000, 0x000000008b000000, 0x000000008b100000|  0%| F|  |TAMS 0x000000008b000000, 0x000000008b000000| Untracked 
| 177|0x000000008b100000, 0x000000008b100000, 0x000000008b200000|  0%| F|  |TAMS 0x000000008b100000, 0x000000008b100000| Untracked 
| 178|0x000000008b200000, 0x000000008b200000, 0x000000008b300000|  0%| F|  |TAMS 0x000000008b200000, 0x000000008b200000| Untracked 
| 179|0x000000008b300000, 0x000000008b300000, 0x000000008b400000|  0%| F|  |TAMS 0x000000008b300000, 0x000000008b300000| Untracked 
| 180|0x000000008b400000, 0x000000008b400000, 0x000000008b500000|  0%| F|  |TAMS 0x000000008b400000, 0x000000008b400000| Untracked 
| 181|0x000000008b500000, 0x000000008b500000, 0x000000008b600000|  0%| F|  |TAMS 0x000000008b500000, 0x000000008b500000| Untracked 
| 182|0x000000008b600000, 0x000000008b600000, 0x000000008b700000|  0%| F|  |TAMS 0x000000008b600000, 0x000000008b600000| Untracked 
| 183|0x000000008b700000, 0x000000008b700000, 0x000000008b800000|  0%| F|  |TAMS 0x000000008b700000, 0x000000008b700000| Untracked 
| 184|0x000000008b800000, 0x000000008b800000, 0x000000008b900000|  0%| F|  |TAMS 0x000000008b800000, 0x000000008b800000| Untracked 

Card table byte_map: [0x00000289f60f0000,0x00000289f64f0000] _byte_map_base: 0x00000289f5cf0000

Marking Bits (Prev, Next): (CMBitMap*) 0x00000289e2f06ba8, (CMBitMap*) 0x00000289e2f06be0
 Prev Bits: [0x00000289f68f0000, 0x00000289f88f0000)
 Next Bits: [0x00000289f88f0000, 0x00000289fa8f0000)

Polling page: 0x00000289e26a0000

Metaspace:

Usage:
  Non-class:     79.86 MB capacity,    78.24 MB ( 98%) used,     1.36 MB (  2%) free+waste,   262.06 KB ( <1%) overhead. 
      Class:     12.36 MB capacity,    11.51 MB ( 93%) used,   755.49 KB (  6%) free+waste,   120.31 KB ( <1%) overhead. 
       Both:     92.22 MB capacity,    89.75 MB ( 97%) used,     2.09 MB (  2%) free+waste,   382.38 KB ( <1%) overhead. 

Virtual space:
  Non-class space:       82.00 MB reserved,      80.41 MB ( 98%) committed 
      Class space:        1.00 GB reserved,      12.70 MB (  1%) committed 
             Both:        1.08 GB reserved,      93.11 MB (  8%) committed 

Chunk freelists:
   Non-Class:  507.00 KB
       Class:  267.00 KB
        Both:  774.00 KB

MaxMetaspaceSize: 17179869184.00 GB
CompressedClassSpaceSize: 1.00 GB

CodeHeap 'non-profiled nmethods': size=120000Kb used=5303Kb max_used=5303Kb free=114696Kb
 bounds [0x00000289ee490000, 0x00000289ee9c0000, 0x00000289f59c0000]
CodeHeap 'profiled nmethods': size=120000Kb used=22783Kb max_used=22783Kb free=97216Kb
 bounds [0x00000289e6f60000, 0x00000289e85a0000, 0x00000289ee490000]
CodeHeap 'non-nmethods': size=5760Kb used=2300Kb max_used=2342Kb free=3459Kb
 bounds [0x00000289e69c0000, 0x00000289e6c30000, 0x00000289e6f60000]
 total_blobs=11362 nmethods=10459 adapters=814
 compilation: enabled
              stopped_count=0, restarted_count=0
 full_count=0

Compilation events (20 events):
Event: 37.186 Thread 0x00000289fd36a000 nmethod 10628 0x00000289e8598a90 code [0x00000289e8598ec0, 0x00000289e8599bd8]
Event: 37.186 Thread 0x00000289fd36a000 10632       2       com.android.builder.testing.MockableJarGenerator::rewriteClass (77 bytes)
Event: 37.187 Thread 0x00000289fd36a000 nmethod 10632 0x00000289e859a590 code [0x00000289e859a7e0, 0x00000289e859ad58]
Event: 37.188 Thread 0x00000289fd36a000 10630       2       java.util.zip.ZipOutputStream::version (48 bytes)
Event: 37.188 Thread 0x00000289fd36a000 nmethod 10630 0x00000289e859b110 code [0x00000289e859b2e0, 0x00000289e859b4a8]
Event: 37.188 Thread 0x00000289fd36a000 10636       2       org.objectweb.asm.tree.FieldNode::visitAnnotation (42 bytes)
Event: 37.189 Thread 0x00000289fd36a000 nmethod 10636 0x00000289e859b590 code [0x00000289e859b7a0, 0x00000289e859bd38]
Event: 37.189 Thread 0x00000289fd36a000 10637       2       org.objectweb.asm.FieldWriter::visitAnnotation (40 bytes)
Event: 37.190 Thread 0x00000289fd36a000 nmethod 10637 0x00000289e859bf90 code [0x00000289e859c1c0, 0x00000289e859c8d8]
Event: 37.190 Thread 0x00000289fd36a000 10633       2       org.objectweb.asm.ClassReader::<init> (10 bytes)
Event: 37.190 Thread 0x00000289fd36a000 nmethod 10633 0x00000289e859cb90 code [0x00000289e859cd60, 0x00000289e859ceb8]
Event: 37.190 Thread 0x00000289fd36a000 10635       2       org.objectweb.asm.ClassReader::<init> (9 bytes)
Event: 37.190 Thread 0x00000289fd36a000 nmethod 10635 0x00000289e859d010 code [0x00000289e859d1c0, 0x00000289e859d2e8]
Event: 37.190 Thread 0x00000289fd36a000 10627       2       java.util.zip.ZipOutputStream$XEntry::<init> (15 bytes)
Event: 37.190 Thread 0x00000289fd36a000 nmethod 10627 0x00000289e859d410 code [0x00000289e859d5c0, 0x00000289e859d718]
Event: 37.203 Thread 0x00000289fd36a000 10639       2       org.objectweb.asm.AnnotationWriter::computeParameterAnnotationsSize (51 bytes)
Event: 37.203 Thread 0x00000289fd36a000 nmethod 10639 0x00000289e859d790 code [0x00000289e859d960, 0x00000289e859db48]
Event: 37.211 Thread 0x00000289fd36a000 10640       3       org.objectweb.asm.ClassReader::<init> (371 bytes)
Event: 37.212 Thread 0x00000289fd36a000 nmethod 10640 0x00000289e859dd10 code [0x00000289e859e040, 0x00000289e859f6f8]
Event: 37.212 Thread 0x00000289fd36a000 10641 %     3       org.objectweb.asm.ClassWriter::toByteArray @ 17 (1535 bytes)

GC Heap History (20 events):
Event: 30.260 GC heap after
{Heap after GC invocations=36 (full 0):
 garbage-first heap   total 131072K, used 97685K [0x0000000080000000, 0x0000000100000000)
  region size 1024K, 2 young (2048K), 2 survivors (2048K)
 Metaspace       used 77051K, capacity 79186K, committed 79348K, reserved 1118208K
  class space    used 10012K, capacity 10742K, committed 10828K, reserved 1048576K
}
Event: 30.446 GC heap before
{Heap before GC invocations=37 (full 0):
 garbage-first heap   total 131072K, used 110997K [0x0000000080000000, 0x0000000100000000)
  region size 1024K, 15 young (15360K), 2 survivors (2048K)
 Metaspace       used 77456K, capacity 79508K, committed 79604K, reserved 1118208K
  class space    used 10070K, capacity 10805K, committed 10828K, reserved 1048576K
}
Event: 30.451 GC heap after
{Heap after GC invocations=38 (full 0):
 garbage-first heap   total 131072K, used 98691K [0x0000000080000000, 0x0000000100000000)
  region size 1024K, 2 young (2048K), 2 survivors (2048K)
 Metaspace       used 77456K, capacity 79508K, committed 79604K, reserved 1118208K
  class space    used 10070K, capacity 10805K, committed 10828K, reserved 1048576K
}
Event: 30.672 GC heap before
{Heap before GC invocations=38 (full 0):
 garbage-first heap   total 131072K, used 112003K [0x0000000080000000, 0x0000000100000000)
  region size 1024K, 15 young (15360K), 2 survivors (2048K)
 Metaspace       used 78976K, capacity 80990K, committed 81140K, reserved 1120256K
  class space    used 10274K, capacity 11000K, committed 11084K, reserved 1048576K
}
Event: 30.679 GC heap after
{Heap after GC invocations=39 (full 0):
 garbage-first heap   total 157696K, used 99230K [0x0000000080000000, 0x0000000100000000)
  region size 1024K, 2 young (2048K), 2 survivors (2048K)
 Metaspace       used 78976K, capacity 80990K, committed 81140K, reserved 1120256K
  class space    used 10274K, capacity 11000K, committed 11084K, reserved 1048576K
}
Event: 31.328 GC heap before
{Heap before GC invocations=40 (full 0):
 garbage-first heap   total 157696K, used 120734K [0x0000000080000000, 0x0000000100000000)
  region size 1024K, 23 young (23552K), 2 survivors (2048K)
 Metaspace       used 82265K, capacity 84275K, committed 84468K, reserved 1122304K
  class space    used 10629K, capacity 11326K, committed 11340K, reserved 1048576K
}
Event: 31.332 GC heap after
{Heap after GC invocations=41 (full 0):
 garbage-first heap   total 157696K, used 99555K [0x0000000080000000, 0x0000000100000000)
  region size 1024K, 2 young (2048K), 2 survivors (2048K)
 Metaspace       used 82265K, capacity 84275K, committed 84468K, reserved 1122304K
  class space    used 10629K, capacity 11326K, committed 11340K, reserved 1048576K
}
Event: 32.518 GC heap before
{Heap before GC invocations=41 (full 0):
 garbage-first heap   total 157696K, used 121059K [0x0000000080000000, 0x0000000100000000)
  region size 1024K, 24 young (24576K), 2 survivors (2048K)
 Metaspace       used 85924K, capacity 88081K, committed 88308K, reserved 1126400K
  class space    used 11086K, capacity 11836K, committed 11852K, reserved 1048576K
}
Event: 32.525 GC heap after
{Heap after GC invocations=42 (full 0):
 garbage-first heap   total 157696K, used 100879K [0x0000000080000000, 0x0000000100000000)
  region size 1024K, 3 young (3072K), 3 survivors (3072K)
 Metaspace       used 85924K, capacity 88081K, committed 88308K, reserved 1126400K
  class space    used 11086K, capacity 11836K, committed 11852K, reserved 1048576K
}
Event: 33.137 GC heap before
{Heap before GC invocations=43 (full 0):
 garbage-first heap   total 157696K, used 123407K [0x0000000080000000, 0x0000000100000000)
  region size 1024K, 25 young (25600K), 3 survivors (3072K)
 Metaspace       used 88038K, capacity 90207K, committed 90356K, reserved 1128448K
  class space    used 11340K, capacity 12090K, committed 12108K, reserved 1048576K
}
Event: 33.143 GC heap after
{Heap after GC invocations=44 (full 0):
 garbage-first heap   total 157696K, used 102024K [0x0000000080000000, 0x0000000100000000)
  region size 1024K, 3 young (3072K), 3 survivors (3072K)
 Metaspace       used 88038K, capacity 90207K, committed 90356K, reserved 1128448K
  class space    used 11340K, capacity 12090K, committed 12108K, reserved 1048576K
}
Event: 33.749 GC heap before
{Heap before GC invocations=44 (full 0):
 garbage-first heap   total 157696K, used 126600K [0x0000000080000000, 0x0000000100000000)
  region size 1024K, 27 young (27648K), 3 survivors (3072K)
 Metaspace       used 89594K, capacity 92099K, committed 92404K, reserved 1128448K
  class space    used 11641K, capacity 12530K, committed 12620K, reserved 1048576K
}
Event: 33.760 GC heap after
{Heap after GC invocations=45 (full 0):
 garbage-first heap   total 189440K, used 104313K [0x0000000080000000, 0x0000000100000000)
  region size 1024K, 4 young (4096K), 4 survivors (4096K)
 Metaspace       used 89594K, capacity 92099K, committed 92404K, reserved 1128448K
  class space    used 11641K, capacity 12530K, committed 12620K, reserved 1048576K
}
Event: 34.448 GC heap before
{Heap before GC invocations=46 (full 0):
 garbage-first heap   total 189440K, used 138105K [0x0000000080000000, 0x0000000100000000)
  region size 1024K, 38 young (38912K), 4 survivors (4096K)
 Metaspace       used 90090K, capacity 92666K, committed 92788K, reserved 1130496K
  class space    used 11701K, capacity 12631K, committed 12748K, reserved 1048576K
}
Event: 34.458 GC heap after
{Heap after GC invocations=47 (full 0):
 garbage-first heap   total 189440K, used 106575K [0x0000000080000000, 0x0000000100000000)
  region size 1024K, 5 young (5120K), 5 survivors (5120K)
 Metaspace       used 90090K, capacity 92666K, committed 92788K, reserved 1130496K
  class space    used 11701K, capacity 12631K, committed 12748K, reserved 1048576K
}
Event: 35.680 GC heap before
{Heap before GC invocations=47 (full 0):
 garbage-first heap   total 189440K, used 141391K [0x0000000080000000, 0x0000000100000000)
  region size 1024K, 40 young (40960K), 5 survivors (5120K)
 Metaspace       used 91429K, capacity 94042K, committed 94196K, reserved 1130496K
  class space    used 11869K, capacity 12846K, committed 12876K, reserved 1048576K
}
Event: 35.695 GC heap after
{Heap after GC invocations=48 (full 0):
 garbage-first heap   total 189440K, used 108635K [0x0000000080000000, 0x0000000100000000)
  region size 1024K, 5 young (5120K), 5 survivors (5120K)
 Metaspace       used 91429K, capacity 94042K, committed 94196K, reserved 1130496K
  class space    used 11869K, capacity 12846K, committed 12876K, reserved 1048576K
}
Event: 36.581 GC heap before
{Heap before GC invocations=49 (full 0):
 garbage-first heap   total 189440K, used 125019K [0x0000000080000000, 0x0000000100000000)
  region size 1024K, 23 young (23552K), 5 survivors (5120K)
 Metaspace       used 91911K, capacity 94643K, committed 94708K, reserved 1130496K
  class space    used 11898K, capacity 12865K, committed 12876K, reserved 1048576K
}
Event: 36.591 GC heap after
{Heap after GC invocations=50 (full 0):
 garbage-first heap   total 189440K, used 109217K [0x0000000080000000, 0x0000000100000000)
  region size 1024K, 3 young (3072K), 3 survivors (3072K)
 Metaspace       used 91911K, capacity 94643K, committed 94708K, reserved 1130496K
  class space    used 11898K, capacity 12865K, committed 12876K, reserved 1048576K
}
Event: 37.219 GC heap before
{Heap before GC invocations=51 (full 0):
 garbage-first heap   total 189440K, used 150177K [0x0000000080000000, 0x0000000100000000)
  region size 1024K, 41 young (41984K), 3 survivors (3072K)
 Metaspace       used 91906K, capacity 94434K, committed 95348K, reserved 1132544K
  class space    used 11785K, capacity 12661K, committed 13004K, reserved 1048576K
}

Deoptimization events (20 events):
Event: 36.248 Thread 0x00000289840fc800 Uncommon trap: trap_request=0xffffff4d fr.pc=0x00000289ee8f51c4 relative=0x0000000000000224
Event: 36.248 Thread 0x00000289840fc800 Uncommon trap: reason=unstable_if action=reinterpret pc=0x00000289ee8f51c4 method=java.util.concurrent.ConcurrentLinkedQueue.updateHead(Ljava/util/concurrent/ConcurrentLinkedQueue$Node;Ljava/util/concurrent/ConcurrentLinkedQueue$Node;)V @ 14 c2
Event: 36.248 Thread 0x00000289840fc800 DEOPT PACKING pc=0x00000289ee8f51c4 sp=0x000000dbafefbe20
Event: 36.248 Thread 0x00000289840fc800 DEOPT UNPACKING pc=0x00000289e69e662f sp=0x000000dbafefbde0 mode 2
Event: 36.303 Thread 0x00000289ff6af800 DEOPT PACKING pc=0x00000289e7b0fe67 sp=0x000000dbabafa1c0
Event: 36.303 Thread 0x00000289ff6af800 DEOPT UNPACKING pc=0x00000289e69e6dde sp=0x000000dbabaf9708 mode 0
Event: 36.496 Thread 0x00000289ff6af800 Uncommon trap: trap_request=0xffffff4d fr.pc=0x00000289ee6ca21c relative=0x000000000000025c
Event: 36.496 Thread 0x00000289ff6af800 Uncommon trap: reason=unstable_if action=reinterpret pc=0x00000289ee6ca21c method=jdk.internal.org.objectweb.asm.Type.getType([CI)Ljdk/internal/org/objectweb/asm/Type; @ 3 c2
Event: 36.496 Thread 0x00000289ff6af800 DEOPT PACKING pc=0x00000289ee6ca21c sp=0x000000dbabaf97b0
Event: 36.496 Thread 0x00000289ff6af800 DEOPT UNPACKING pc=0x00000289e69e662f sp=0x000000dbabaf9778 mode 2
Event: 36.626 Thread 0x00000289ff6af800 Uncommon trap: trap_request=0xffffff4d fr.pc=0x00000289ee8e0200 relative=0x0000000000000060
Event: 36.626 Thread 0x00000289ff6af800 Uncommon trap: reason=unstable_if action=reinterpret pc=0x00000289ee8e0200 method=java.util.zip.ZipFile$ZipEntryIterator.hasNext()Z @ 8 c2
Event: 36.626 Thread 0x00000289ff6af800 DEOPT PACKING pc=0x00000289ee8e0200 sp=0x000000dbabaf6450
Event: 36.626 Thread 0x00000289ff6af800 DEOPT UNPACKING pc=0x00000289e69e662f sp=0x000000dbabaf6388 mode 2
Event: 36.861 Thread 0x00000289ff6af800 DEOPT PACKING pc=0x00000289e84b3626 sp=0x000000dbabaf5bd0
Event: 36.861 Thread 0x00000289ff6af800 DEOPT UNPACKING pc=0x00000289e69e6dde sp=0x000000dbabaf50b0 mode 0
Event: 37.073 Thread 0x00000289ff6af800 DEOPT PACKING pc=0x00000289e84cab96 sp=0x000000dbabaf5d20
Event: 37.073 Thread 0x00000289ff6af800 DEOPT UNPACKING pc=0x00000289e69e6dde sp=0x000000dbabaf5390 mode 0
Event: 37.211 Thread 0x00000289ff6af800 DEOPT PACKING pc=0x00000289e850171a sp=0x000000dbabaf62e0
Event: 37.211 Thread 0x00000289ff6af800 DEOPT UNPACKING pc=0x00000289e69e6dde sp=0x000000dbabaf57f0 mode 0

Classes redefined (0 events):
No events

Internal exceptions (20 events):
Event: 33.652 Thread 0x0000028983298800 Exception <a 'java/lang/NoSuchMethodError'{0x0000000088981c00}: 'java.lang.Object java.lang.invoke.DirectMethodHandle$Holder.invokeSpecialIFC(java.lang.Object, java.lang.Object, java.lang.Object)'> (0x0000000088981c00) thrown at [./src/hotspot/share/interpreter/linkResolver.cpp, line 773]
Event: 33.652 Thread 0x0000028984808000 Exception <a 'java/lang/NoSuchMethodError'{0x00000000889b0f80}: 'java.lang.Object java.lang.invoke.DirectMethodHandle$Holder.invokeSpecialIFC(java.lang.Object, java.lang.Object, java.lang.Object)'> (0x00000000889b0f80) thrown at [./src/hotspot/share/interpreter/linkResolver.cpp, line 773]
Event: 33.653 Thread 0x0000028984806800 Exception <a 'java/lang/NoSuchMethodError'{0x000000008899af68}: 'java.lang.Object java.lang.invoke.DirectMethodHandle$Holder.invokeSpecialIFC(java.lang.Object, java.lang.Object, java.lang.Object)'> (0x000000008899af68) thrown at [./src/hotspot/share/interpreter/linkResolver.cpp, line 773]
Event: 33.691 Thread 0x0000028983298800 Exception <a 'java/lang/IncompatibleClassChangeError'{0x00000000887f69a8}: Found class java.lang.Object, but interface was expected> (0x00000000887f69a8) thrown at [./src/hotspot/share/interpreter/linkResolver.cpp, line 839]
Event: 33.691 Thread 0x0000028984808000 Exception <a 'java/lang/IncompatibleClassChangeError'{0x000000008861d6f0}: Found class java.lang.Object, but interface was expected> (0x000000008861d6f0) thrown at [./src/hotspot/share/interpreter/linkResolver.cpp, line 839]
Event: 33.691 Thread 0x0000028983ea1800 Exception <a 'java/lang/IncompatibleClassChangeError'{0x00000000887eb530}: Found class java.lang.Object, but interface was expected> (0x00000000887eb530) thrown at [./src/hotspot/share/interpreter/linkResolver.cpp, line 839]
Event: 33.691 Thread 0x000002898329e000 Exception <a 'java/lang/IncompatibleClassChangeError'{0x00000000887df738}: Found class java.lang.Object, but interface was expected> (0x00000000887df738) thrown at [./src/hotspot/share/interpreter/linkResolver.cpp, line 839]
Event: 33.691 Thread 0x000002898480a800 Exception <a 'java/lang/IncompatibleClassChangeError'{0x0000000088612d40}: Found class java.lang.Object, but interface was expected> (0x0000000088612d40) thrown at [./src/hotspot/share/interpreter/linkResolver.cpp, line 839]
Event: 33.726 Thread 0x0000028983298800 Exception <a 'java/lang/NoSuchMethodError'{0x0000000088151778}: 'int java.lang.invoke.DirectMethodHandle$Holder.invokeStaticInit(java.lang.Object, java.lang.Object, java.lang.Object, java.lang.Object, java.lang.Object)'> (0x0000000088151778) thrown at [./src/hotspot/share/interpreter/linkResolver.cpp, line 773]
Event: 34.442 Thread 0x00000289840f5800 Exception <a 'java/lang/NoSuchMethodError'{0x00000000897aa9e0}: 'void java.lang.invoke.DirectMethodHandle$Holder.invokeVirtual(java.lang.Object, java.lang.Object)'> (0x00000000897aa9e0) thrown at [./src/hotspot/share/interpreter/linkResolver.cpp, line 773]
Event: 34.442 Thread 0x00000289840f8800 Exception <a 'java/lang/NoSuchMethodError'{0x00000000897a2d88}: 'void java.lang.invoke.DirectMethodHandle$Holder.invokeVirtual(java.lang.Object, java.lang.Object)'> (0x00000000897a2d88) thrown at [./src/hotspot/share/interpreter/linkResolver.cpp, line 773]
Event: 34.442 Thread 0x00000289840f4800 Exception <a 'java/lang/NoSuchMethodError'{0x000000008979b348}: 'void java.lang.invoke.DirectMethodHandle$Holder.invokeVirtual(java.lang.Object, java.lang.Object)'> (0x000000008979b348) thrown at [./src/hotspot/share/interpreter/linkResolver.cpp, line 773]
Event: 34.443 Thread 0x0000028984819000 Exception <a 'java/lang/NoSuchMethodError'{0x00000000897b3310}: 'void java.lang.invoke.DirectMethodHandle$Holder.invokeVirtual(java.lang.Object, java.lang.Object)'> (0x00000000897b3310) thrown at [./src/hotspot/share/interpreter/linkResolver.cpp, line 773]
Event: 34.542 Thread 0x00000289840f8800 Exception <a 'java/lang/NoSuchMethodError'{0x000000008b6a4458}: 'void java.lang.invoke.DirectMethodHandle$Holder.invokeStatic(java.lang.Object, java.lang.Object, java.lang.Object, java.lang.Object, java.lang.Object, java.lang.Object, java.lang.Object)'> (0x000000008b6a4458) thrown at [./src/hotspot/share/interpreter/linkResolver.cpp, line 773]
Event: 34.542 Thread 0x0000028984811800 Exception <a 'java/lang/NoSuchMethodError'{0x000000008b6b7c58}: 'void java.lang.invoke.DirectMethodHandle$Holder.invokeStatic(java.lang.Object, java.lang.Object, java.lang.Object, java.lang.Object, java.lang.Object, java.lang.Object, java.lang.Object)'> (0x000000008b6b7c58) thrown at [./src/hotspot/share/interpreter/linkResolver.cpp, line 773]
Event: 34.543 Thread 0x00000289840f2000 Exception <a 'java/lang/NoSuchMethodError'{0x000000008b6ee9a0}: 'void java.lang.invoke.DirectMethodHandle$Holder.invokeStatic(java.lang.Object, java.lang.Object, java.lang.Object, java.lang.Object, java.lang.Object, java.lang.Object, java.lang.Object)'> (0x000000008b6ee9a0) thrown at [./src/hotspot/share/interpreter/linkResolver.cpp, line 773]
Event: 34.543 Thread 0x00000289840f4800 Exception <a 'java/lang/NoSuchMethodError'{0x000000008b504eb8}: 'void java.lang.invoke.DirectMethodHandle$Holder.invokeStatic(java.lang.Object, java.lang.Object, java.lang.Object, java.lang.Object, java.lang.Object, java.lang.Object, java.lang.Object)'> (0x000000008b504eb8) thrown at [./src/hotspot/share/interpreter/linkResolver.cpp, line 773]
Event: 35.418 Thread 0x00000289ff6af800 Exception <a 'java/lang/NoSuchMethodError'{0x0000000089d66560}: 'void java.lang.invoke.DirectMethodHandle$Holder.invokeSpecial(java.lang.Object, java.lang.Object, java.lang.Object, java.lang.Object, int, java.lang.Object, java.lang.Object)'> (0x0000000089d66560) thrown at [./src/hotspot/share/interpreter/linkResolver.cpp, line 773]
Event: 36.294 Thread 0x00000289ff6af800 Exception <a 'java/lang/NoSuchMethodError'{0x000000008aee5790}: 'int java.lang.invoke.DirectMethodHandle$Holder.invokeSpecialIFC(java.lang.Object, java.lang.Object, java.lang.Object)'> (0x000000008aee5790) thrown at [./src/hotspot/share/interpreter/linkResolver.cpp, line 773]
Event: 36.495 Thread 0x00000289ff6af800 Exception <a 'java/lang/NoSuchMethodError'{0x000000008a85f798}: 'void java.lang.invoke.DirectMethodHandle$Holder.invokeStatic(java.lang.Object, int, java.lang.Object)'> (0x000000008a85f798) thrown at [./src/hotspot/share/interpreter/linkResolver.cpp, line 773]

Events (20 events):
Event: 36.694 loading class org/objectweb/asm/tree/JumpInsnNode
Event: 36.694 loading class org/objectweb/asm/tree/JumpInsnNode done
Event: 36.695 loading class org/objectweb/asm/tree/FieldInsnNode
Event: 36.695 loading class org/objectweb/asm/tree/FieldInsnNode done
Event: 36.696 loading class org/objectweb/asm/tree/VarInsnNode
Event: 36.696 loading class org/objectweb/asm/tree/VarInsnNode done
Event: 36.696 loading class org/objectweb/asm/tree/IntInsnNode
Event: 36.696 loading class org/objectweb/asm/tree/IntInsnNode done
Event: 36.698 loading class org/objectweb/asm/tree/FrameNode
Event: 36.698 loading class org/objectweb/asm/tree/FrameNode done
Event: 36.699 loading class org/objectweb/asm/tree/InsnList
Event: 36.699 loading class org/objectweb/asm/tree/InsnList done
Event: 36.706 loading class org/objectweb/asm/tree/LocalVariableNode
Event: 36.706 loading class org/objectweb/asm/tree/LocalVariableNode done
Event: 36.779 Executing VM operation: CGC_Operation
Event: 36.803 Executing VM operation: CGC_Operation done
Event: 36.900 Executing VM operation: CGC_Operation
Event: 36.901 Executing VM operation: CGC_Operation done
Event: 37.171 Loaded shared library D:\Android\jre\bin\zip.dll
Event: 37.219 Executing VM operation: G1CollectForAllocation


Dynamic libraries:
0x00007ff6d95b0000 - 0x00007ff6d95ba000 	D:\Android\jre\bin\java.exe
0x00007ffe68ba0000 - 0x00007ffe68da9000 	C:\WINDOWS\SYSTEM32\ntdll.dll
0x00007ffe3a680000 - 0x00007ffe3a696000 	C:\Program Files\AVAST Software\Avast\aswhook.dll
0x00007ffe67b90000 - 0x00007ffe67c4d000 	C:\WINDOWS\System32\KERNEL32.DLL
0x00007ffe662c0000 - 0x00007ffe66634000 	C:\WINDOWS\System32\KERNELBASE.dll
0x00007ffe66920000 - 0x00007ffe66a31000 	C:\WINDOWS\System32\ucrtbase.dll
0x00007ffe4ac80000 - 0x00007ffe4ac99000 	D:\Android\jre\bin\jli.dll
0x00007ffe3f010000 - 0x00007ffe3f027000 	D:\Android\jre\bin\VCRUNTIME140.dll
0x00007ffe66cb0000 - 0x00007ffe66e5c000 	C:\WINDOWS\System32\USER32.dll
0x00007ffe668f0000 - 0x00007ffe66916000 	C:\WINDOWS\System32\win32u.dll
0x00007ffe4e1c0000 - 0x00007ffe4e465000 	C:\WINDOWS\WinSxS\amd64_microsoft.windows.common-controls_6595b64144ccf1df_6.0.22000.120_none_9d947278b86cc467\COMCTL32.dll
0x00007ffe66bf0000 - 0x00007ffe66c19000 	C:\WINDOWS\System32\GDI32.dll
0x00007ffe67ad0000 - 0x00007ffe67b73000 	C:\WINDOWS\System32\msvcrt.dll
0x00007ffe661a0000 - 0x00007ffe662b2000 	C:\WINDOWS\System32\gdi32full.dll
0x00007ffe66100000 - 0x00007ffe6619d000 	C:\WINDOWS\System32\msvcp_win.dll
0x00007ffe688a0000 - 0x00007ffe688d1000 	C:\WINDOWS\System32\IMM32.DLL
0x00007ffe31c10000 - 0x00007ffe31cad000 	D:\Android\jre\bin\msvcp140.dll
0x00007ffddeee0000 - 0x00007ffddf9b5000 	D:\Android\jre\bin\server\jvm.dll
0x00007ffe68410000 - 0x00007ffe684be000 	C:\WINDOWS\System32\ADVAPI32.dll
0x00007ffe67c50000 - 0x00007ffe67cee000 	C:\WINDOWS\System32\sechost.dll
0x00007ffe66fd0000 - 0x00007ffe670f0000 	C:\WINDOWS\System32\RPCRT4.dll
0x00007ffe66c20000 - 0x00007ffe66c28000 	C:\WINDOWS\System32\PSAPI.DLL
0x00007ffe530d0000 - 0x00007ffe530d9000 	C:\WINDOWS\SYSTEM32\WSOCK32.dll
0x00007ffe67f30000 - 0x00007ffe67f9f000 	C:\WINDOWS\System32\WS2_32.dll
0x00007ffe615e0000 - 0x00007ffe61613000 	C:\WINDOWS\SYSTEM32\WINMM.dll
0x00007ffe5fc40000 - 0x00007ffe5fc4a000 	C:\WINDOWS\SYSTEM32\VERSION.dll
0x00007ffe65240000 - 0x00007ffe65258000 	C:\WINDOWS\SYSTEM32\kernel.appcore.dll
0x00007ffe3a6a0000 - 0x00007ffe3a6b1000 	D:\Android\jre\bin\verify.dll
0x00007ffe63c80000 - 0x00007ffe63ea1000 	C:\WINDOWS\SYSTEM32\DBGHELP.DLL
0x00007ffe5ec40000 - 0x00007ffe5ec71000 	C:\WINDOWS\SYSTEM32\dbgcore.DLL
0x00007ffe66640000 - 0x00007ffe666bf000 	C:\WINDOWS\System32\bcryptPrimitives.dll
0x00007ffe36c40000 - 0x00007ffe36c69000 	D:\Android\jre\bin\java.dll
0x00007ffe5f3b0000 - 0x00007ffe5f3bb000 	D:\Android\jre\bin\jimage.dll
0x00007ffe356a0000 - 0x00007ffe356b8000 	D:\Android\jre\bin\zip.dll
0x00007ffe67210000 - 0x00007ffe679be000 	C:\WINDOWS\System32\SHELL32.dll
0x00007ffe641d0000 - 0x00007ffe64a37000 	C:\WINDOWS\SYSTEM32\windows.storage.dll
0x00007ffe684c0000 - 0x00007ffe68838000 	C:\WINDOWS\System32\combase.dll
0x00007ffe63eb0000 - 0x00007ffe64016000 	C:\WINDOWS\SYSTEM32\wintypes.dll
0x00007ffe66e60000 - 0x00007ffe66f4a000 	C:\WINDOWS\System32\SHCORE.dll
0x00007ffe67cf0000 - 0x00007ffe67d4d000 	C:\WINDOWS\System32\shlwapi.dll
0x00007ffe65fc0000 - 0x00007ffe65fe1000 	C:\WINDOWS\SYSTEM32\profapi.dll
0x00007ffe35070000 - 0x00007ffe3508a000 	D:\Android\jre\bin\net.dll
0x00007ffe60bd0000 - 0x00007ffe60cdc000 	C:\WINDOWS\SYSTEM32\WINHTTP.dll
0x00007ffe65690000 - 0x00007ffe656f7000 	C:\WINDOWS\system32\mswsock.dll
0x00007ffe33d60000 - 0x00007ffe33d74000 	D:\Android\jre\bin\nio.dll
0x00007ffe3eea0000 - 0x00007ffe3eec7000 	C:\Users\ASUS\.gradle\native\e1d6ef7f7dcc3fd88c89a11ec53ec762bb8ba0a96d01ffa2cd45eb1d1d8dd5c5\windows-amd64\native-platform.dll
0x00007ffe31ac0000 - 0x00007ffe31c04000 	C:\Users\ASUS\.gradle\native\5664cfc778a61ccfe75a443a1ab52a65af34e5dc3c78e0209fed803814484fcb\windows-amd64\native-platform-file-events.dll
0x00007ffe53bb0000 - 0x00007ffe53bba000 	D:\Android\jre\bin\management.dll
0x00007ffe4fc90000 - 0x00007ffe4fc9d000 	D:\Android\jre\bin\management_ext.dll
0x00007ffe658f0000 - 0x00007ffe65908000 	C:\WINDOWS\SYSTEM32\CRYPTSP.dll
0x00007ffe651a0000 - 0x00007ffe651d5000 	C:\WINDOWS\system32\rsaenh.dll
0x00007ffe657a0000 - 0x00007ffe657c9000 	C:\WINDOWS\SYSTEM32\USERENV.dll
0x00007ffe65a70000 - 0x00007ffe65a97000 	C:\WINDOWS\SYSTEM32\bcrypt.dll
0x00007ffe65910000 - 0x00007ffe6591c000 	C:\WINDOWS\SYSTEM32\CRYPTBASE.dll
0x00007ffe64d70000 - 0x00007ffe64d9d000 	C:\WINDOWS\SYSTEM32\IPHLPAPI.DLL
0x00007ffe66ca0000 - 0x00007ffe66ca9000 	C:\WINDOWS\System32\NSI.dll
0x00007ffe60d60000 - 0x00007ffe60d79000 	C:\WINDOWS\SYSTEM32\dhcpcsvc6.DLL
0x00007ffe61220000 - 0x00007ffe6123e000 	C:\WINDOWS\SYSTEM32\dhcpcsvc.DLL
0x00007ffe64da0000 - 0x00007ffe64e87000 	C:\WINDOWS\SYSTEM32\DNSAPI.dll

dbghelp: loaded successfully - version: 4.0.5 - missing functions: none
symbol engine: initialized successfully - sym options: 0x614 - pdb path: .;D:\Android\jre\bin;C:\WINDOWS\SYSTEM32;C:\Program Files\AVAST Software\Avast;C:\WINDOWS\WinSxS\amd64_microsoft.windows.common-controls_6595b64144ccf1df_6.0.22000.120_none_9d947278b86cc467;D:\Android\jre\bin\server;C:\Users\ASUS\.gradle\native\e1d6ef7f7dcc3fd88c89a11ec53ec762bb8ba0a96d01ffa2cd45eb1d1d8dd5c5\windows-amd64;C:\Users\ASUS\.gradle\native\5664cfc778a61ccfe75a443a1ab52a65af34e5dc3c78e0209fed803814484fcb\windows-amd64

VM Arguments:
jvm_args: --add-opens=java.base/java.util=ALL-UNNAMED --add-opens=java.base/java.lang=ALL-UNNAMED --add-opens=java.base/java.lang.invoke=ALL-UNNAMED --add-opens=java.base/java.util=ALL-UNNAMED --add-opens=java.prefs/java.util.prefs=ALL-UNNAMED --add-opens=java.prefs/java.util.prefs=ALL-UNNAMED --add-opens=java.base/java.nio.charset=ALL-UNNAMED --add-opens=java.base/java.net=ALL-UNNAMED --add-opens=java.base/java.util.concurrent.atomic=ALL-UNNAMED -Xmx2048m -Dfile.encoding=UTF-8 -Duser.country=US -Duser.language=en -Duser.variant 
java_command: org.gradle.launcher.daemon.bootstrap.GradleDaemon 7.2
java_class_path (initial): C:\Users\ASUS\.gradle\wrapper\dists\gradle-7.2-bin\2dnblmf4td7x66yl1d74lt32g\gradle-7.2\lib\gradle-launcher-7.2.jar
Launcher Type: SUN_STANDARD

[Global flags]
     intx CICompilerCount                          = 4                                         {product} {ergonomic}
     uint ConcGCThreads                            = 2                                         {product} {ergonomic}
     uint G1ConcRefinementThreads                  = 8                                         {product} {ergonomic}
   size_t G1HeapRegionSize                         = 1048576                                   {product} {ergonomic}
    uintx GCDrainStackTargetSize                   = 64                                        {product} {ergonomic}
   size_t InitialHeapSize                          = 134217728                                 {product} {ergonomic}
   size_t MarkStackSize                            = 4194304                                   {product} {ergonomic}
   size_t MaxHeapSize                              = 2147483648                                {product} {command line}
   size_t MaxNewSize                               = 1287651328                                {product} {ergonomic}
   size_t MinHeapDeltaBytes                        = 1048576                                   {product} {ergonomic}
    uintx NonNMethodCodeHeapSize                   = 5836300                                {pd product} {ergonomic}
    uintx NonProfiledCodeHeapSize                  = 122910970                              {pd product} {ergonomic}
    uintx ProfiledCodeHeapSize                     = 122910970                              {pd product} {ergonomic}
    uintx ReservedCodeCacheSize                    = 251658240                              {pd product} {ergonomic}
     bool SegmentedCodeCache                       = true                                      {product} {ergonomic}
     bool UseCompressedClassPointers               = true                                 {lp64_product} {ergonomic}
     bool UseCompressedOops                        = true                                 {lp64_product} {ergonomic}
     bool UseG1GC                                  = true                                      {product} {ergonomic}
     bool UseLargePagesIndividualAllocation        = false                                  {pd product} {ergonomic}

Logging:
Log output configuration:
 #0: stdout all=warning uptime,level,tags
 #1: stderr all=off uptime,level,tags

Environment Variables:
JAVA_HOME=C:\Program Files\Java\jdk-17.0.1
PATH=C:\Program Files\Common Files\Oracle\Java\javapath;"C:\Program Files (x86)\Common Files\Oracle\Java\javapath;C:\Program Files\Java\jdk-10.0.2\bin";C:\WINDOWS\system32;C:\WINDOWS;C:\WINDOWS\System32\Wbem;C:\WINDOWS\System32\WindowsPowerShell\v1.0\;C:\WINDOWS\System32\OpenSSH\;C:\JAVA\BIN;C:\Program Files\Intel\WiFi\bin\;C:\Program Files\Common Files\Intel\WirelessCommon\;C:\Program Files\dotnet\;C:\Program Files\Java\jdk-17.0.1\bin;D:\MATLAB2019\bin;E:\Git\cmd;C:\Program Files\MySQL\MySQL Shell 8.0\bin\;C:\Users\ASUS\AppData\Local\Programs\Python\Python39\Scripts\;C:\Users\ASUS\AppData\Local\Programs\Python\Python39\;"C:\Users\ASUS\AppData\Local\Microsoft\WindowsApps;C:\Program Files\Java\jdk-10.0.2\bin";C:\Program Files\Java\jdk-10.0.2\bin;C:\Users\ASUS\AppData\Local\Microsoft\WindowsApps;C:\Program Files\JetBrains\PyCharm Community Edition 2020.1.2\bin;C:\Users\ASUS\AppData\Local\Programs\Microsoft VS Code\bin;C:\Program Files\CodeBlocks\MinGW\bin;C:\Users\ASUS\AppData\Local\Microsoft\WindowsApps;D:\iverilog\bin;D:\iverilog\gtkwave\bin;C:\Users\ASUS\AppData\Local\GitHubDesktop\bin
USERNAME=JAYATHILAKE
OS=Windows_NT
PROCESSOR_IDENTIFIER=Intel64 Family 6 Model 142 Stepping 10, GenuineIntel



---------------  S Y S T E M  ---------------

OS: Windows 10 , 64 bit Build 22000 (10.0.22000.434)
OS uptime: 0 days 19:27 hours
Hyper-V role detected

CPU:total 8 (initial active 8) (4 cores per cpu, 2 threads per core) family 6 model 142 stepping 10 microcode 0xe0, cmov, cx8, fxsr, mmx, sse, sse2, sse3, ssse3, sse4.1, sse4.2, popcnt, avx, avx2, aes, clmul, erms, 3dnowpref, lzcnt, ht, tsc, tscinvbit, bmi1, bmi2, adx, fma

Memory: 4k page, system-wide physical 8073M (279M free)
TotalPageFile size 12073M (AvailPageFile size 17M)
current process WorkingSet (physical memory assigned to process): 448M, peak: 449M
current process commit charge ("private bytes"): 485M, peak: 522M

vm_info: OpenJDK 64-Bit Server VM (11.0.11+9-b60-7590822) for windows-amd64 JRE (11.0.11+9-b60-7590822), built on Jul 29 2021 21:43:44 by "builder" with MS VC++ 14.0 (VS2015)

END.
