#
# There is insufficient memory for the Java Runtime Environment to continue.
# Native memory allocation (malloc) failed to allocate 2115056 bytes for Chunk::new
# Possible reasons:
#   The system is out of physical RAM or swap space
#   The process is running with CompressedOops enabled, and the Java Heap may be blocking the growth of the native heap
# Possible solutions:
#   Reduce memory load on the system
#   Increase physical memory or swap space
#   Check if swap backing store is full
#   Decrease Java heap size (-Xmx/-Xms)
#   Decrease number of Java threads
#   Decrease Java thread stack sizes (-Xss)
#   Set larger code cache with -XX:ReservedCodeCacheSize=
#   JVM is running with Unscaled Compressed Oops mode in which the Java heap is
#     placed in the first 4GB address space. The Java Heap base address is the
#     maximum limit for the native heap growth. Please use -XX:HeapBaseMinAddress
#     to set the Java Heap base and to place the Java Heap above 4GB virtual address.
# This output file may be truncated or incomplete.
#
#  Out of Memory Error (./src/hotspot/share/memory/arena.cpp:197), pid=16776, tid=8580
#
# JRE version: OpenJDK Runtime Environment (11.0.11+9) (build 11.0.11+9-b60-7590822)
# Java VM: OpenJDK 64-Bit Server VM (11.0.11+9-b60-7590822, mixed mode, tiered, compressed oops, g1 gc, windows-amd64)
# No core dump will be written. Minidumps are not enabled by default on client versions of Windows
#

---------------  S U M M A R Y ------------

Command Line: --add-opens=java.base/java.util=ALL-UNNAMED --add-opens=java.base/java.lang=ALL-UNNAMED --add-opens=java.base/java.lang.invoke=ALL-UNNAMED --add-opens=java.base/java.util=ALL-UNNAMED --add-opens=java.prefs/java.util.prefs=ALL-UNNAMED --add-opens=java.prefs/java.util.prefs=ALL-UNNAMED --add-opens=java.base/java.nio.charset=ALL-UNNAMED --add-opens=java.base/java.net=ALL-UNNAMED --add-opens=java.base/java.util.concurrent.atomic=ALL-UNNAMED -Xmx2048m -Dfile.encoding=UTF-8 -Duser.country=US -Duser.language=en -Duser.variant org.gradle.launcher.daemon.bootstrap.GradleDaemon 7.2

Host: Intel(R) Core(TM) i5-8250U CPU @ 1.60GHz, 8 cores, 7G,  Windows 10 , 64 bit Build 22000 (10.0.22000.434)
Time: Tue Feb 15 14:51:10 2022 Sri Lanka Standard Time elapsed time: 15.763321 seconds (0d 0h 0m 15s)

---------------  T H R E A D  ---------------

Current thread (0x00000252a069a000):  JavaThread "C2 CompilerThread0" daemon [_thread_in_native, id=8580, stack(0x0000006a44000000,0x0000006a44100000)]


Current CompileTask:
C2:  15763 2498       4       jdk.internal.loader.URLClassPath::getResource (74 bytes)

Stack: [0x0000006a44000000,0x0000006a44100000]
Native frames: (J=compiled Java code, j=interpreted, Vv=VM code, C=native code)
V  [jvm.dll+0x5f214a]
V  [jvm.dll+0x726fb5]
V  [jvm.dll+0x7285cd]
V  [jvm.dll+0x728c83]
V  [jvm.dll+0x243278]
V  [jvm.dll+0xbc53c]
V  [jvm.dll+0xbca3c]
V  [jvm.dll+0x353e3b]
V  [jvm.dll+0x321893]
V  [jvm.dll+0x320d8a]
V  [jvm.dll+0x1fc1e2]
V  [jvm.dll+0x1fb3d4]
V  [jvm.dll+0x183d6c]
V  [jvm.dll+0x209a57]
V  [jvm.dll+0x2082a1]
V  [jvm.dll+0x6ef58f]
V  [jvm.dll+0x6e80b5]
V  [jvm.dll+0x5f1036]
C  [ucrtbase.dll+0x26c0c]
C  [KERNEL32.DLL+0x154e0]
C  [ntdll.dll+0x485b]


---------------  P R O C E S S  ---------------

Threads class SMR info:
_java_thread_list=0x00000252a16afe50, length=31, elements={
0x0000025285897800, 0x000002529fd19000, 0x000002529fd1e000, 0x00000252a0694800,
0x00000252a0696000, 0x00000252a0699000, 0x00000252a069a000, 0x00000252a06a3000,
0x000002529fd3d000, 0x00000252a07fc800, 0x00000252a2db4000, 0x00000252a3ee1800,
0x00000252a260c800, 0x00000252a4272000, 0x00000252a2521000, 0x00000252a231f000,
0x00000252a2320000, 0x00000252a363e800, 0x00000252a233f000, 0x00000252a1d22000,
0x00000252a1d23000, 0x00000252a1d21000, 0x00000252a1d23800, 0x00000252a1d24800,
0x00000252a1d25800, 0x00000252a1d1f800, 0x00000252a1d26000, 0x00000252a1d20800,
0x00000252a42a4000, 0x00000252a42a5000, 0x00000252a382e800
}

Java Threads: ( => current thread )
  0x0000025285897800 JavaThread "main" [_thread_blocked, id=17688, stack(0x0000006a43400000,0x0000006a43500000)]
  0x000002529fd19000 JavaThread "Reference Handler" daemon [_thread_blocked, id=11204, stack(0x0000006a43b00000,0x0000006a43c00000)]
  0x000002529fd1e000 JavaThread "Finalizer" daemon [_thread_blocked, id=16392, stack(0x0000006a43c00000,0x0000006a43d00000)]
  0x00000252a0694800 JavaThread "Signal Dispatcher" daemon [_thread_blocked, id=17536, stack(0x0000006a43d00000,0x0000006a43e00000)]
  0x00000252a0696000 JavaThread "Attach Listener" daemon [_thread_blocked, id=12472, stack(0x0000006a43e00000,0x0000006a43f00000)]
  0x00000252a0699000 JavaThread "Service Thread" daemon [_thread_blocked, id=15416, stack(0x0000006a43f00000,0x0000006a44000000)]
=>0x00000252a069a000 JavaThread "C2 CompilerThread0" daemon [_thread_in_native, id=8580, stack(0x0000006a44000000,0x0000006a44100000)]
  0x00000252a06a3000 JavaThread "C1 CompilerThread0" daemon [_thread_blocked, id=12656, stack(0x0000006a44100000,0x0000006a44200000)]
  0x000002529fd3d000 JavaThread "Sweeper thread" daemon [_thread_blocked, id=7352, stack(0x0000006a44200000,0x0000006a44300000)]
  0x00000252a07fc800 JavaThread "Common-Cleaner" daemon [_thread_blocked, id=17752, stack(0x0000006a44300000,0x0000006a44400000)]
  0x00000252a2db4000 JavaThread "Daemon health stats" [_thread_blocked, id=17720, stack(0x0000006a44800000,0x0000006a44900000)]
  0x00000252a3ee1800 JavaThread "Incoming local TCP Connector on port 59559" [_thread_in_native, id=7372, stack(0x0000006a44900000,0x0000006a44a00000)]
  0x00000252a260c800 JavaThread "Daemon periodic checks" [_thread_blocked, id=12360, stack(0x0000006a44a00000,0x0000006a44b00000)]
  0x00000252a4272000 JavaThread "Daemon" [_thread_blocked, id=12096, stack(0x0000006a44b00000,0x0000006a44c00000)]
  0x00000252a2521000 JavaThread "Handler for socket connection from /127.0.0.1:59559 to /127.0.0.1:59560" [_thread_in_native, id=15692, stack(0x0000006a44c00000,0x0000006a44d00000)]
  0x00000252a231f000 JavaThread "Cancel handler" [_thread_blocked, id=16584, stack(0x0000006a44d00000,0x0000006a44e00000)]
  0x00000252a2320000 JavaThread "Daemon worker" [_thread_in_vm, id=16140, stack(0x0000006a44e00000,0x0000006a44f00000)]
  0x00000252a363e800 JavaThread "Asynchronous log dispatcher for DefaultDaemonConnection: socket connection from /127.0.0.1:59559 to /127.0.0.1:59560" [_thread_blocked, id=15636, stack(0x0000006a44f00000,0x0000006a45000000)]
  0x00000252a233f000 JavaThread "Stdin handler" [_thread_blocked, id=6756, stack(0x0000006a45000000,0x0000006a45100000)]
  0x00000252a1d22000 JavaThread "Daemon client event forwarder" [_thread_blocked, id=10192, stack(0x0000006a45100000,0x0000006a45200000)]
  0x00000252a1d23000 JavaThread "Cache worker for journal cache (C:\Users\ASUS\.gradle\caches\journal-1)" [_thread_blocked, id=9500, stack(0x0000006a44500000,0x0000006a44600000)]
  0x00000252a1d21000 JavaThread "File lock request listener" [_thread_in_native, id=11228, stack(0x0000006a45700000,0x0000006a45800000)]
  0x00000252a1d23800 JavaThread "Cache worker for file hash cache (C:\Users\ASUS\.gradle\caches\7.2\fileHashes)" [_thread_blocked, id=14232, stack(0x0000006a45800000,0x0000006a45900000)]
  0x00000252a1d24800 JavaThread "Cache worker for file hash cache (D:\AndroifCreations\RegForm\.gradle\7.2\fileHashes)" [_thread_blocked, id=14656, stack(0x0000006a45a00000,0x0000006a45b00000)]
  0x00000252a1d25800 JavaThread "File watcher server" daemon [_thread_in_native, id=13588, stack(0x0000006a45c00000,0x0000006a45d00000)]
  0x00000252a1d1f800 JavaThread "File watcher consumer" daemon [_thread_blocked, id=15372, stack(0x0000006a45d00000,0x0000006a45e00000)]
  0x00000252a1d26000 JavaThread "Cache worker for checksums cache (D:\AndroifCreations\RegForm\.gradle\checksums)" [_thread_blocked, id=16860, stack(0x0000006a45e00000,0x0000006a45f00000)]
  0x00000252a1d20800 JavaThread "Cache worker for cache directory md-supplier (C:\Users\ASUS\.gradle\caches\7.2\md-supplier)" [_thread_blocked, id=4024, stack(0x0000006a45f00000,0x0000006a46000000)]
  0x00000252a42a4000 JavaThread "Cache worker for cache directory md-rule (C:\Users\ASUS\.gradle\caches\7.2\md-rule)" [_thread_blocked, id=6320, stack(0x0000006a46000000,0x0000006a46100000)]
  0x00000252a42a5000 JavaThread "Cache worker for execution history cache (C:\Users\ASUS\.gradle\caches\7.2\executionHistory)" [_thread_blocked, id=13060, stack(0x0000006a46100000,0x0000006a46200000)]
  0x00000252a382e800 JavaThread "C2 CompilerThread1" daemon [_thread_in_native, id=14360, stack(0x0000006a45b00000,0x0000006a45c00000)]

Other Threads:
  0x000002529fd17000 VMThread "VM Thread" [stack: 0x0000006a43a00000,0x0000006a43b00000] [id=2780]
  0x00000252a0803000 WatcherThread [stack: 0x0000006a44400000,0x0000006a44500000] [id=18088]
  0x00000252858b0000 GCTaskThread "GC Thread#0" [stack: 0x0000006a43500000,0x0000006a43600000] [id=7856]
  0x00000252a194b000 GCTaskThread "GC Thread#1" [stack: 0x0000006a44600000,0x0000006a44700000] [id=15524]
  0x00000252a1839800 GCTaskThread "GC Thread#2" [stack: 0x0000006a44700000,0x0000006a44800000] [id=736]
  0x00000252a1685800 GCTaskThread "GC Thread#3" [stack: 0x0000006a45200000,0x0000006a45300000] [id=3228]
  0x00000252a3040800 GCTaskThread "GC Thread#4" [stack: 0x0000006a45300000,0x0000006a45400000] [id=5560]
  0x00000252a2340000 GCTaskThread "GC Thread#5" [stack: 0x0000006a45400000,0x0000006a45500000] [id=13548]
  0x00000252a3272800 GCTaskThread "GC Thread#6" [stack: 0x0000006a45500000,0x0000006a45600000] [id=16108]
  0x00000252a3273000 GCTaskThread "GC Thread#7" [stack: 0x0000006a45600000,0x0000006a45700000] [id=14768]
  0x00000252858e2800 ConcurrentGCThread "G1 Main Marker" [stack: 0x0000006a43600000,0x0000006a43700000] [id=2864]
  0x00000252858e3800 ConcurrentGCThread "G1 Conc#0" [stack: 0x0000006a43700000,0x0000006a43800000] [id=11316]
  0x00000252a2e24000 ConcurrentGCThread "G1 Conc#1" [stack: 0x0000006a45900000,0x0000006a45a00000] [id=9992]
  0x000002528596d800 ConcurrentGCThread "G1 Refine#0" [stack: 0x0000006a43800000,0x0000006a43900000] [id=14312]
  0x000002528596e800 ConcurrentGCThread "G1 Young RemSet Sampling" [stack: 0x0000006a43900000,0x0000006a43a00000] [id=8800]

Threads with active compile tasks:
C2 CompilerThread0  15882 2498       4       jdk.internal.loader.URLClassPath::getResource (74 bytes)
C2 CompilerThread1  15882 2496  s!   4       jdk.internal.loader.URLClassPath::getLoader (194 bytes)

VM state:not at safepoint (normal execution)

VM Mutex/Monitor currently owned by a thread: None

Heap address: 0x0000000080000000, size: 2048 MB, Compressed Oops mode: 32-bit
Narrow klass base: 0x0000000000000000, Narrow klass shift: 3
Compressed class space size: 1073741824 Address: 0x0000000100000000

Heap:
 garbage-first heap   total 131072K, used 73395K [0x0000000080000000, 0x0000000100000000)
  region size 1024K, 57 young (58368K), 3 survivors (3072K)
 Metaspace       used 33465K, capacity 34222K, committed 34432K, reserved 1079296K
  class space    used 4345K, capacity 4639K, committed 4736K, reserved 1048576K
Heap Regions: E=young(eden), S=young(survivor), O=old, HS=humongous(starts), HC=humongous(continues), CS=collection set, F=free, A=archive, TAMS=top-at-mark-start (previous, next)
|   0|0x0000000080000000, 0x0000000080100000, 0x0000000080100000|100%| O|  |TAMS 0x0000000080100000, 0x0000000080000000| Untracked 
|   1|0x0000000080100000, 0x0000000080200000, 0x0000000080200000|100%| O|  |TAMS 0x0000000080200000, 0x0000000080100000| Untracked 
|   2|0x0000000080200000, 0x0000000080300000, 0x0000000080300000|100%| O|  |TAMS 0x0000000080300000, 0x0000000080200000| Untracked 
|   3|0x0000000080300000, 0x0000000080400000, 0x0000000080400000|100%|HS|  |TAMS 0x0000000080400000, 0x0000000080300000| Complete 
|   4|0x0000000080400000, 0x0000000080500000, 0x0000000080500000|100%|HC|  |TAMS 0x0000000080500000, 0x0000000080400000| Complete 
|   5|0x0000000080500000, 0x0000000080600000, 0x0000000080600000|100%|HC|  |TAMS 0x0000000080600000, 0x0000000080500000| Complete 
|   6|0x0000000080600000, 0x0000000080700000, 0x0000000080700000|100%| O|  |TAMS 0x0000000080700000, 0x0000000080600000| Untracked 
|   7|0x0000000080700000, 0x0000000080800000, 0x0000000080800000|100%| O|  |TAMS 0x0000000080800000, 0x0000000080700000| Untracked 
|   8|0x0000000080800000, 0x0000000080900000, 0x0000000080900000|100%| O|  |TAMS 0x0000000080900000, 0x0000000080800000| Untracked 
|   9|0x0000000080900000, 0x0000000080a00000, 0x0000000080a00000|100%| O|  |TAMS 0x0000000080a00000, 0x0000000080900000| Untracked 
|  10|0x0000000080a00000, 0x0000000080b00000, 0x0000000080b00000|100%| O|  |TAMS 0x0000000080b00000, 0x0000000080a00000| Untracked 
|  11|0x0000000080b00000, 0x0000000080c00000, 0x0000000080c00000|100%| O|  |TAMS 0x0000000080c00000, 0x0000000080b00000| Untracked 
|  12|0x0000000080c00000, 0x0000000080d00000, 0x0000000080d00000|100%| O|  |TAMS 0x0000000080d00000, 0x0000000080c00000| Untracked 
|  13|0x0000000080d00000, 0x0000000080e00000, 0x0000000080e00000|100%| O|  |TAMS 0x0000000080e00000, 0x0000000080d00000| Untracked 
|  14|0x0000000080e00000, 0x0000000080f00000, 0x0000000080f00000|100%| O|  |TAMS 0x0000000080f00000, 0x0000000080e00000| Untracked 
|  15|0x0000000080f00000, 0x0000000080fc3c00, 0x0000000081000000| 76%| O|  |TAMS 0x0000000080fc3c00, 0x0000000080f00000| Untracked 
|  16|0x0000000081000000, 0x0000000081000000, 0x0000000081100000|  0%| F|  |TAMS 0x0000000081000000, 0x0000000081000000| Untracked 
|  17|0x0000000081100000, 0x0000000081100000, 0x0000000081200000|  0%| F|  |TAMS 0x0000000081100000, 0x0000000081100000| Untracked 
|  18|0x0000000081200000, 0x0000000081200000, 0x0000000081300000|  0%| F|  |TAMS 0x0000000081200000, 0x0000000081200000| Untracked 
|  19|0x0000000081300000, 0x0000000081300000, 0x0000000081400000|  0%| F|  |TAMS 0x0000000081300000, 0x0000000081300000| Untracked 
|  20|0x0000000081400000, 0x0000000081400000, 0x0000000081500000|  0%| F|  |TAMS 0x0000000081400000, 0x0000000081400000| Untracked 
|  21|0x0000000081500000, 0x0000000081500000, 0x0000000081600000|  0%| F|  |TAMS 0x0000000081500000, 0x0000000081500000| Untracked 
|  22|0x0000000081600000, 0x0000000081600000, 0x0000000081700000|  0%| F|  |TAMS 0x0000000081600000, 0x0000000081600000| Untracked 
|  23|0x0000000081700000, 0x0000000081700000, 0x0000000081800000|  0%| F|  |TAMS 0x0000000081700000, 0x0000000081700000| Untracked 
|  24|0x0000000081800000, 0x0000000081800000, 0x0000000081900000|  0%| F|  |TAMS 0x0000000081800000, 0x0000000081800000| Untracked 
|  25|0x0000000081900000, 0x0000000081900000, 0x0000000081a00000|  0%| F|  |TAMS 0x0000000081900000, 0x0000000081900000| Untracked 
|  26|0x0000000081a00000, 0x0000000081a00000, 0x0000000081b00000|  0%| F|  |TAMS 0x0000000081a00000, 0x0000000081a00000| Untracked 
|  27|0x0000000081b00000, 0x0000000081b00000, 0x0000000081c00000|  0%| F|  |TAMS 0x0000000081b00000, 0x0000000081b00000| Untracked 
|  28|0x0000000081c00000, 0x0000000081c00000, 0x0000000081d00000|  0%| F|  |TAMS 0x0000000081c00000, 0x0000000081c00000| Untracked 
|  29|0x0000000081d00000, 0x0000000081d00000, 0x0000000081e00000|  0%| F|  |TAMS 0x0000000081d00000, 0x0000000081d00000| Untracked 
|  30|0x0000000081e00000, 0x0000000081e00000, 0x0000000081f00000|  0%| F|  |TAMS 0x0000000081e00000, 0x0000000081e00000| Untracked 
|  31|0x0000000081f00000, 0x0000000081f00000, 0x0000000082000000|  0%| F|  |TAMS 0x0000000081f00000, 0x0000000081f00000| Untracked 
|  32|0x0000000082000000, 0x0000000082000000, 0x0000000082100000|  0%| F|  |TAMS 0x0000000082000000, 0x0000000082000000| Untracked 
|  33|0x0000000082100000, 0x0000000082100000, 0x0000000082200000|  0%| F|  |TAMS 0x0000000082100000, 0x0000000082100000| Untracked 
|  34|0x0000000082200000, 0x0000000082200000, 0x0000000082300000|  0%| F|  |TAMS 0x0000000082200000, 0x0000000082200000| Untracked 
|  35|0x0000000082300000, 0x0000000082300000, 0x0000000082400000|  0%| F|  |TAMS 0x0000000082300000, 0x0000000082300000| Untracked 
|  36|0x0000000082400000, 0x0000000082400000, 0x0000000082500000|  0%| F|  |TAMS 0x0000000082400000, 0x0000000082400000| Untracked 
|  37|0x0000000082500000, 0x0000000082500000, 0x0000000082600000|  0%| F|  |TAMS 0x0000000082500000, 0x0000000082500000| Untracked 
|  38|0x0000000082600000, 0x0000000082600000, 0x0000000082700000|  0%| F|  |TAMS 0x0000000082600000, 0x0000000082600000| Untracked 
|  39|0x0000000082700000, 0x0000000082700000, 0x0000000082800000|  0%| F|  |TAMS 0x0000000082700000, 0x0000000082700000| Untracked 
|  40|0x0000000082800000, 0x0000000082800000, 0x0000000082900000|  0%| F|  |TAMS 0x0000000082800000, 0x0000000082800000| Untracked 
|  41|0x0000000082900000, 0x0000000082900000, 0x0000000082a00000|  0%| F|  |TAMS 0x0000000082900000, 0x0000000082900000| Untracked 
|  42|0x0000000082a00000, 0x0000000082a00000, 0x0000000082b00000|  0%| F|  |TAMS 0x0000000082a00000, 0x0000000082a00000| Untracked 
|  43|0x0000000082b00000, 0x0000000082b00000, 0x0000000082c00000|  0%| F|  |TAMS 0x0000000082b00000, 0x0000000082b00000| Untracked 
|  44|0x0000000082c00000, 0x0000000082c00000, 0x0000000082d00000|  0%| F|  |TAMS 0x0000000082c00000, 0x0000000082c00000| Untracked 
|  45|0x0000000082d00000, 0x0000000082d00000, 0x0000000082e00000|  0%| F|  |TAMS 0x0000000082d00000, 0x0000000082d00000| Untracked 
|  46|0x0000000082e00000, 0x0000000082e00000, 0x0000000082f00000|  0%| F|  |TAMS 0x0000000082e00000, 0x0000000082e00000| Untracked 
|  47|0x0000000082f00000, 0x0000000082f00000, 0x0000000083000000|  0%| F|  |TAMS 0x0000000082f00000, 0x0000000082f00000| Untracked 
|  48|0x0000000083000000, 0x0000000083000000, 0x0000000083100000|  0%| F|  |TAMS 0x0000000083000000, 0x0000000083000000| Untracked 
|  49|0x0000000083100000, 0x0000000083100000, 0x0000000083200000|  0%| F|  |TAMS 0x0000000083100000, 0x0000000083100000| Untracked 
|  50|0x0000000083200000, 0x0000000083200000, 0x0000000083300000|  0%| F|  |TAMS 0x0000000083200000, 0x0000000083200000| Untracked 
|  51|0x0000000083300000, 0x0000000083300000, 0x0000000083400000|  0%| F|  |TAMS 0x0000000083300000, 0x0000000083300000| Untracked 
|  52|0x0000000083400000, 0x0000000083400000, 0x0000000083500000|  0%| F|  |TAMS 0x0000000083400000, 0x0000000083400000| Untracked 
|  53|0x0000000083500000, 0x0000000083500000, 0x0000000083600000|  0%| F|  |TAMS 0x0000000083500000, 0x0000000083500000| Untracked 
|  54|0x0000000083600000, 0x0000000083600000, 0x0000000083700000|  0%| F|  |TAMS 0x0000000083600000, 0x0000000083600000| Untracked 
|  55|0x0000000083700000, 0x0000000083700000, 0x0000000083800000|  0%| F|  |TAMS 0x0000000083700000, 0x0000000083700000| Untracked 
|  56|0x0000000083800000, 0x0000000083800000, 0x0000000083900000|  0%| F|  |TAMS 0x0000000083800000, 0x0000000083800000| Untracked 
|  57|0x0000000083900000, 0x0000000083900000, 0x0000000083a00000|  0%| F|  |TAMS 0x0000000083900000, 0x0000000083900000| Untracked 
|  58|0x0000000083a00000, 0x0000000083a00000, 0x0000000083b00000|  0%| F|  |TAMS 0x0000000083a00000, 0x0000000083a00000| Untracked 
|  59|0x0000000083b00000, 0x0000000083b00000, 0x0000000083c00000|  0%| F|  |TAMS 0x0000000083b00000, 0x0000000083b00000| Untracked 
|  60|0x0000000083c00000, 0x0000000083c00000, 0x0000000083d00000|  0%| F|  |TAMS 0x0000000083c00000, 0x0000000083c00000| Untracked 
|  61|0x0000000083d00000, 0x0000000083d00000, 0x0000000083e00000|  0%| F|  |TAMS 0x0000000083d00000, 0x0000000083d00000| Untracked 
|  62|0x0000000083e00000, 0x0000000083e00000, 0x0000000083f00000|  0%| F|  |TAMS 0x0000000083e00000, 0x0000000083e00000| Untracked 
|  63|0x0000000083f00000, 0x0000000083f00000, 0x0000000084000000|  0%| F|  |TAMS 0x0000000083f00000, 0x0000000083f00000| Untracked 
|  64|0x0000000084000000, 0x0000000084000000, 0x0000000084100000|  0%| F|  |TAMS 0x0000000084000000, 0x0000000084000000| Untracked 
|  65|0x0000000084100000, 0x0000000084100000, 0x0000000084200000|  0%| F|  |TAMS 0x0000000084100000, 0x0000000084100000| Untracked 
|  66|0x0000000084200000, 0x0000000084200000, 0x0000000084300000|  0%| F|  |TAMS 0x0000000084200000, 0x0000000084200000| Untracked 
|  67|0x0000000084300000, 0x0000000084300000, 0x0000000084400000|  0%| F|  |TAMS 0x0000000084300000, 0x0000000084300000| Untracked 
|  68|0x0000000084400000, 0x0000000084400000, 0x0000000084500000|  0%| F|  |TAMS 0x0000000084400000, 0x0000000084400000| Untracked 
|  69|0x0000000084500000, 0x0000000084500000, 0x0000000084600000|  0%| F|  |TAMS 0x0000000084500000, 0x0000000084500000| Untracked 
|  70|0x0000000084600000, 0x0000000084600000, 0x0000000084700000|  0%| F|  |TAMS 0x0000000084600000, 0x0000000084600000| Untracked 
|  71|0x0000000084700000, 0x0000000084800000, 0x0000000084800000|100%| E|  |TAMS 0x0000000084700000, 0x0000000084700000| Complete 
|  72|0x0000000084800000, 0x00000000848e91c0, 0x0000000084900000| 91%| S|CS|TAMS 0x0000000084800000, 0x0000000084800000| Complete 
|  73|0x0000000084900000, 0x0000000084a00000, 0x0000000084a00000|100%| S|CS|TAMS 0x0000000084900000, 0x0000000084900000| Complete 
|  74|0x0000000084a00000, 0x0000000084b00000, 0x0000000084b00000|100%| S|CS|TAMS 0x0000000084a00000, 0x0000000084a00000| Complete 
|  75|0x0000000084b00000, 0x0000000084c00000, 0x0000000084c00000|100%| E|CS|TAMS 0x0000000084b00000, 0x0000000084b00000| Complete 
|  76|0x0000000084c00000, 0x0000000084d00000, 0x0000000084d00000|100%| E|CS|TAMS 0x0000000084c00000, 0x0000000084c00000| Complete 
|  77|0x0000000084d00000, 0x0000000084e00000, 0x0000000084e00000|100%| E|CS|TAMS 0x0000000084d00000, 0x0000000084d00000| Complete 
|  78|0x0000000084e00000, 0x0000000084f00000, 0x0000000084f00000|100%| E|CS|TAMS 0x0000000084e00000, 0x0000000084e00000| Complete 
|  79|0x0000000084f00000, 0x0000000085000000, 0x0000000085000000|100%| E|CS|TAMS 0x0000000084f00000, 0x0000000084f00000| Complete 
|  80|0x0000000085000000, 0x0000000085100000, 0x0000000085100000|100%| E|CS|TAMS 0x0000000085000000, 0x0000000085000000| Complete 
|  81|0x0000000085100000, 0x0000000085200000, 0x0000000085200000|100%| E|CS|TAMS 0x0000000085100000, 0x0000000085100000| Complete 
|  82|0x0000000085200000, 0x0000000085300000, 0x0000000085300000|100%| E|CS|TAMS 0x0000000085200000, 0x0000000085200000| Complete 
|  83|0x0000000085300000, 0x0000000085400000, 0x0000000085400000|100%| E|CS|TAMS 0x0000000085300000, 0x0000000085300000| Complete 
|  84|0x0000000085400000, 0x0000000085500000, 0x0000000085500000|100%| E|CS|TAMS 0x0000000085400000, 0x0000000085400000| Complete 
|  85|0x0000000085500000, 0x0000000085600000, 0x0000000085600000|100%| E|CS|TAMS 0x0000000085500000, 0x0000000085500000| Complete 
|  86|0x0000000085600000, 0x0000000085700000, 0x0000000085700000|100%| E|CS|TAMS 0x0000000085600000, 0x0000000085600000| Complete 
|  87|0x0000000085700000, 0x0000000085800000, 0x0000000085800000|100%| E|CS|TAMS 0x0000000085700000, 0x0000000085700000| Complete 
|  88|0x0000000085800000, 0x0000000085900000, 0x0000000085900000|100%| E|CS|TAMS 0x0000000085800000, 0x0000000085800000| Complete 
|  89|0x0000000085900000, 0x0000000085a00000, 0x0000000085a00000|100%| E|CS|TAMS 0x0000000085900000, 0x0000000085900000| Complete 
|  90|0x0000000085a00000, 0x0000000085b00000, 0x0000000085b00000|100%| E|CS|TAMS 0x0000000085a00000, 0x0000000085a00000| Complete 
|  91|0x0000000085b00000, 0x0000000085c00000, 0x0000000085c00000|100%| E|CS|TAMS 0x0000000085b00000, 0x0000000085b00000| Complete 
|  92|0x0000000085c00000, 0x0000000085d00000, 0x0000000085d00000|100%| E|CS|TAMS 0x0000000085c00000, 0x0000000085c00000| Complete 
|  93|0x0000000085d00000, 0x0000000085e00000, 0x0000000085e00000|100%| E|CS|TAMS 0x0000000085d00000, 0x0000000085d00000| Complete 
|  94|0x0000000085e00000, 0x0000000085f00000, 0x0000000085f00000|100%| E|CS|TAMS 0x0000000085e00000, 0x0000000085e00000| Complete 
|  95|0x0000000085f00000, 0x0000000086000000, 0x0000000086000000|100%| E|CS|TAMS 0x0000000085f00000, 0x0000000085f00000| Complete 
|  96|0x0000000086000000, 0x0000000086100000, 0x0000000086100000|100%| E|CS|TAMS 0x0000000086000000, 0x0000000086000000| Complete 
|  97|0x0000000086100000, 0x0000000086200000, 0x0000000086200000|100%| E|CS|TAMS 0x0000000086100000, 0x0000000086100000| Complete 
|  98|0x0000000086200000, 0x0000000086300000, 0x0000000086300000|100%| E|CS|TAMS 0x0000000086200000, 0x0000000086200000| Complete 
|  99|0x0000000086300000, 0x0000000086400000, 0x0000000086400000|100%| E|CS|TAMS 0x0000000086300000, 0x0000000086300000| Complete 
| 100|0x0000000086400000, 0x0000000086500000, 0x0000000086500000|100%| E|CS|TAMS 0x0000000086400000, 0x0000000086400000| Complete 
| 101|0x0000000086500000, 0x0000000086600000, 0x0000000086600000|100%| E|CS|TAMS 0x0000000086500000, 0x0000000086500000| Complete 
| 102|0x0000000086600000, 0x0000000086700000, 0x0000000086700000|100%| E|CS|TAMS 0x0000000086600000, 0x0000000086600000| Complete 
| 103|0x0000000086700000, 0x0000000086800000, 0x0000000086800000|100%| E|CS|TAMS 0x0000000086700000, 0x0000000086700000| Complete 
| 104|0x0000000086800000, 0x0000000086900000, 0x0000000086900000|100%| E|CS|TAMS 0x0000000086800000, 0x0000000086800000| Complete 
| 105|0x0000000086900000, 0x0000000086a00000, 0x0000000086a00000|100%| E|CS|TAMS 0x0000000086900000, 0x0000000086900000| Complete 
| 106|0x0000000086a00000, 0x0000000086b00000, 0x0000000086b00000|100%| E|CS|TAMS 0x0000000086a00000, 0x0000000086a00000| Complete 
| 107|0x0000000086b00000, 0x0000000086c00000, 0x0000000086c00000|100%| E|CS|TAMS 0x0000000086b00000, 0x0000000086b00000| Complete 
| 108|0x0000000086c00000, 0x0000000086d00000, 0x0000000086d00000|100%| E|CS|TAMS 0x0000000086c00000, 0x0000000086c00000| Complete 
| 109|0x0000000086d00000, 0x0000000086e00000, 0x0000000086e00000|100%| E|CS|TAMS 0x0000000086d00000, 0x0000000086d00000| Complete 
| 110|0x0000000086e00000, 0x0000000086f00000, 0x0000000086f00000|100%| E|CS|TAMS 0x0000000086e00000, 0x0000000086e00000| Complete 
| 111|0x0000000086f00000, 0x0000000087000000, 0x0000000087000000|100%| E|CS|TAMS 0x0000000086f00000, 0x0000000086f00000| Complete 
| 112|0x0000000087000000, 0x0000000087100000, 0x0000000087100000|100%| E|CS|TAMS 0x0000000087000000, 0x0000000087000000| Complete 
| 113|0x0000000087100000, 0x0000000087200000, 0x0000000087200000|100%| E|CS|TAMS 0x0000000087100000, 0x0000000087100000| Complete 
| 114|0x0000000087200000, 0x0000000087300000, 0x0000000087300000|100%| E|CS|TAMS 0x0000000087200000, 0x0000000087200000| Complete 
| 115|0x0000000087300000, 0x0000000087400000, 0x0000000087400000|100%| E|CS|TAMS 0x0000000087300000, 0x0000000087300000| Complete 
| 116|0x0000000087400000, 0x0000000087500000, 0x0000000087500000|100%| E|CS|TAMS 0x0000000087400000, 0x0000000087400000| Complete 
| 117|0x0000000087500000, 0x0000000087600000, 0x0000000087600000|100%| E|CS|TAMS 0x0000000087500000, 0x0000000087500000| Complete 
| 118|0x0000000087600000, 0x0000000087700000, 0x0000000087700000|100%| E|CS|TAMS 0x0000000087600000, 0x0000000087600000| Complete 
| 119|0x0000000087700000, 0x0000000087800000, 0x0000000087800000|100%| E|CS|TAMS 0x0000000087700000, 0x0000000087700000| Complete 
| 120|0x0000000087800000, 0x0000000087900000, 0x0000000087900000|100%| E|CS|TAMS 0x0000000087800000, 0x0000000087800000| Complete 
| 121|0x0000000087900000, 0x0000000087a00000, 0x0000000087a00000|100%| E|CS|TAMS 0x0000000087900000, 0x0000000087900000| Complete 
| 122|0x0000000087a00000, 0x0000000087b00000, 0x0000000087b00000|100%| E|CS|TAMS 0x0000000087a00000, 0x0000000087a00000| Complete 
| 123|0x0000000087b00000, 0x0000000087c00000, 0x0000000087c00000|100%| E|CS|TAMS 0x0000000087b00000, 0x0000000087b00000| Complete 
| 124|0x0000000087c00000, 0x0000000087d00000, 0x0000000087d00000|100%| E|CS|TAMS 0x0000000087c00000, 0x0000000087c00000| Complete 
| 125|0x0000000087d00000, 0x0000000087e00000, 0x0000000087e00000|100%| E|CS|TAMS 0x0000000087d00000, 0x0000000087d00000| Complete 
| 126|0x0000000087e00000, 0x0000000087f00000, 0x0000000087f00000|100%| E|CS|TAMS 0x0000000087e00000, 0x0000000087e00000| Complete 
| 127|0x0000000087f00000, 0x0000000088000000, 0x0000000088000000|100%| E|CS|TAMS 0x0000000087f00000, 0x0000000087f00000| Complete 

Card table byte_map: [0x0000025298ac0000,0x0000025298ec0000] _byte_map_base: 0x00000252986c0000

Marking Bits (Prev, Next): (CMBitMap*) 0x00000252858d9920, (CMBitMap*) 0x00000252858d98e8
 Prev Bits: [0x000002529b2c0000, 0x000002529d2c0000)
 Next Bits: [0x00000252992c0000, 0x000002529b2c0000)

Polling page: 0x0000025283850000

Metaspace:

Usage:
  Non-class:     28.89 MB capacity,    28.44 MB ( 98%) used,   394.27 KB (  1%) free+waste,    68.81 KB ( <1%) overhead. 
      Class:      4.53 MB capacity,     4.24 MB ( 94%) used,   259.60 KB (  6%) free+waste,    33.94 KB ( <1%) overhead. 
       Both:     33.42 MB capacity,    32.68 MB ( 98%) used,   653.87 KB (  2%) free+waste,   102.75 KB ( <1%) overhead. 

Virtual space:
  Non-class space:       30.00 MB reserved,      29.00 MB ( 97%) committed 
      Class space:        1.00 GB reserved,       4.63 MB ( <1%) committed 
             Both:        1.03 GB reserved,      33.63 MB (  3%) committed 

Chunk freelists:
   Non-Class:  49.00 KB
       Class:  1.00 KB
        Both:  50.00 KB

MaxMetaspaceSize: 17179869184.00 GB
CompressedClassSpaceSize: 1.00 GB

CodeHeap 'non-profiled nmethods': size=120000Kb used=1342Kb max_used=1342Kb free=118657Kb
 bounds [0x0000025290e60000, 0x00000252910d0000, 0x0000025298390000]
CodeHeap 'profiled nmethods': size=120000Kb used=5683Kb max_used=5683Kb free=114317Kb
 bounds [0x0000025289930000, 0x0000025289ec0000, 0x0000025290e60000]
CodeHeap 'non-nmethods': size=5760Kb used=1169Kb max_used=1240Kb free=4590Kb
 bounds [0x0000025289390000, 0x0000025289600000, 0x0000025289930000]
 total_blobs=3184 nmethods=2673 adapters=422
 compilation: enabled
              stopped_count=0, restarted_count=0
 full_count=0

Compilation events (20 events):
Event: 15.667 Thread 0x00000252a06a3000 2636       3       org.codehaus.groovy.reflection.CachedClass::getInterfaces (11 bytes)
Event: 15.667 Thread 0x00000252a06a3000 nmethod 2636 0x0000025289ea3c90 code [0x0000025289ea3e60, 0x0000025289ea4108]
Event: 15.700 Thread 0x00000252a06a3000 2639       3       org.codehaus.groovy.reflection.CachedMethod::compareToCachedMethod (160 bytes)
Event: 15.701 Thread 0x00000252a06a3000 nmethod 2639 0x0000025289ea4210 code [0x0000025289ea4560, 0x0000025289ea5868]
Event: 15.701 Thread 0x00000252a06a3000 2638       3       org.codehaus.groovy.reflection.CachedMethod::compareTo (25 bytes)
Event: 15.701 Thread 0x00000252a06a3000 nmethod 2638 0x0000025289ea6090 code [0x0000025289ea6280, 0x0000025289ea66d8]
Event: 15.701 Thread 0x00000252a06a3000 2640       3       org.codehaus.groovy.util.ReferenceManager$1::afterReferenceCreation (57 bytes)
Event: 15.701 Thread 0x00000252a06a3000 nmethod 2640 0x0000025289ea6810 code [0x0000025289ea6a00, 0x0000025289ea6e18]
Event: 15.701 Thread 0x00000252a06a3000 2641       3       java.util.StringJoiner::getChars (15 bytes)
Event: 15.701 Thread 0x00000252a06a3000 nmethod 2641 0x0000025289ea6f90 code [0x0000025289ea7160, 0x0000025289ea73a8]
Event: 15.703 Thread 0x00000252a06a3000 2643       3       java.lang.ClassValue$Entry::isPromise (14 bytes)
Event: 15.704 Thread 0x00000252a06a3000 nmethod 2643 0x0000025289ea7510 code [0x0000025289ea76c0, 0x0000025289ea7818]
Event: 15.704 Thread 0x00000252a06a3000 2642       1       java.lang.ClassValue$Version::promise (5 bytes)
Event: 15.704 Thread 0x00000252a06a3000 nmethod 2642 0x0000025290fae690 code [0x0000025290fae840, 0x0000025290fae8f8]
Event: 15.704 Thread 0x00000252a06a3000 2644       1       org.codehaus.groovy.util.ManagedConcurrentLinkedQueue::access$000 (5 bytes)
Event: 15.704 Thread 0x00000252a06a3000 nmethod 2644 0x0000025290fae990 code [0x0000025290faeb40, 0x0000025290faebd8]
Event: 15.704 Thread 0x00000252a06a3000 2645       1       org.codehaus.groovy.reflection.ClassInfo::access$200 (5 bytes)
Event: 15.704 Thread 0x00000252a06a3000 nmethod 2645 0x0000025290faec90 code [0x0000025290faee40, 0x0000025290faeed8]
Event: 15.707 Thread 0x00000252a06a3000 2646       3       java.util.HashMap::tableSizeFor (32 bytes)
Event: 15.707 Thread 0x00000252a06a3000 nmethod 2646 0x0000025289ea7890 code [0x0000025289ea7a60, 0x0000025289ea7c48]

GC Heap History (8 events):
Event: 6.319 GC heap before
{Heap before GC invocations=0 (full 0):
 garbage-first heap   total 131072K, used 29696K [0x0000000080000000, 0x0000000100000000)
  region size 1024K, 24 young (24576K), 0 survivors (0K)
 Metaspace       used 9870K, capacity 10114K, committed 10368K, reserved 1058816K
  class space    used 1029K, capacity 1102K, committed 1152K, reserved 1048576K
}
Event: 6.326 GC heap after
{Heap after GC invocations=1 (full 0):
 garbage-first heap   total 131072K, used 9391K [0x0000000080000000, 0x0000000100000000)
  region size 1024K, 3 young (3072K), 3 survivors (3072K)
 Metaspace       used 9870K, capacity 10114K, committed 10368K, reserved 1058816K
  class space    used 1029K, capacity 1102K, committed 1152K, reserved 1048576K
}
Event: 14.063 GC heap before
{Heap before GC invocations=1 (full 0):
 garbage-first heap   total 131072K, used 84143K [0x0000000080000000, 0x0000000100000000)
  region size 1024K, 76 young (77824K), 3 survivors (3072K)
 Metaspace       used 17648K, capacity 18055K, committed 18176K, reserved 1064960K
  class space    used 2093K, capacity 2219K, committed 2304K, reserved 1048576K
}
Event: 14.071 GC heap after
{Heap after GC invocations=2 (full 0):
 garbage-first heap   total 131072K, used 16376K [0x0000000080000000, 0x0000000100000000)
  region size 1024K, 10 young (10240K), 10 survivors (10240K)
 Metaspace       used 17648K, capacity 18055K, committed 18176K, reserved 1064960K
  class space    used 2093K, capacity 2219K, committed 2304K, reserved 1048576K
}
Event: 14.319 GC heap before
{Heap before GC invocations=2 (full 0):
 garbage-first heap   total 131072K, used 40952K [0x0000000080000000, 0x0000000100000000)
  region size 1024K, 35 young (35840K), 10 survivors (10240K)
 Metaspace       used 20657K, capacity 21081K, committed 21248K, reserved 1067008K
  class space    used 2538K, capacity 2695K, committed 2816K, reserved 1048576K
}
Event: 14.328 GC heap after
{Heap after GC invocations=3 (full 0):
 garbage-first heap   total 131072K, used 17167K [0x0000000080000000, 0x0000000100000000)
  region size 1024K, 1 young (1024K), 1 survivors (1024K)
 Metaspace       used 20657K, capacity 21081K, committed 21248K, reserved 1067008K
  class space    used 2538K, capacity 2695K, committed 2816K, reserved 1048576K
}
Event: 14.935 GC heap before
{Heap before GC invocations=4 (full 0):
 garbage-first heap   total 131072K, used 69391K [0x0000000080000000, 0x0000000100000000)
  region size 1024K, 53 young (54272K), 1 survivors (1024K)
 Metaspace       used 26081K, capacity 26630K, committed 26752K, reserved 1073152K
  class space    used 3408K, capacity 3615K, committed 3712K, reserved 1048576K
}
Event: 14.938 GC heap after
{Heap after GC invocations=5 (full 0):
 garbage-first heap   total 131072K, used 19123K [0x0000000080000000, 0x0000000100000000)
  region size 1024K, 3 young (3072K), 3 survivors (3072K)
 Metaspace       used 26081K, capacity 26630K, committed 26752K, reserved 1073152K
  class space    used 3408K, capacity 3615K, committed 3712K, reserved 1048576K
}

Deoptimization events (20 events):
Event: 14.900 Thread 0x00000252a2320000 Uncommon trap: trap_request=0xffffffde fr.pc=0x0000025290f6bcdc relative=0x000000000000031c
Event: 14.900 Thread 0x00000252a2320000 Uncommon trap: reason=class_check action=maybe_recompile pc=0x0000025290f6bcdc method=java.util.Collections$SetFromMap.remove(Ljava/lang/Object;)Z @ 5 c2
Event: 14.900 Thread 0x00000252a2320000 DEOPT PACKING pc=0x0000025290f6bcdc sp=0x0000006a44efc350
Event: 14.900 Thread 0x00000252a2320000 DEOPT UNPACKING pc=0x00000252893b662f sp=0x0000006a44efc338 mode 2
Event: 14.901 Thread 0x00000252a2320000 Uncommon trap: trap_request=0xffffffde fr.pc=0x0000025290f6bcdc relative=0x000000000000031c
Event: 14.901 Thread 0x00000252a2320000 Uncommon trap: reason=class_check action=maybe_recompile pc=0x0000025290f6bcdc method=java.util.Collections$SetFromMap.remove(Ljava/lang/Object;)Z @ 5 c2
Event: 14.901 Thread 0x00000252a2320000 DEOPT PACKING pc=0x0000025290f6bcdc sp=0x0000006a44efc2e0
Event: 14.901 Thread 0x00000252a2320000 DEOPT UNPACKING pc=0x00000252893b662f sp=0x0000006a44efc2c8 mode 2
Event: 15.087 Thread 0x00000252a2320000 Uncommon trap: trap_request=0xffffff4d fr.pc=0x0000025290f393cc relative=0x000000000000020c
Event: 15.087 Thread 0x00000252a2320000 Uncommon trap: reason=unstable_if action=reinterpret pc=0x0000025290f393cc method=java.util.HashMap.hash(Ljava/lang/Object;)I @ 1 c2
Event: 15.087 Thread 0x00000252a2320000 DEOPT PACKING pc=0x0000025290f393cc sp=0x0000006a44ef8bb0
Event: 15.087 Thread 0x00000252a2320000 DEOPT UNPACKING pc=0x00000252893b662f sp=0x0000006a44ef8ae8 mode 2
Event: 15.087 Thread 0x00000252a2320000 Uncommon trap: trap_request=0xffffff4d fr.pc=0x0000025290f3722c relative=0x000000000000008c
Event: 15.087 Thread 0x00000252a2320000 Uncommon trap: reason=unstable_if action=reinterpret pc=0x0000025290f3722c method=java.util.HashMap.hash(Ljava/lang/Object;)I @ 1 c2
Event: 15.087 Thread 0x00000252a2320000 DEOPT PACKING pc=0x0000025290f3722c sp=0x0000006a44ef8920
Event: 15.087 Thread 0x00000252a2320000 DEOPT UNPACKING pc=0x00000252893b662f sp=0x0000006a44ef88b8 mode 2
Event: 15.373 Thread 0x00000252a2320000 Uncommon trap: trap_request=0xffffff4d fr.pc=0x0000025290f37db0 relative=0x0000000000000230
Event: 15.373 Thread 0x00000252a2320000 Uncommon trap: reason=unstable_if action=reinterpret pc=0x0000025290f37db0 method=java.util.HashMap.putVal(ILjava/lang/Object;Ljava/lang/Object;ZZ)Ljava/lang/Object; @ 162 c2
Event: 15.374 Thread 0x00000252a2320000 DEOPT PACKING pc=0x0000025290f37db0 sp=0x0000006a44efa750
Event: 15.374 Thread 0x00000252a2320000 DEOPT UNPACKING pc=0x00000252893b662f sp=0x0000006a44efa660 mode 2

Classes redefined (0 events):
No events

Internal exceptions (20 events):
Event: 14.895 Thread 0x00000252a2320000 Exception <a 'java/lang/NoSuchMethodError'{0x0000000084f6c1f0}: 'void java.lang.invoke.DirectMethodHandle$Holder.invokeStatic(java.lang.Object, java.lang.Object, java.lang.Object, java.lang.Object)'> (0x0000000084f6c1f0) thrown at [./src/hotspot/share/interpreter/linkResolver.cpp, line 773]
Event: 14.897 Thread 0x00000252a2320000 Exception <a 'java/lang/NoSuchMethodError'{0x0000000084fac608}: 'int java.lang.invoke.DirectMethodHandle$Holder.invokeInterface(java.lang.Object, java.lang.Object)'> (0x0000000084fac608) thrown at [./src/hotspot/share/interpreter/linkResolver.cpp, line 773]
Event: 14.986 Thread 0x00000252a2320000 Exception <a 'java/lang/NoSuchMethodError'{0x0000000087936cc8}: 'java.lang.Object java.lang.invoke.DirectMethodHandle$Holder.invokeSpecialIFC(java.lang.Object, java.lang.Object, java.lang.Object, java.lang.Object)'> (0x0000000087936cc8) thrown at [./src/hotspot/share/interpreter/linkResolver.cpp, line 773]
Event: 14.993 Thread 0x00000252a2320000 Exception <a 'java/lang/NoSuchMethodError'{0x0000000087819c68}: 'java.lang.Object java.lang.invoke.DirectMethodHandle$Holder.invokeSpecial(java.lang.Object, java.lang.Object, java.lang.Object, java.lang.Object, java.lang.Object, java.lang.Object, java.lang.Object, java.lang.Object, java.lang.Object, java.lang.Object, java.lang.Object, java.lang.Object, java.lang.Object)'> (0x0000000087819c68) thrown at [./src/hotspot/share/interpreter/linkResolver.cpp, line 773]
Event: 14.993 Thread 0x00000252a2320000 Exception <a 'java/lang/NoSuchMethodError'{0x000000008782aac8}: 'java.lang.Object java.lang.invoke.DirectMethodHandle$Holder.invokeSpecial(java.lang.Object, java.lang.Object, java.lang.Object, java.lang.Object, java.lang.Object, java.lang.Object, java.lang.Object, java.lang.Object, java.lang.Object, java.lang.Object, java.lang.Object, java.lang.Object)'> (0x000000008782aac8) thrown at [./src/hotspot/share/interpreter/linkResolver.cpp, line 773]
Event: 14.994 Thread 0x00000252a2320000 Exception <a 'java/lang/NoSuchMethodError'{0x000000008782fbf0}: 'java.lang.Object java.lang.invoke.Invokers$Holder.linkToTargetMethod(java.lang.Object, java.lang.Object, java.lang.Object, java.lang.Object, java.lang.Object, java.lang.Object, java.lang.Object, java.lang.Object, java.lang.Object, java.lang.Object, java.lang.Object)'> (0x000000008782fbf0) thrown at [./src/hotspot/share/interpreter/linkResolver.cpp, line 773]
Event: 15.003 Thread 0x00000252a2320000 Exception <a 'java/lang/NoSuchMethodError'{0x00000000877800b8}: 'java.lang.Object java.lang.invoke.DirectMethodHandle$Holder.invokeSpecial(java.lang.Object, java.lang.Object, java.lang.Object, java.lang.Object, java.lang.Object, java.lang.Object, java.lang.Object, java.lang.Object, java.lang.Object, java.lang.Object, java.lang.Object, java.lang.Object, java.lang.Object, java.lang.Object)'> (0x00000000877800b8) thrown at [./src/hotspot/share/interpreter/linkResolver.cpp, line 773]
Event: 15.003 Thread 0x00000252a2320000 Exception <a 'java/lang/NoSuchMethodError'{0x0000000087791a10}: 'java.lang.Object java.lang.invoke.Invokers$Holder.linkToTargetMethod(java.lang.Object, java.lang.Object, java.lang.Object, java.lang.Object, java.lang.Object, java.lang.Object, java.lang.Object, java.lang.Object, java.lang.Object, java.lang.Object, java.lang.Object, java.lang.Object)'> (0x0000000087791a10) thrown at [./src/hotspot/share/interpreter/linkResolver.cpp, line 773]
Event: 15.008 Thread 0x00000252a2320000 Exception <a 'java/lang/NoSuchMethodError'{0x0000000087626bf0}: 'java.lang.Object java.lang.invoke.DirectMethodHandle$Holder.invokeStaticInit(java.lang.Object, java.lang.Object, java.lang.Object, java.lang.Object)'> (0x0000000087626bf0) thrown at [./src/hotspot/share/interpreter/linkResolver.cpp, line 773]
Event: 15.087 Thread 0x00000252a2320000 Implicit null exception at 0x0000025290f391f5 to 0x0000025290f393bc
Event: 15.087 Thread 0x00000252a2320000 Implicit null exception at 0x0000025290f371af to 0x0000025290f3721d
Event: 15.212 Thread 0x00000252a2320000 Exception <a 'java/lang/NoSuchMethodError'{0x00000000865bbc20}: 'java.lang.Object java.lang.invoke.Invokers$Holder.linkToTargetMethod(java.lang.Object, java.lang.Object, java.lang.Object, java.lang.Object, java.lang.Object, java.lang.Object, java.lang.Object, java.lang.Object)'> (0x00000000865bbc20) thrown at [./src/hotspot/share/interpreter/linkResolver.cpp, line 773]
Event: 15.217 Thread 0x00000252a2320000 Exception <a 'java/lang/NoSuchMethodError'{0x00000000865f0950}: 'java.lang.Object java.lang.invoke.DirectMethodHandle$Holder.invokeVirtual(java.lang.Object, java.lang.Object, java.lang.Object)'> (0x00000000865f0950) thrown at [./src/hotspot/share/interpreter/linkResolver.cpp, line 773]
Event: 15.230 Thread 0x00000252a2320000 Exception <a 'java/lang/NoSuchMethodError'{0x00000000864cbf48}: 'java.lang.Object java.lang.invoke.Invokers$Holder.linkToTargetMethod(java.lang.Object, java.lang.Object, java.lang.Object, java.lang.Object, java.lang.Object, java.lang.Object, java.lang.Object)'> (0x00000000864cbf48) thrown at [./src/hotspot/share/interpreter/linkResolver.cpp, line 773]
Event: 15.233 Thread 0x00000252a2320000 Exception <a 'java/lang/IncompatibleClassChangeError'{0x000000008630c830}: Found class java.lang.Object, but interface was expected> (0x000000008630c830) thrown at [./src/hotspot/share/interpreter/linkResolver.cpp, line 839]
Event: 15.271 Thread 0x00000252a2320000 Exception <a 'java/lang/NoSuchMethodError'{0x00000000860b5340}: 'int java.lang.invoke.DirectMethodHandle$Holder.invokeVirtual(java.lang.Object, java.lang.Object)'> (0x00000000860b5340) thrown at [./src/hotspot/share/interpreter/linkResolver.cpp, line 773]
Event: 15.618 Thread 0x00000252a2320000 Exception <a 'java/lang/NoSuchMethodError'{0x0000000084f02d68}: 'void java.lang.invoke.DirectMethodHandle$Holder.invokeStaticInit(java.lang.Object, java.lang.Object, java.lang.Object)'> (0x0000000084f02d68) thrown at [./src/hotspot/share/interpreter/linkResolver.cpp, line 773]
Event: 15.618 Thread 0x00000252a2320000 Exception <a 'java/lang/NoSuchMethodError'{0x0000000084f09b40}: 'void java.lang.invoke.DirectMethodHandle$Holder.invokeStaticInit(java.lang.Object, java.lang.Object, java.lang.Object, java.lang.Object)'> (0x0000000084f09b40) thrown at [./src/hotspot/share/interpreter/linkResolver.cpp, line 773]
Event: 15.621 Thread 0x00000252a2320000 Exception <a 'java/lang/NoSuchMethodError'{0x0000000084f2c198}: 'void java.lang.invoke.DirectMethodHandle$Holder.invokeStaticInit(java.lang.Object, java.lang.Object, java.lang.Object, java.lang.Object, java.lang.Object)'> (0x0000000084f2c198) thrown at [./src/hotspot/share/interpreter/linkResolver.cpp, line 773]
Event: 15.648 Thread 0x00000252a2320000 Exception <a 'java/lang/NoSuchMethodError'{0x0000000084f8ea70}: 'int java.lang.invoke.DirectMethodHandle$Holder.invokeStaticInit(java.lang.Object, java.lang.Object, java.lang.Object, java.lang.Object)'> (0x0000000084f8ea70) thrown at [./src/hotspot/share/interpreter/linkResolver.cpp, line 773]

Events (20 events):
Event: 15.710 loading class org/codehaus/groovy/runtime/m12n/SimpleExtensionModule done
Event: 15.711 loading class java/lang/UnsupportedClassVersionError
Event: 15.711 loading class java/lang/UnsupportedClassVersionError done
Event: 15.711 loading class org/apache/groovy/datetime/extensions/DateTimeExtensions
Event: 15.711 loading class org/apache/groovy/datetime/extensions/DateTimeExtensions done
Event: 15.713 loading class org/apache/groovy/datetime/extensions/DateTimeStaticExtensions
Event: 15.713 loading class org/apache/groovy/datetime/extensions/DateTimeStaticExtensions done
Event: 15.714 loading class java/time/temporal/TemporalField
Event: 15.714 loading class java/time/temporal/TemporalField done
Event: 15.714 loading class java/time/temporal/Temporal
Event: 15.714 loading class java/time/temporal/TemporalAccessor
Event: 15.714 loading class java/time/temporal/TemporalAccessor done
Event: 15.714 loading class java/time/temporal/Temporal done
Event: 15.714 loading class java/time/chrono/ChronoPeriod
Event: 15.714 loading class java/time/chrono/ChronoPeriod done
Event: 15.715 loading class java/time/OffsetTime
Event: 15.737 loading class java/time/temporal/TemporalAdjuster
Event: 15.737 loading class java/time/temporal/TemporalAdjuster done
Event: 15.737 loading class java/time/OffsetTime done
Event: 15.737 loading class java/time/ZonedDateTime


Dynamic libraries:
0x00007ff7b09f0000 - 0x00007ff7b09fa000 	D:\Android\jre\bin\java.exe
0x00007ff958a40000 - 0x00007ff958c49000 	C:\WINDOWS\SYSTEM32\ntdll.dll
0x00007ff93bc60000 - 0x00007ff93bc76000 	C:\Program Files\AVAST Software\Avast\aswhook.dll
0x00007ff956b20000 - 0x00007ff956bdd000 	C:\WINDOWS\System32\KERNEL32.DLL
0x00007ff956250000 - 0x00007ff9565c4000 	C:\WINDOWS\System32\KERNELBASE.dll
0x00007ff9567c0000 - 0x00007ff9568d1000 	C:\WINDOWS\System32\ucrtbase.dll
0x00007ff93fab0000 - 0x00007ff93fac9000 	D:\Android\jre\bin\jli.dll
0x00007ff957680000 - 0x00007ff95782c000 	C:\WINDOWS\System32\USER32.dll
0x00007ff955f30000 - 0x00007ff955f56000 	C:\WINDOWS\System32\win32u.dll
0x00007ff9568e0000 - 0x00007ff956909000 	C:\WINDOWS\System32\GDI32.dll
0x00007ff956020000 - 0x00007ff956132000 	C:\WINDOWS\System32\gdi32full.dll
0x00007ff956140000 - 0x00007ff9561dd000 	C:\WINDOWS\System32\msvcp_win.dll
0x00007ff93fd70000 - 0x00007ff940015000 	C:\WINDOWS\WinSxS\amd64_microsoft.windows.common-controls_6595b64144ccf1df_6.0.22000.120_none_9d947278b86cc467\COMCTL32.dll
0x00007ff957160000 - 0x00007ff957203000 	C:\WINDOWS\System32\msvcrt.dll
0x00007ff93f940000 - 0x00007ff93f957000 	D:\Android\jre\bin\VCRUNTIME140.dll
0x00007ff958070000 - 0x00007ff9580a1000 	C:\WINDOWS\System32\IMM32.DLL
0x00007ff91d7b0000 - 0x00007ff91d84d000 	D:\Android\jre\bin\msvcp140.dll
0x00007ff8f2260000 - 0x00007ff8f2d35000 	D:\Android\jre\bin\server\jvm.dll
0x00007ff9570b0000 - 0x00007ff95715e000 	C:\WINDOWS\System32\ADVAPI32.dll
0x00007ff9579f0000 - 0x00007ff957a8e000 	C:\WINDOWS\System32\sechost.dll
0x00007ff956a00000 - 0x00007ff956b20000 	C:\WINDOWS\System32\RPCRT4.dll
0x00007ff956c40000 - 0x00007ff956c48000 	C:\WINDOWS\System32\PSAPI.DLL
0x00007ff950e20000 - 0x00007ff950e53000 	C:\WINDOWS\SYSTEM32\WINMM.dll
0x00007ff93b580000 - 0x00007ff93b589000 	C:\WINDOWS\SYSTEM32\WSOCK32.dll
0x00007ff94f9d0000 - 0x00007ff94f9da000 	C:\WINDOWS\SYSTEM32\VERSION.dll
0x00007ff956e70000 - 0x00007ff956edf000 	C:\WINDOWS\System32\WS2_32.dll
0x00007ff9550e0000 - 0x00007ff9550f8000 	C:\WINDOWS\SYSTEM32\kernel.appcore.dll
0x00007ff9511b0000 - 0x00007ff9511c1000 	D:\Android\jre\bin\verify.dll
0x00007ff953b20000 - 0x00007ff953d41000 	C:\WINDOWS\SYSTEM32\DBGHELP.DLL
0x00007ff94db50000 - 0x00007ff94db81000 	C:\WINDOWS\SYSTEM32\dbgcore.DLL
0x00007ff9565d0000 - 0x00007ff95664f000 	C:\WINDOWS\System32\bcryptPrimitives.dll
0x00007ff9441f0000 - 0x00007ff944219000 	D:\Android\jre\bin\java.dll
0x00007ff951b80000 - 0x00007ff951b8b000 	D:\Android\jre\bin\jimage.dll
0x00007ff94cd10000 - 0x00007ff94cd28000 	D:\Android\jre\bin\zip.dll
0x00007ff9580b0000 - 0x00007ff95885e000 	C:\WINDOWS\System32\SHELL32.dll
0x00007ff954070000 - 0x00007ff9548d7000 	C:\WINDOWS\SYSTEM32\windows.storage.dll
0x00007ff957210000 - 0x00007ff957588000 	C:\WINDOWS\System32\combase.dll
0x00007ff953f00000 - 0x00007ff954066000 	C:\WINDOWS\SYSTEM32\wintypes.dll
0x00007ff957590000 - 0x00007ff95767a000 	C:\WINDOWS\System32\SHCORE.dll
0x00007ff956de0000 - 0x00007ff956e3d000 	C:\WINDOWS\System32\shlwapi.dll
0x00007ff955e60000 - 0x00007ff955e81000 	C:\WINDOWS\SYSTEM32\profapi.dll
0x00007ff942c80000 - 0x00007ff942c9a000 	D:\Android\jre\bin\net.dll
0x00007ff950fe0000 - 0x00007ff9510ec000 	C:\WINDOWS\SYSTEM32\WINHTTP.dll
0x00007ff955510000 - 0x00007ff955577000 	C:\WINDOWS\system32\mswsock.dll
0x00007ff942610000 - 0x00007ff942624000 	D:\Android\jre\bin\nio.dll
0x00007ff935790000 - 0x00007ff9357b7000 	C:\Users\ASUS\.gradle\native\e1d6ef7f7dcc3fd88c89a11ec53ec762bb8ba0a96d01ffa2cd45eb1d1d8dd5c5\windows-amd64\native-platform.dll
0x00007ff919770000 - 0x00007ff9198b4000 	C:\Users\ASUS\.gradle\native\5664cfc778a61ccfe75a443a1ab52a65af34e5dc3c78e0209fed803814484fcb\windows-amd64\native-platform-file-events.dll
0x00007ff951b50000 - 0x00007ff951b5a000 	D:\Android\jre\bin\management.dll
0x00007ff9511a0000 - 0x00007ff9511ad000 	D:\Android\jre\bin\management_ext.dll
0x00007ff9557a0000 - 0x00007ff9557b8000 	C:\WINDOWS\SYSTEM32\CRYPTSP.dll
0x00007ff955040000 - 0x00007ff955075000 	C:\WINDOWS\system32\rsaenh.dll
0x00007ff955640000 - 0x00007ff955669000 	C:\WINDOWS\SYSTEM32\USERENV.dll
0x00007ff955910000 - 0x00007ff955937000 	C:\WINDOWS\SYSTEM32\bcrypt.dll
0x00007ff955790000 - 0x00007ff95579c000 	C:\WINDOWS\SYSTEM32\CRYPTBASE.dll
0x00007ff954c10000 - 0x00007ff954c3d000 	C:\WINDOWS\SYSTEM32\IPHLPAPI.DLL
0x00007ff956e60000 - 0x00007ff956e69000 	C:\WINDOWS\System32\NSI.dll
0x00007ff9512e0000 - 0x00007ff9512f9000 	C:\WINDOWS\SYSTEM32\dhcpcsvc6.DLL
0x00007ff9515d0000 - 0x00007ff9515ee000 	C:\WINDOWS\SYSTEM32\dhcpcsvc.DLL
0x00007ff954c40000 - 0x00007ff954d27000 	C:\WINDOWS\SYSTEM32\DNSAPI.dll

dbghelp: loaded successfully - version: 4.0.5 - missing functions: none
symbol engine: initialized successfully - sym options: 0x614 - pdb path: .;D:\Android\jre\bin;C:\WINDOWS\SYSTEM32;C:\Program Files\AVAST Software\Avast;C:\WINDOWS\WinSxS\amd64_microsoft.windows.common-controls_6595b64144ccf1df_6.0.22000.120_none_9d947278b86cc467;D:\Android\jre\bin\server;C:\Users\ASUS\.gradle\native\e1d6ef7f7dcc3fd88c89a11ec53ec762bb8ba0a96d01ffa2cd45eb1d1d8dd5c5\windows-amd64;C:\Users\ASUS\.gradle\native\5664cfc778a61ccfe75a443a1ab52a65af34e5dc3c78e0209fed803814484fcb\windows-amd64

VM Arguments:
jvm_args: --add-opens=java.base/java.util=ALL-UNNAMED --add-opens=java.base/java.lang=ALL-UNNAMED --add-opens=java.base/java.lang.invoke=ALL-UNNAMED --add-opens=java.base/java.util=ALL-UNNAMED --add-opens=java.prefs/java.util.prefs=ALL-UNNAMED --add-opens=java.prefs/java.util.prefs=ALL-UNNAMED --add-opens=java.base/java.nio.charset=ALL-UNNAMED --add-opens=java.base/java.net=ALL-UNNAMED --add-opens=java.base/java.util.concurrent.atomic=ALL-UNNAMED -Xmx2048m -Dfile.encoding=UTF-8 -Duser.country=US -Duser.language=en -Duser.variant 
java_command: org.gradle.launcher.daemon.bootstrap.GradleDaemon 7.2
java_class_path (initial): C:\Users\ASUS\.gradle\wrapper\dists\gradle-7.2-bin\2dnblmf4td7x66yl1d74lt32g\gradle-7.2\lib\gradle-launcher-7.2.jar
Launcher Type: SUN_STANDARD

[Global flags]
     intx CICompilerCount                          = 4                                         {product} {ergonomic}
     uint ConcGCThreads                            = 2                                         {product} {ergonomic}
     uint G1ConcRefinementThreads                  = 8                                         {product} {ergonomic}
   size_t G1HeapRegionSize                         = 1048576                                   {product} {ergonomic}
    uintx GCDrainStackTargetSize                   = 64                                        {product} {ergonomic}
   size_t InitialHeapSize                          = 134217728                                 {product} {ergonomic}
   size_t MarkStackSize                            = 4194304                                   {product} {ergonomic}
   size_t MaxHeapSize                              = 2147483648                                {product} {command line}
   size_t MaxNewSize                               = 1287651328                                {product} {ergonomic}
   size_t MinHeapDeltaBytes                        = 1048576                                   {product} {ergonomic}
    uintx NonNMethodCodeHeapSize                   = 5836300                                {pd product} {ergonomic}
    uintx NonProfiledCodeHeapSize                  = 122910970                              {pd product} {ergonomic}
    uintx ProfiledCodeHeapSize                     = 122910970                              {pd product} {ergonomic}
    uintx ReservedCodeCacheSize                    = 251658240                              {pd product} {ergonomic}
     bool SegmentedCodeCache                       = true                                      {product} {ergonomic}
     bool UseCompressedClassPointers               = true                                 {lp64_product} {ergonomic}
     bool UseCompressedOops                        = true                                 {lp64_product} {ergonomic}
     bool UseG1GC                                  = true                                      {product} {ergonomic}
     bool UseLargePagesIndividualAllocation        = false                                  {pd product} {ergonomic}

Logging:
Log output configuration:
 #0: stdout all=warning uptime,level,tags
 #1: stderr all=off uptime,level,tags

Environment Variables:
JAVA_HOME=C:\Program Files\Java\jdk-17.0.1
PATH=C:\Program Files\Common Files\Oracle\Java\javapath;"C:\Program Files (x86)\Common Files\Oracle\Java\javapath;C:\Program Files\Java\jdk-10.0.2\bin";C:\WINDOWS\system32;C:\WINDOWS;C:\WINDOWS\System32\Wbem;C:\WINDOWS\System32\WindowsPowerShell\v1.0\;C:\WINDOWS\System32\OpenSSH\;C:\JAVA\BIN;C:\Program Files\Intel\WiFi\bin\;C:\Program Files\Common Files\Intel\WirelessCommon\;C:\Program Files\dotnet\;C:\Program Files\Java\jdk-17.0.1\bin;D:\MATLAB2019\bin;E:\Git\cmd;C:\Program Files\MySQL\MySQL Shell 8.0\bin\;C:\Users\ASUS\AppData\Local\Programs\Python\Python39\Scripts\;C:\Users\ASUS\AppData\Local\Programs\Python\Python39\;"C:\Users\ASUS\AppData\Local\Microsoft\WindowsApps;C:\Program Files\Java\jdk-10.0.2\bin";C:\Program Files\Java\jdk-10.0.2\bin;C:\Users\ASUS\AppData\Local\Microsoft\WindowsApps;C:\Program Files\JetBrains\PyCharm Community Edition 2020.1.2\bin;C:\Users\ASUS\AppData\Local\Programs\Microsoft VS Code\bin;C:\Program Files\CodeBlocks\MinGW\bin;%USERPROFILE%\AppData\Local\Microsoft\WindowsApps;;D:\iverilog\bin;D:\iverilog\gtkwave\bin
USERNAME=JAYATHILAKE
OS=Windows_NT
PROCESSOR_IDENTIFIER=Intel64 Family 6 Model 142 Stepping 10, GenuineIntel



---------------  S Y S T E M  ---------------

OS: Windows 10 , 64 bit Build 22000 (10.0.22000.434)
OS uptime: 2 days 19:04 hours
Hyper-V role detected

CPU:total 8 (initial active 8) (4 cores per cpu, 2 threads per core) family 6 model 142 stepping 10 microcode 0xe0, cmov, cx8, fxsr, mmx, sse, sse2, sse3, ssse3, sse4.1, sse4.2, popcnt, avx, avx2, aes, clmul, erms, 3dnowpref, lzcnt, ht, tsc, tscinvbit, bmi1, bmi2, adx, fma

Memory: 4k page, system-wide physical 8073M (396M free)
TotalPageFile size 12073M (AvailPageFile size 5M)
current process WorkingSet (physical memory assigned to process): 247M, peak: 247M
current process commit charge ("private bytes"): 316M, peak: 317M

vm_info: OpenJDK 64-Bit Server VM (11.0.11+9-b60-7590822) for windows-amd64 JRE (11.0.11+9-b60-7590822), built on Jul 29 2021 21:43:44 by "builder" with MS VC++ 14.0 (VS2015)

END.
